[1] "beta_1: 0 contamination_level: 0.4 ctam_sigma: 0 ctam_mu: -1 n: 200 cook_cutoff: 4"
[1] "beta_1: 0 contamination_level: 0.4 ctam_sigma: 0 ctam_mu: -0.5 n: 200 cook_cutoff: 4"
[1] "beta_1: 0 contamination_level: 0.4 ctam_sigma: 0 ctam_mu: 0 n: 200 cook_cutoff: 4"
[1] "beta_1: 0 contamination_level: 0.4 ctam_sigma: 0 ctam_mu: 0.5 n: 200 cook_cutoff: 4"
[1] "beta_1: 0 contamination_level: 0.4 ctam_sigma: 0 ctam_mu: 1 n: 200 cook_cutoff: 4"
[1] "beta_1: 0 contamination_level: 0.4 ctam_sigma: 0.1 ctam_mu: -1 n: 200 cook_cutoff: 4"
[1] "beta_1: 0 contamination_level: 0.4 ctam_sigma: 0.1 ctam_mu: -0.5 n: 200 cook_cutoff: 4"
[1] "beta_1: 0 contamination_level: 0.4 ctam_sigma: 0.1 ctam_mu: 0 n: 200 cook_cutoff: 4"
[1] "beta_1: 0 contamination_level: 0.4 ctam_sigma: 0.1 ctam_mu: 0.5 n: 200 cook_cutoff: 4"
[1] "beta_1: 0 contamination_level: 0.4 ctam_sigma: 0.1 ctam_mu: 1 n: 200 cook_cutoff: 4"
[1] "beta_1: 0 contamination_level: 0.4 ctam_sigma: 0.2 ctam_mu: -1 n: 200 cook_cutoff: 4"
[1] "beta_1: 0 contamination_level: 0.4 ctam_sigma: 0.2 ctam_mu: -0.5 n: 200 cook_cutoff: 4"
[1] "beta_1: 0 contamination_level: 0.4 ctam_sigma: 0.2 ctam_mu: 0 n: 200 cook_cutoff: 4"
[1] "beta_1: 0 contamination_level: 0.4 ctam_sigma: 0.2 ctam_mu: 0.5 n: 200 cook_cutoff: 4"
[1] "beta_1: 0 contamination_level: 0.4 ctam_sigma: 0.2 ctam_mu: 1 n: 200 cook_cutoff: 4"
[1] "beta_1: 0 contamination_level: 0.4 ctam_sigma: 0.5 ctam_mu: -1 n: 200 cook_cutoff: 4"
[1] "beta_1: 0 contamination_level: 0.4 ctam_sigma: 0.5 ctam_mu: -0.5 n: 200 cook_cutoff: 4"
[1] "beta_1: 0 contamination_level: 0.4 ctam_sigma: 0.5 ctam_mu: 0 n: 200 cook_cutoff: 4"
[1] "beta_1: 0 contamination_level: 0.4 ctam_sigma: 0.5 ctam_mu: 0.5 n: 200 cook_cutoff: 4"
[1] "beta_1: 0 contamination_level: 0.4 ctam_sigma: 0.5 ctam_mu: 1 n: 200 cook_cutoff: 4"
[1] "beta_1: 0 contamination_level: 0.4 ctam_sigma: 1 ctam_mu: -1 n: 200 cook_cutoff: 4"
[1] "beta_1: 0 contamination_level: 0.4 ctam_sigma: 1 ctam_mu: -0.5 n: 200 cook_cutoff: 4"
[1] "beta_1: 0 contamination_level: 0.4 ctam_sigma: 1 ctam_mu: 0 n: 200 cook_cutoff: 4"
[1] "beta_1: 0 contamination_level: 0.4 ctam_sigma: 1 ctam_mu: 0.5 n: 200 cook_cutoff: 4"
[1] "beta_1: 0 contamination_level: 0.4 ctam_sigma: 1 ctam_mu: 1 n: 200 cook_cutoff: 4"
[1] "beta_1: 0 contamination_level: 0.4 ctam_sigma: 2 ctam_mu: -1 n: 200 cook_cutoff: 4"
[1] "beta_1: 0 contamination_level: 0.4 ctam_sigma: 2 ctam_mu: -0.5 n: 200 cook_cutoff: 4"
[1] "beta_1: 0 contamination_level: 0.4 ctam_sigma: 2 ctam_mu: 0 n: 200 cook_cutoff: 4"
[1] "beta_1: 0 contamination_level: 0.4 ctam_sigma: 2 ctam_mu: 0.5 n: 200 cook_cutoff: 4"
[1] "beta_1: 0 contamination_level: 0.4 ctam_sigma: 2 ctam_mu: 1 n: 200 cook_cutoff: 4"
[1] "beta_1: 0.1 contamination_level: 0.4 ctam_sigma: 0 ctam_mu: -1 n: 200 cook_cutoff: 4"
[1] "beta_1: 0.1 contamination_level: 0.4 ctam_sigma: 0 ctam_mu: -0.5 n: 200 cook_cutoff: 4"
[1] "beta_1: 0.1 contamination_level: 0.4 ctam_sigma: 0 ctam_mu: 0 n: 200 cook_cutoff: 4"
[1] "beta_1: 0.1 contamination_level: 0.4 ctam_sigma: 0 ctam_mu: 0.5 n: 200 cook_cutoff: 4"
[1] "beta_1: 0.1 contamination_level: 0.4 ctam_sigma: 0 ctam_mu: 1 n: 200 cook_cutoff: 4"
[1] "beta_1: 0.1 contamination_level: 0.4 ctam_sigma: 0.1 ctam_mu: -1 n: 200 cook_cutoff: 4"
[1] "beta_1: 0.1 contamination_level: 0.4 ctam_sigma: 0.1 ctam_mu: -0.5 n: 200 cook_cutoff: 4"
[1] "beta_1: 0.1 contamination_level: 0.4 ctam_sigma: 0.1 ctam_mu: 0 n: 200 cook_cutoff: 4"
[1] "beta_1: 0.1 contamination_level: 0.4 ctam_sigma: 0.1 ctam_mu: 0.5 n: 200 cook_cutoff: 4"
[1] "beta_1: 0.1 contamination_level: 0.4 ctam_sigma: 0.1 ctam_mu: 1 n: 200 cook_cutoff: 4"
[1] "beta_1: 0.1 contamination_level: 0.4 ctam_sigma: 0.2 ctam_mu: -1 n: 200 cook_cutoff: 4"
[1] "beta_1: 0.1 contamination_level: 0.4 ctam_sigma: 0.2 ctam_mu: -0.5 n: 200 cook_cutoff: 4"
[1] "beta_1: 0.1 contamination_level: 0.4 ctam_sigma: 0.2 ctam_mu: 0 n: 200 cook_cutoff: 4"
[1] "beta_1: 0.1 contamination_level: 0.4 ctam_sigma: 0.2 ctam_mu: 0.5 n: 200 cook_cutoff: 4"
[1] "beta_1: 0.1 contamination_level: 0.4 ctam_sigma: 0.2 ctam_mu: 1 n: 200 cook_cutoff: 4"
[1] "beta_1: 0.1 contamination_level: 0.4 ctam_sigma: 0.5 ctam_mu: -1 n: 200 cook_cutoff: 4"
[1] "beta_1: 0.1 contamination_level: 0.4 ctam_sigma: 0.5 ctam_mu: -0.5 n: 200 cook_cutoff: 4"
[1] "beta_1: 0.1 contamination_level: 0.4 ctam_sigma: 0.5 ctam_mu: 0 n: 200 cook_cutoff: 4"
[1] "beta_1: 0.1 contamination_level: 0.4 ctam_sigma: 0.5 ctam_mu: 0.5 n: 200 cook_cutoff: 4"
[1] "beta_1: 0.1 contamination_level: 0.4 ctam_sigma: 0.5 ctam_mu: 1 n: 200 cook_cutoff: 4"
[1] "beta_1: 0.1 contamination_level: 0.4 ctam_sigma: 1 ctam_mu: -1 n: 200 cook_cutoff: 4"
[1] "beta_1: 0.1 contamination_level: 0.4 ctam_sigma: 1 ctam_mu: -0.5 n: 200 cook_cutoff: 4"
[1] "beta_1: 0.1 contamination_level: 0.4 ctam_sigma: 1 ctam_mu: 0 n: 200 cook_cutoff: 4"
[1] "beta_1: 0.1 contamination_level: 0.4 ctam_sigma: 1 ctam_mu: 0.5 n: 200 cook_cutoff: 4"
[1] "beta_1: 0.1 contamination_level: 0.4 ctam_sigma: 1 ctam_mu: 1 n: 200 cook_cutoff: 4"
[1] "beta_1: 0.1 contamination_level: 0.4 ctam_sigma: 2 ctam_mu: -1 n: 200 cook_cutoff: 4"
[1] "beta_1: 0.1 contamination_level: 0.4 ctam_sigma: 2 ctam_mu: -0.5 n: 200 cook_cutoff: 4"
[1] "beta_1: 0.1 contamination_level: 0.4 ctam_sigma: 2 ctam_mu: 0 n: 200 cook_cutoff: 4"
[1] "beta_1: 0.1 contamination_level: 0.4 ctam_sigma: 2 ctam_mu: 0.5 n: 200 cook_cutoff: 4"
[1] "beta_1: 0.1 contamination_level: 0.4 ctam_sigma: 2 ctam_mu: 1 n: 200 cook_cutoff: 4"
[1] "beta_1: 0.2 contamination_level: 0.4 ctam_sigma: 0 ctam_mu: -1 n: 200 cook_cutoff: 4"
[1] "beta_1: 0.2 contamination_level: 0.4 ctam_sigma: 0 ctam_mu: -0.5 n: 200 cook_cutoff: 4"
[1] "beta_1: 0.2 contamination_level: 0.4 ctam_sigma: 0 ctam_mu: 0 n: 200 cook_cutoff: 4"
[1] "beta_1: 0.2 contamination_level: 0.4 ctam_sigma: 0 ctam_mu: 0.5 n: 200 cook_cutoff: 4"
[1] "beta_1: 0.2 contamination_level: 0.4 ctam_sigma: 0 ctam_mu: 1 n: 200 cook_cutoff: 4"
[1] "beta_1: 0.2 contamination_level: 0.4 ctam_sigma: 0.1 ctam_mu: -1 n: 200 cook_cutoff: 4"
[1] "beta_1: 0.2 contamination_level: 0.4 ctam_sigma: 0.1 ctam_mu: -0.5 n: 200 cook_cutoff: 4"
[1] "beta_1: 0.2 contamination_level: 0.4 ctam_sigma: 0.1 ctam_mu: 0 n: 200 cook_cutoff: 4"
[1] "beta_1: 0.2 contamination_level: 0.4 ctam_sigma: 0.1 ctam_mu: 0.5 n: 200 cook_cutoff: 4"
[1] "beta_1: 0.2 contamination_level: 0.4 ctam_sigma: 0.1 ctam_mu: 1 n: 200 cook_cutoff: 4"
[1] "beta_1: 0.2 contamination_level: 0.4 ctam_sigma: 0.2 ctam_mu: -1 n: 200 cook_cutoff: 4"
[1] "beta_1: 0.2 contamination_level: 0.4 ctam_sigma: 0.2 ctam_mu: -0.5 n: 200 cook_cutoff: 4"
[1] "beta_1: 0.2 contamination_level: 0.4 ctam_sigma: 0.2 ctam_mu: 0 n: 200 cook_cutoff: 4"
[1] "beta_1: 0.2 contamination_level: 0.4 ctam_sigma: 0.2 ctam_mu: 0.5 n: 200 cook_cutoff: 4"
[1] "beta_1: 0.2 contamination_level: 0.4 ctam_sigma: 0.2 ctam_mu: 1 n: 200 cook_cutoff: 4"
[1] "beta_1: 0.2 contamination_level: 0.4 ctam_sigma: 0.5 ctam_mu: -1 n: 200 cook_cutoff: 4"
[1] "beta_1: 0.2 contamination_level: 0.4 ctam_sigma: 0.5 ctam_mu: -0.5 n: 200 cook_cutoff: 4"
[1] "beta_1: 0.2 contamination_level: 0.4 ctam_sigma: 0.5 ctam_mu: 0 n: 200 cook_cutoff: 4"
[1] "beta_1: 0.2 contamination_level: 0.4 ctam_sigma: 0.5 ctam_mu: 0.5 n: 200 cook_cutoff: 4"
[1] "beta_1: 0.2 contamination_level: 0.4 ctam_sigma: 0.5 ctam_mu: 1 n: 200 cook_cutoff: 4"
[1] "beta_1: 0.2 contamination_level: 0.4 ctam_sigma: 1 ctam_mu: -1 n: 200 cook_cutoff: 4"
[1] "beta_1: 0.2 contamination_level: 0.4 ctam_sigma: 1 ctam_mu: -0.5 n: 200 cook_cutoff: 4"
[1] "beta_1: 0.2 contamination_level: 0.4 ctam_sigma: 1 ctam_mu: 0 n: 200 cook_cutoff: 4"
[1] "beta_1: 0.2 contamination_level: 0.4 ctam_sigma: 1 ctam_mu: 0.5 n: 200 cook_cutoff: 4"
[1] "beta_1: 0.2 contamination_level: 0.4 ctam_sigma: 1 ctam_mu: 1 n: 200 cook_cutoff: 4"
[1] "beta_1: 0.2 contamination_level: 0.4 ctam_sigma: 2 ctam_mu: -1 n: 200 cook_cutoff: 4"
[1] "beta_1: 0.2 contamination_level: 0.4 ctam_sigma: 2 ctam_mu: -0.5 n: 200 cook_cutoff: 4"
[1] "beta_1: 0.2 contamination_level: 0.4 ctam_sigma: 2 ctam_mu: 0 n: 200 cook_cutoff: 4"
[1] "beta_1: 0.2 contamination_level: 0.4 ctam_sigma: 2 ctam_mu: 0.5 n: 200 cook_cutoff: 4"
[1] "beta_1: 0.2 contamination_level: 0.4 ctam_sigma: 2 ctam_mu: 1 n: 200 cook_cutoff: 4"
[1] "beta_1: 0.3 contamination_level: 0.4 ctam_sigma: 0 ctam_mu: -1 n: 200 cook_cutoff: 4"
[1] "beta_1: 0.3 contamination_level: 0.4 ctam_sigma: 0 ctam_mu: -0.5 n: 200 cook_cutoff: 4"
[1] "beta_1: 0.3 contamination_level: 0.4 ctam_sigma: 0 ctam_mu: 0 n: 200 cook_cutoff: 4"
[1] "beta_1: 0.3 contamination_level: 0.4 ctam_sigma: 0 ctam_mu: 0.5 n: 200 cook_cutoff: 4"
[1] "beta_1: 0.3 contamination_level: 0.4 ctam_sigma: 0 ctam_mu: 1 n: 200 cook_cutoff: 4"
[1] "beta_1: 0.3 contamination_level: 0.4 ctam_sigma: 0.1 ctam_mu: -1 n: 200 cook_cutoff: 4"
[1] "beta_1: 0.3 contamination_level: 0.4 ctam_sigma: 0.1 ctam_mu: -0.5 n: 200 cook_cutoff: 4"
[1] "beta_1: 0.3 contamination_level: 0.4 ctam_sigma: 0.1 ctam_mu: 0 n: 200 cook_cutoff: 4"
[1] "beta_1: 0.3 contamination_level: 0.4 ctam_sigma: 0.1 ctam_mu: 0.5 n: 200 cook_cutoff: 4"
[1] "beta_1: 0.3 contamination_level: 0.4 ctam_sigma: 0.1 ctam_mu: 1 n: 200 cook_cutoff: 4"
[1] "beta_1: 0.3 contamination_level: 0.4 ctam_sigma: 0.2 ctam_mu: -1 n: 200 cook_cutoff: 4"
[1] "beta_1: 0.3 contamination_level: 0.4 ctam_sigma: 0.2 ctam_mu: -0.5 n: 200 cook_cutoff: 4"
[1] "beta_1: 0.3 contamination_level: 0.4 ctam_sigma: 0.2 ctam_mu: 0 n: 200 cook_cutoff: 4"
[1] "beta_1: 0.3 contamination_level: 0.4 ctam_sigma: 0.2 ctam_mu: 0.5 n: 200 cook_cutoff: 4"
[1] "beta_1: 0.3 contamination_level: 0.4 ctam_sigma: 0.2 ctam_mu: 1 n: 200 cook_cutoff: 4"
[1] "beta_1: 0.3 contamination_level: 0.4 ctam_sigma: 0.5 ctam_mu: -1 n: 200 cook_cutoff: 4"
[1] "beta_1: 0.3 contamination_level: 0.4 ctam_sigma: 0.5 ctam_mu: -0.5 n: 200 cook_cutoff: 4"
[1] "beta_1: 0.3 contamination_level: 0.4 ctam_sigma: 0.5 ctam_mu: 0 n: 200 cook_cutoff: 4"
[1] "beta_1: 0.3 contamination_level: 0.4 ctam_sigma: 0.5 ctam_mu: 0.5 n: 200 cook_cutoff: 4"
[1] "beta_1: 0.3 contamination_level: 0.4 ctam_sigma: 0.5 ctam_mu: 1 n: 200 cook_cutoff: 4"
[1] "beta_1: 0.3 contamination_level: 0.4 ctam_sigma: 1 ctam_mu: -1 n: 200 cook_cutoff: 4"
[1] "beta_1: 0.3 contamination_level: 0.4 ctam_sigma: 1 ctam_mu: -0.5 n: 200 cook_cutoff: 4"
[1] "beta_1: 0.3 contamination_level: 0.4 ctam_sigma: 1 ctam_mu: 0 n: 200 cook_cutoff: 4"
[1] "beta_1: 0.3 contamination_level: 0.4 ctam_sigma: 1 ctam_mu: 0.5 n: 200 cook_cutoff: 4"
[1] "beta_1: 0.3 contamination_level: 0.4 ctam_sigma: 1 ctam_mu: 1 n: 200 cook_cutoff: 4"
[1] "beta_1: 0.3 contamination_level: 0.4 ctam_sigma: 2 ctam_mu: -1 n: 200 cook_cutoff: 4"
[1] "beta_1: 0.3 contamination_level: 0.4 ctam_sigma: 2 ctam_mu: -0.5 n: 200 cook_cutoff: 4"
[1] "beta_1: 0.3 contamination_level: 0.4 ctam_sigma: 2 ctam_mu: 0 n: 200 cook_cutoff: 4"
[1] "beta_1: 0.3 contamination_level: 0.4 ctam_sigma: 2 ctam_mu: 0.5 n: 200 cook_cutoff: 4"
[1] "beta_1: 0.3 contamination_level: 0.4 ctam_sigma: 2 ctam_mu: 1 n: 200 cook_cutoff: 4"
[1] "beta_1: 0.4 contamination_level: 0.4 ctam_sigma: 0 ctam_mu: -1 n: 200 cook_cutoff: 4"
[1] "beta_1: 0.4 contamination_level: 0.4 ctam_sigma: 0 ctam_mu: -0.5 n: 200 cook_cutoff: 4"
[1] "beta_1: 0.4 contamination_level: 0.4 ctam_sigma: 0 ctam_mu: 0 n: 200 cook_cutoff: 4"
[1] "beta_1: 0.4 contamination_level: 0.4 ctam_sigma: 0 ctam_mu: 0.5 n: 200 cook_cutoff: 4"
[1] "beta_1: 0.4 contamination_level: 0.4 ctam_sigma: 0 ctam_mu: 1 n: 200 cook_cutoff: 4"
[1] "beta_1: 0.4 contamination_level: 0.4 ctam_sigma: 0.1 ctam_mu: -1 n: 200 cook_cutoff: 4"
[1] "beta_1: 0.4 contamination_level: 0.4 ctam_sigma: 0.1 ctam_mu: -0.5 n: 200 cook_cutoff: 4"
[1] "beta_1: 0.4 contamination_level: 0.4 ctam_sigma: 0.1 ctam_mu: 0 n: 200 cook_cutoff: 4"
[1] "beta_1: 0.4 contamination_level: 0.4 ctam_sigma: 0.1 ctam_mu: 0.5 n: 200 cook_cutoff: 4"
[1] "beta_1: 0.4 contamination_level: 0.4 ctam_sigma: 0.1 ctam_mu: 1 n: 200 cook_cutoff: 4"
[1] "beta_1: 0.4 contamination_level: 0.4 ctam_sigma: 0.2 ctam_mu: -1 n: 200 cook_cutoff: 4"
[1] "beta_1: 0.4 contamination_level: 0.4 ctam_sigma: 0.2 ctam_mu: -0.5 n: 200 cook_cutoff: 4"
[1] "beta_1: 0.4 contamination_level: 0.4 ctam_sigma: 0.2 ctam_mu: 0 n: 200 cook_cutoff: 4"
[1] "beta_1: 0.4 contamination_level: 0.4 ctam_sigma: 0.2 ctam_mu: 0.5 n: 200 cook_cutoff: 4"
[1] "beta_1: 0.4 contamination_level: 0.4 ctam_sigma: 0.2 ctam_mu: 1 n: 200 cook_cutoff: 4"
[1] "beta_1: 0.4 contamination_level: 0.4 ctam_sigma: 0.5 ctam_mu: -1 n: 200 cook_cutoff: 4"
[1] "beta_1: 0.4 contamination_level: 0.4 ctam_sigma: 0.5 ctam_mu: -0.5 n: 200 cook_cutoff: 4"
[1] "beta_1: 0.4 contamination_level: 0.4 ctam_sigma: 0.5 ctam_mu: 0 n: 200 cook_cutoff: 4"
[1] "beta_1: 0.4 contamination_level: 0.4 ctam_sigma: 0.5 ctam_mu: 0.5 n: 200 cook_cutoff: 4"
[1] "beta_1: 0.4 contamination_level: 0.4 ctam_sigma: 0.5 ctam_mu: 1 n: 200 cook_cutoff: 4"
[1] "beta_1: 0.4 contamination_level: 0.4 ctam_sigma: 1 ctam_mu: -1 n: 200 cook_cutoff: 4"
[1] "beta_1: 0.4 contamination_level: 0.4 ctam_sigma: 1 ctam_mu: -0.5 n: 200 cook_cutoff: 4"
[1] "beta_1: 0.4 contamination_level: 0.4 ctam_sigma: 1 ctam_mu: 0 n: 200 cook_cutoff: 4"
[1] "beta_1: 0.4 contamination_level: 0.4 ctam_sigma: 1 ctam_mu: 0.5 n: 200 cook_cutoff: 4"
[1] "beta_1: 0.4 contamination_level: 0.4 ctam_sigma: 1 ctam_mu: 1 n: 200 cook_cutoff: 4"
[1] "beta_1: 0.4 contamination_level: 0.4 ctam_sigma: 2 ctam_mu: -1 n: 200 cook_cutoff: 4"
[1] "beta_1: 0.4 contamination_level: 0.4 ctam_sigma: 2 ctam_mu: -0.5 n: 200 cook_cutoff: 4"
[1] "beta_1: 0.4 contamination_level: 0.4 ctam_sigma: 2 ctam_mu: 0 n: 200 cook_cutoff: 4"
[1] "beta_1: 0.4 contamination_level: 0.4 ctam_sigma: 2 ctam_mu: 0.5 n: 200 cook_cutoff: 4"
[1] "beta_1: 0.4 contamination_level: 0.4 ctam_sigma: 2 ctam_mu: 1 n: 200 cook_cutoff: 4"
[1] "beta_1: 0.5 contamination_level: 0.4 ctam_sigma: 0 ctam_mu: -1 n: 200 cook_cutoff: 4"
[1] "beta_1: 0.5 contamination_level: 0.4 ctam_sigma: 0 ctam_mu: -0.5 n: 200 cook_cutoff: 4"
[1] "beta_1: 0.5 contamination_level: 0.4 ctam_sigma: 0 ctam_mu: 0 n: 200 cook_cutoff: 4"
[1] "beta_1: 0.5 contamination_level: 0.4 ctam_sigma: 0 ctam_mu: 0.5 n: 200 cook_cutoff: 4"
[1] "beta_1: 0.5 contamination_level: 0.4 ctam_sigma: 0 ctam_mu: 1 n: 200 cook_cutoff: 4"
[1] "beta_1: 0.5 contamination_level: 0.4 ctam_sigma: 0.1 ctam_mu: -1 n: 200 cook_cutoff: 4"
[1] "beta_1: 0.5 contamination_level: 0.4 ctam_sigma: 0.1 ctam_mu: -0.5 n: 200 cook_cutoff: 4"
[1] "beta_1: 0.5 contamination_level: 0.4 ctam_sigma: 0.1 ctam_mu: 0 n: 200 cook_cutoff: 4"
[1] "beta_1: 0.5 contamination_level: 0.4 ctam_sigma: 0.1 ctam_mu: 0.5 n: 200 cook_cutoff: 4"
[1] "beta_1: 0.5 contamination_level: 0.4 ctam_sigma: 0.1 ctam_mu: 1 n: 200 cook_cutoff: 4"
[1] "beta_1: 0.5 contamination_level: 0.4 ctam_sigma: 0.2 ctam_mu: -1 n: 200 cook_cutoff: 4"
[1] "beta_1: 0.5 contamination_level: 0.4 ctam_sigma: 0.2 ctam_mu: -0.5 n: 200 cook_cutoff: 4"
[1] "beta_1: 0.5 contamination_level: 0.4 ctam_sigma: 0.2 ctam_mu: 0 n: 200 cook_cutoff: 4"
[1] "beta_1: 0.5 contamination_level: 0.4 ctam_sigma: 0.2 ctam_mu: 0.5 n: 200 cook_cutoff: 4"
[1] "beta_1: 0.5 contamination_level: 0.4 ctam_sigma: 0.2 ctam_mu: 1 n: 200 cook_cutoff: 4"
[1] "beta_1: 0.5 contamination_level: 0.4 ctam_sigma: 0.5 ctam_mu: -1 n: 200 cook_cutoff: 4"
[1] "beta_1: 0.5 contamination_level: 0.4 ctam_sigma: 0.5 ctam_mu: -0.5 n: 200 cook_cutoff: 4"
[1] "beta_1: 0.5 contamination_level: 0.4 ctam_sigma: 0.5 ctam_mu: 0 n: 200 cook_cutoff: 4"
[1] "beta_1: 0.5 contamination_level: 0.4 ctam_sigma: 0.5 ctam_mu: 0.5 n: 200 cook_cutoff: 4"
[1] "beta_1: 0.5 contamination_level: 0.4 ctam_sigma: 0.5 ctam_mu: 1 n: 200 cook_cutoff: 4"
[1] "beta_1: 0.5 contamination_level: 0.4 ctam_sigma: 1 ctam_mu: -1 n: 200 cook_cutoff: 4"
[1] "beta_1: 0.5 contamination_level: 0.4 ctam_sigma: 1 ctam_mu: -0.5 n: 200 cook_cutoff: 4"
[1] "beta_1: 0.5 contamination_level: 0.4 ctam_sigma: 1 ctam_mu: 0 n: 200 cook_cutoff: 4"
[1] "beta_1: 0.5 contamination_level: 0.4 ctam_sigma: 1 ctam_mu: 0.5 n: 200 cook_cutoff: 4"
[1] "beta_1: 0.5 contamination_level: 0.4 ctam_sigma: 1 ctam_mu: 1 n: 200 cook_cutoff: 4"
[1] "beta_1: 0.5 contamination_level: 0.4 ctam_sigma: 2 ctam_mu: -1 n: 200 cook_cutoff: 4"
[1] "beta_1: 0.5 contamination_level: 0.4 ctam_sigma: 2 ctam_mu: -0.5 n: 200 cook_cutoff: 4"
[1] "beta_1: 0.5 contamination_level: 0.4 ctam_sigma: 2 ctam_mu: 0 n: 200 cook_cutoff: 4"
[1] "beta_1: 0.5 contamination_level: 0.4 ctam_sigma: 2 ctam_mu: 0.5 n: 200 cook_cutoff: 4"
[1] "beta_1: 0.5 contamination_level: 0.4 ctam_sigma: 2 ctam_mu: 1 n: 200 cook_cutoff: 4"
[1] "beta_1: 0.6 contamination_level: 0.4 ctam_sigma: 0 ctam_mu: -1 n: 200 cook_cutoff: 4"
[1] "beta_1: 0.6 contamination_level: 0.4 ctam_sigma: 0 ctam_mu: -0.5 n: 200 cook_cutoff: 4"
[1] "beta_1: 0.6 contamination_level: 0.4 ctam_sigma: 0 ctam_mu: 0 n: 200 cook_cutoff: 4"
[1] "beta_1: 0.6 contamination_level: 0.4 ctam_sigma: 0 ctam_mu: 0.5 n: 200 cook_cutoff: 4"
[1] "beta_1: 0.6 contamination_level: 0.4 ctam_sigma: 0 ctam_mu: 1 n: 200 cook_cutoff: 4"
[1] "beta_1: 0.6 contamination_level: 0.4 ctam_sigma: 0.1 ctam_mu: -1 n: 200 cook_cutoff: 4"
[1] "beta_1: 0.6 contamination_level: 0.4 ctam_sigma: 0.1 ctam_mu: -0.5 n: 200 cook_cutoff: 4"
[1] "beta_1: 0.6 contamination_level: 0.4 ctam_sigma: 0.1 ctam_mu: 0 n: 200 cook_cutoff: 4"
[1] "beta_1: 0.6 contamination_level: 0.4 ctam_sigma: 0.1 ctam_mu: 0.5 n: 200 cook_cutoff: 4"
[1] "beta_1: 0.6 contamination_level: 0.4 ctam_sigma: 0.1 ctam_mu: 1 n: 200 cook_cutoff: 4"
[1] "beta_1: 0.6 contamination_level: 0.4 ctam_sigma: 0.2 ctam_mu: -1 n: 200 cook_cutoff: 4"
[1] "beta_1: 0.6 contamination_level: 0.4 ctam_sigma: 0.2 ctam_mu: -0.5 n: 200 cook_cutoff: 4"
[1] "beta_1: 0.6 contamination_level: 0.4 ctam_sigma: 0.2 ctam_mu: 0 n: 200 cook_cutoff: 4"
[1] "beta_1: 0.6 contamination_level: 0.4 ctam_sigma: 0.2 ctam_mu: 0.5 n: 200 cook_cutoff: 4"
[1] "beta_1: 0.6 contamination_level: 0.4 ctam_sigma: 0.2 ctam_mu: 1 n: 200 cook_cutoff: 4"
[1] "beta_1: 0.6 contamination_level: 0.4 ctam_sigma: 0.5 ctam_mu: -1 n: 200 cook_cutoff: 4"
[1] "beta_1: 0.6 contamination_level: 0.4 ctam_sigma: 0.5 ctam_mu: -0.5 n: 200 cook_cutoff: 4"
[1] "beta_1: 0.6 contamination_level: 0.4 ctam_sigma: 0.5 ctam_mu: 0 n: 200 cook_cutoff: 4"
[1] "beta_1: 0.6 contamination_level: 0.4 ctam_sigma: 0.5 ctam_mu: 0.5 n: 200 cook_cutoff: 4"
[1] "beta_1: 0.6 contamination_level: 0.4 ctam_sigma: 0.5 ctam_mu: 1 n: 200 cook_cutoff: 4"
[1] "beta_1: 0.6 contamination_level: 0.4 ctam_sigma: 1 ctam_mu: -1 n: 200 cook_cutoff: 4"
[1] "beta_1: 0.6 contamination_level: 0.4 ctam_sigma: 1 ctam_mu: -0.5 n: 200 cook_cutoff: 4"
[1] "beta_1: 0.6 contamination_level: 0.4 ctam_sigma: 1 ctam_mu: 0 n: 200 cook_cutoff: 4"
[1] "beta_1: 0.6 contamination_level: 0.4 ctam_sigma: 1 ctam_mu: 0.5 n: 200 cook_cutoff: 4"
[1] "beta_1: 0.6 contamination_level: 0.4 ctam_sigma: 1 ctam_mu: 1 n: 200 cook_cutoff: 4"
[1] "beta_1: 0.6 contamination_level: 0.4 ctam_sigma: 2 ctam_mu: -1 n: 200 cook_cutoff: 4"
[1] "beta_1: 0.6 contamination_level: 0.4 ctam_sigma: 2 ctam_mu: -0.5 n: 200 cook_cutoff: 4"
[1] "beta_1: 0.6 contamination_level: 0.4 ctam_sigma: 2 ctam_mu: 0 n: 200 cook_cutoff: 4"
[1] "beta_1: 0.6 contamination_level: 0.4 ctam_sigma: 2 ctam_mu: 0.5 n: 200 cook_cutoff: 4"
[1] "beta_1: 0.6 contamination_level: 0.4 ctam_sigma: 2 ctam_mu: 1 n: 200 cook_cutoff: 4"
[1] "beta_1: 0.7 contamination_level: 0.4 ctam_sigma: 0 ctam_mu: -1 n: 200 cook_cutoff: 4"
[1] "beta_1: 0.7 contamination_level: 0.4 ctam_sigma: 0 ctam_mu: -0.5 n: 200 cook_cutoff: 4"
[1] "beta_1: 0.7 contamination_level: 0.4 ctam_sigma: 0 ctam_mu: 0 n: 200 cook_cutoff: 4"
[1] "beta_1: 0.7 contamination_level: 0.4 ctam_sigma: 0 ctam_mu: 0.5 n: 200 cook_cutoff: 4"
[1] "beta_1: 0.7 contamination_level: 0.4 ctam_sigma: 0 ctam_mu: 1 n: 200 cook_cutoff: 4"
[1] "beta_1: 0.7 contamination_level: 0.4 ctam_sigma: 0.1 ctam_mu: -1 n: 200 cook_cutoff: 4"
[1] "beta_1: 0.7 contamination_level: 0.4 ctam_sigma: 0.1 ctam_mu: -0.5 n: 200 cook_cutoff: 4"
[1] "beta_1: 0.7 contamination_level: 0.4 ctam_sigma: 0.1 ctam_mu: 0 n: 200 cook_cutoff: 4"
[1] "beta_1: 0.7 contamination_level: 0.4 ctam_sigma: 0.1 ctam_mu: 0.5 n: 200 cook_cutoff: 4"
[1] "beta_1: 0.7 contamination_level: 0.4 ctam_sigma: 0.1 ctam_mu: 1 n: 200 cook_cutoff: 4"
[1] "beta_1: 0.7 contamination_level: 0.4 ctam_sigma: 0.2 ctam_mu: -1 n: 200 cook_cutoff: 4"
[1] "beta_1: 0.7 contamination_level: 0.4 ctam_sigma: 0.2 ctam_mu: -0.5 n: 200 cook_cutoff: 4"
[1] "beta_1: 0.7 contamination_level: 0.4 ctam_sigma: 0.2 ctam_mu: 0 n: 200 cook_cutoff: 4"
[1] "beta_1: 0.7 contamination_level: 0.4 ctam_sigma: 0.2 ctam_mu: 0.5 n: 200 cook_cutoff: 4"
[1] "beta_1: 0.7 contamination_level: 0.4 ctam_sigma: 0.2 ctam_mu: 1 n: 200 cook_cutoff: 4"
[1] "beta_1: 0.7 contamination_level: 0.4 ctam_sigma: 0.5 ctam_mu: -1 n: 200 cook_cutoff: 4"
[1] "beta_1: 0.7 contamination_level: 0.4 ctam_sigma: 0.5 ctam_mu: -0.5 n: 200 cook_cutoff: 4"
[1] "beta_1: 0.7 contamination_level: 0.4 ctam_sigma: 0.5 ctam_mu: 0 n: 200 cook_cutoff: 4"
[1] "beta_1: 0.7 contamination_level: 0.4 ctam_sigma: 0.5 ctam_mu: 0.5 n: 200 cook_cutoff: 4"
[1] "beta_1: 0.7 contamination_level: 0.4 ctam_sigma: 0.5 ctam_mu: 1 n: 200 cook_cutoff: 4"
[1] "beta_1: 0.7 contamination_level: 0.4 ctam_sigma: 1 ctam_mu: -1 n: 200 cook_cutoff: 4"
[1] "beta_1: 0.7 contamination_level: 0.4 ctam_sigma: 1 ctam_mu: -0.5 n: 200 cook_cutoff: 4"
[1] "beta_1: 0.7 contamination_level: 0.4 ctam_sigma: 1 ctam_mu: 0 n: 200 cook_cutoff: 4"
[1] "beta_1: 0.7 contamination_level: 0.4 ctam_sigma: 1 ctam_mu: 0.5 n: 200 cook_cutoff: 4"
[1] "beta_1: 0.7 contamination_level: 0.4 ctam_sigma: 1 ctam_mu: 1 n: 200 cook_cutoff: 4"
[1] "beta_1: 0.7 contamination_level: 0.4 ctam_sigma: 2 ctam_mu: -1 n: 200 cook_cutoff: 4"
[1] "beta_1: 0.7 contamination_level: 0.4 ctam_sigma: 2 ctam_mu: -0.5 n: 200 cook_cutoff: 4"
[1] "beta_1: 0.7 contamination_level: 0.4 ctam_sigma: 2 ctam_mu: 0 n: 200 cook_cutoff: 4"
[1] "beta_1: 0.7 contamination_level: 0.4 ctam_sigma: 2 ctam_mu: 0.5 n: 200 cook_cutoff: 4"
[1] "beta_1: 0.7 contamination_level: 0.4 ctam_sigma: 2 ctam_mu: 1 n: 200 cook_cutoff: 4"
[1] "beta_1: 0.8 contamination_level: 0.4 ctam_sigma: 0 ctam_mu: -1 n: 200 cook_cutoff: 4"
[1] "beta_1: 0.8 contamination_level: 0.4 ctam_sigma: 0 ctam_mu: -0.5 n: 200 cook_cutoff: 4"
[1] "beta_1: 0.8 contamination_level: 0.4 ctam_sigma: 0 ctam_mu: 0 n: 200 cook_cutoff: 4"
[1] "beta_1: 0.8 contamination_level: 0.4 ctam_sigma: 0 ctam_mu: 0.5 n: 200 cook_cutoff: 4"
[1] "beta_1: 0.8 contamination_level: 0.4 ctam_sigma: 0 ctam_mu: 1 n: 200 cook_cutoff: 4"
[1] "beta_1: 0.8 contamination_level: 0.4 ctam_sigma: 0.1 ctam_mu: -1 n: 200 cook_cutoff: 4"
[1] "beta_1: 0.8 contamination_level: 0.4 ctam_sigma: 0.1 ctam_mu: -0.5 n: 200 cook_cutoff: 4"
[1] "beta_1: 0.8 contamination_level: 0.4 ctam_sigma: 0.1 ctam_mu: 0 n: 200 cook_cutoff: 4"
[1] "beta_1: 0.8 contamination_level: 0.4 ctam_sigma: 0.1 ctam_mu: 0.5 n: 200 cook_cutoff: 4"
[1] "beta_1: 0.8 contamination_level: 0.4 ctam_sigma: 0.1 ctam_mu: 1 n: 200 cook_cutoff: 4"
[1] "beta_1: 0.8 contamination_level: 0.4 ctam_sigma: 0.2 ctam_mu: -1 n: 200 cook_cutoff: 4"
[1] "beta_1: 0.8 contamination_level: 0.4 ctam_sigma: 0.2 ctam_mu: -0.5 n: 200 cook_cutoff: 4"
[1] "beta_1: 0.8 contamination_level: 0.4 ctam_sigma: 0.2 ctam_mu: 0 n: 200 cook_cutoff: 4"
[1] "beta_1: 0.8 contamination_level: 0.4 ctam_sigma: 0.2 ctam_mu: 0.5 n: 200 cook_cutoff: 4"
[1] "beta_1: 0.8 contamination_level: 0.4 ctam_sigma: 0.2 ctam_mu: 1 n: 200 cook_cutoff: 4"
[1] "beta_1: 0.8 contamination_level: 0.4 ctam_sigma: 0.5 ctam_mu: -1 n: 200 cook_cutoff: 4"
[1] "beta_1: 0.8 contamination_level: 0.4 ctam_sigma: 0.5 ctam_mu: -0.5 n: 200 cook_cutoff: 4"
[1] "beta_1: 0.8 contamination_level: 0.4 ctam_sigma: 0.5 ctam_mu: 0 n: 200 cook_cutoff: 4"
[1] "beta_1: 0.8 contamination_level: 0.4 ctam_sigma: 0.5 ctam_mu: 0.5 n: 200 cook_cutoff: 4"
[1] "beta_1: 0.8 contamination_level: 0.4 ctam_sigma: 0.5 ctam_mu: 1 n: 200 cook_cutoff: 4"
[1] "beta_1: 0.8 contamination_level: 0.4 ctam_sigma: 1 ctam_mu: -1 n: 200 cook_cutoff: 4"
[1] "beta_1: 0.8 contamination_level: 0.4 ctam_sigma: 1 ctam_mu: -0.5 n: 200 cook_cutoff: 4"
[1] "beta_1: 0.8 contamination_level: 0.4 ctam_sigma: 1 ctam_mu: 0 n: 200 cook_cutoff: 4"
[1] "beta_1: 0.8 contamination_level: 0.4 ctam_sigma: 1 ctam_mu: 0.5 n: 200 cook_cutoff: 4"
[1] "beta_1: 0.8 contamination_level: 0.4 ctam_sigma: 1 ctam_mu: 1 n: 200 cook_cutoff: 4"
[1] "beta_1: 0.8 contamination_level: 0.4 ctam_sigma: 2 ctam_mu: -1 n: 200 cook_cutoff: 4"
[1] "beta_1: 0.8 contamination_level: 0.4 ctam_sigma: 2 ctam_mu: -0.5 n: 200 cook_cutoff: 4"
[1] "beta_1: 0.8 contamination_level: 0.4 ctam_sigma: 2 ctam_mu: 0 n: 200 cook_cutoff: 4"
[1] "beta_1: 0.8 contamination_level: 0.4 ctam_sigma: 2 ctam_mu: 0.5 n: 200 cook_cutoff: 4"
[1] "beta_1: 0.8 contamination_level: 0.4 ctam_sigma: 2 ctam_mu: 1 n: 200 cook_cutoff: 4"
[1] "beta_1: 0.9 contamination_level: 0.4 ctam_sigma: 0 ctam_mu: -1 n: 200 cook_cutoff: 4"
[1] "beta_1: 0.9 contamination_level: 0.4 ctam_sigma: 0 ctam_mu: -0.5 n: 200 cook_cutoff: 4"
[1] "beta_1: 0.9 contamination_level: 0.4 ctam_sigma: 0 ctam_mu: 0 n: 200 cook_cutoff: 4"
[1] "beta_1: 0.9 contamination_level: 0.4 ctam_sigma: 0 ctam_mu: 0.5 n: 200 cook_cutoff: 4"
[1] "beta_1: 0.9 contamination_level: 0.4 ctam_sigma: 0 ctam_mu: 1 n: 200 cook_cutoff: 4"
[1] "beta_1: 0.9 contamination_level: 0.4 ctam_sigma: 0.1 ctam_mu: -1 n: 200 cook_cutoff: 4"
[1] "beta_1: 0.9 contamination_level: 0.4 ctam_sigma: 0.1 ctam_mu: -0.5 n: 200 cook_cutoff: 4"
[1] "beta_1: 0.9 contamination_level: 0.4 ctam_sigma: 0.1 ctam_mu: 0 n: 200 cook_cutoff: 4"
[1] "beta_1: 0.9 contamination_level: 0.4 ctam_sigma: 0.1 ctam_mu: 0.5 n: 200 cook_cutoff: 4"
[1] "beta_1: 0.9 contamination_level: 0.4 ctam_sigma: 0.1 ctam_mu: 1 n: 200 cook_cutoff: 4"
[1] "beta_1: 0.9 contamination_level: 0.4 ctam_sigma: 0.2 ctam_mu: -1 n: 200 cook_cutoff: 4"
[1] "beta_1: 0.9 contamination_level: 0.4 ctam_sigma: 0.2 ctam_mu: -0.5 n: 200 cook_cutoff: 4"
[1] "beta_1: 0.9 contamination_level: 0.4 ctam_sigma: 0.2 ctam_mu: 0 n: 200 cook_cutoff: 4"
[1] "beta_1: 0.9 contamination_level: 0.4 ctam_sigma: 0.2 ctam_mu: 0.5 n: 200 cook_cutoff: 4"
[1] "beta_1: 0.9 contamination_level: 0.4 ctam_sigma: 0.2 ctam_mu: 1 n: 200 cook_cutoff: 4"
[1] "beta_1: 0.9 contamination_level: 0.4 ctam_sigma: 0.5 ctam_mu: -1 n: 200 cook_cutoff: 4"
[1] "beta_1: 0.9 contamination_level: 0.4 ctam_sigma: 0.5 ctam_mu: -0.5 n: 200 cook_cutoff: 4"
[1] "beta_1: 0.9 contamination_level: 0.4 ctam_sigma: 0.5 ctam_mu: 0 n: 200 cook_cutoff: 4"
[1] "beta_1: 0.9 contamination_level: 0.4 ctam_sigma: 0.5 ctam_mu: 0.5 n: 200 cook_cutoff: 4"
[1] "beta_1: 0.9 contamination_level: 0.4 ctam_sigma: 0.5 ctam_mu: 1 n: 200 cook_cutoff: 4"
[1] "beta_1: 0.9 contamination_level: 0.4 ctam_sigma: 1 ctam_mu: -1 n: 200 cook_cutoff: 4"
[1] "beta_1: 0.9 contamination_level: 0.4 ctam_sigma: 1 ctam_mu: -0.5 n: 200 cook_cutoff: 4"
[1] "beta_1: 0.9 contamination_level: 0.4 ctam_sigma: 1 ctam_mu: 0 n: 200 cook_cutoff: 4"
[1] "beta_1: 0.9 contamination_level: 0.4 ctam_sigma: 1 ctam_mu: 0.5 n: 200 cook_cutoff: 4"
[1] "beta_1: 0.9 contamination_level: 0.4 ctam_sigma: 1 ctam_mu: 1 n: 200 cook_cutoff: 4"
[1] "beta_1: 0.9 contamination_level: 0.4 ctam_sigma: 2 ctam_mu: -1 n: 200 cook_cutoff: 4"
[1] "beta_1: 0.9 contamination_level: 0.4 ctam_sigma: 2 ctam_mu: -0.5 n: 200 cook_cutoff: 4"
[1] "beta_1: 0.9 contamination_level: 0.4 ctam_sigma: 2 ctam_mu: 0 n: 200 cook_cutoff: 4"
[1] "beta_1: 0.9 contamination_level: 0.4 ctam_sigma: 2 ctam_mu: 0.5 n: 200 cook_cutoff: 4"
[1] "beta_1: 0.9 contamination_level: 0.4 ctam_sigma: 2 ctam_mu: 1 n: 200 cook_cutoff: 4"
[1] "beta_1: 1 contamination_level: 0.4 ctam_sigma: 0 ctam_mu: -1 n: 200 cook_cutoff: 4"
[1] "beta_1: 1 contamination_level: 0.4 ctam_sigma: 0 ctam_mu: -0.5 n: 200 cook_cutoff: 4"
[1] "beta_1: 1 contamination_level: 0.4 ctam_sigma: 0 ctam_mu: 0 n: 200 cook_cutoff: 4"
[1] "beta_1: 1 contamination_level: 0.4 ctam_sigma: 0 ctam_mu: 0.5 n: 200 cook_cutoff: 4"
[1] "beta_1: 1 contamination_level: 0.4 ctam_sigma: 0 ctam_mu: 1 n: 200 cook_cutoff: 4"
[1] "beta_1: 1 contamination_level: 0.4 ctam_sigma: 0.1 ctam_mu: -1 n: 200 cook_cutoff: 4"
[1] "beta_1: 1 contamination_level: 0.4 ctam_sigma: 0.1 ctam_mu: -0.5 n: 200 cook_cutoff: 4"
[1] "beta_1: 1 contamination_level: 0.4 ctam_sigma: 0.1 ctam_mu: 0 n: 200 cook_cutoff: 4"
[1] "beta_1: 1 contamination_level: 0.4 ctam_sigma: 0.1 ctam_mu: 0.5 n: 200 cook_cutoff: 4"
[1] "beta_1: 1 contamination_level: 0.4 ctam_sigma: 0.1 ctam_mu: 1 n: 200 cook_cutoff: 4"
[1] "beta_1: 1 contamination_level: 0.4 ctam_sigma: 0.2 ctam_mu: -1 n: 200 cook_cutoff: 4"
[1] "beta_1: 1 contamination_level: 0.4 ctam_sigma: 0.2 ctam_mu: -0.5 n: 200 cook_cutoff: 4"
[1] "beta_1: 1 contamination_level: 0.4 ctam_sigma: 0.2 ctam_mu: 0 n: 200 cook_cutoff: 4"
[1] "beta_1: 1 contamination_level: 0.4 ctam_sigma: 0.2 ctam_mu: 0.5 n: 200 cook_cutoff: 4"
[1] "beta_1: 1 contamination_level: 0.4 ctam_sigma: 0.2 ctam_mu: 1 n: 200 cook_cutoff: 4"
[1] "beta_1: 1 contamination_level: 0.4 ctam_sigma: 0.5 ctam_mu: -1 n: 200 cook_cutoff: 4"
[1] "beta_1: 1 contamination_level: 0.4 ctam_sigma: 0.5 ctam_mu: -0.5 n: 200 cook_cutoff: 4"
[1] "beta_1: 1 contamination_level: 0.4 ctam_sigma: 0.5 ctam_mu: 0 n: 200 cook_cutoff: 4"
[1] "beta_1: 1 contamination_level: 0.4 ctam_sigma: 0.5 ctam_mu: 0.5 n: 200 cook_cutoff: 4"
[1] "beta_1: 1 contamination_level: 0.4 ctam_sigma: 0.5 ctam_mu: 1 n: 200 cook_cutoff: 4"
[1] "beta_1: 1 contamination_level: 0.4 ctam_sigma: 1 ctam_mu: -1 n: 200 cook_cutoff: 4"
[1] "beta_1: 1 contamination_level: 0.4 ctam_sigma: 1 ctam_mu: -0.5 n: 200 cook_cutoff: 4"
[1] "beta_1: 1 contamination_level: 0.4 ctam_sigma: 1 ctam_mu: 0 n: 200 cook_cutoff: 4"
[1] "beta_1: 1 contamination_level: 0.4 ctam_sigma: 1 ctam_mu: 0.5 n: 200 cook_cutoff: 4"
[1] "beta_1: 1 contamination_level: 0.4 ctam_sigma: 1 ctam_mu: 1 n: 200 cook_cutoff: 4"
[1] "beta_1: 1 contamination_level: 0.4 ctam_sigma: 2 ctam_mu: -1 n: 200 cook_cutoff: 4"
[1] "beta_1: 1 contamination_level: 0.4 ctam_sigma: 2 ctam_mu: -0.5 n: 200 cook_cutoff: 4"
[1] "beta_1: 1 contamination_level: 0.4 ctam_sigma: 2 ctam_mu: 0 n: 200 cook_cutoff: 4"
[1] "beta_1: 1 contamination_level: 0.4 ctam_sigma: 2 ctam_mu: 0.5 n: 200 cook_cutoff: 4"
[1] "beta_1: 1 contamination_level: 0.4 ctam_sigma: 2 ctam_mu: 1 n: 200 cook_cutoff: 4"
    true_beta_1 contamination_level ctam_sigma ctam_mu cook_cutoff ols_pr
1           0.0                 0.4        0.0    -1.0           4  0.050
2           0.0                 0.4        0.0    -0.5           4  0.050
3           0.0                 0.4        0.0     0.0           4  0.030
4           0.0                 0.4        0.0     0.5           4  0.080
5           0.0                 0.4        0.0     1.0           4  0.070
6           0.0                 0.4        0.1    -1.0           4  0.040
7           0.0                 0.4        0.1    -0.5           4  0.060
8           0.0                 0.4        0.1     0.0           4  0.055
9           0.0                 0.4        0.1     0.5           4  0.030
10          0.0                 0.4        0.1     1.0           4  0.040
11          0.0                 0.4        0.2    -1.0           4  0.070
12          0.0                 0.4        0.2    -0.5           4  0.055
13          0.0                 0.4        0.2     0.0           4  0.045
14          0.0                 0.4        0.2     0.5           4  0.050
15          0.0                 0.4        0.2     1.0           4  0.060
16          0.0                 0.4        0.5    -1.0           4  0.080
17          0.0                 0.4        0.5    -0.5           4  0.050
18          0.0                 0.4        0.5     0.0           4  0.075
19          0.0                 0.4        0.5     0.5           4  0.055
20          0.0                 0.4        0.5     1.0           4  0.055
21          0.0                 0.4        1.0    -1.0           4  0.055
22          0.0                 0.4        1.0    -0.5           4  0.030
23          0.0                 0.4        1.0     0.0           4  0.030
24          0.0                 0.4        1.0     0.5           4  0.040
25          0.0                 0.4        1.0     1.0           4  0.035
26          0.0                 0.4        2.0    -1.0           4  0.035
27          0.0                 0.4        2.0    -0.5           4  0.055
28          0.0                 0.4        2.0     0.0           4  0.055
29          0.0                 0.4        2.0     0.5           4  0.070
30          0.0                 0.4        2.0     1.0           4  0.030
31          0.1                 0.4        0.0    -1.0           4  0.205
32          0.1                 0.4        0.0    -0.5           4  0.305
33          0.1                 0.4        0.0     0.0           4  0.300
34          0.1                 0.4        0.0     0.5           4  0.255
35          0.1                 0.4        0.0     1.0           4  0.240
36          0.1                 0.4        0.1    -1.0           4  0.325
37          0.1                 0.4        0.1    -0.5           4  0.270
38          0.1                 0.4        0.1     0.0           4  0.275
39          0.1                 0.4        0.1     0.5           4  0.240
40          0.1                 0.4        0.1     1.0           4  0.285
41          0.1                 0.4        0.2    -1.0           4  0.205
42          0.1                 0.4        0.2    -0.5           4  0.350
43          0.1                 0.4        0.2     0.0           4  0.325
44          0.1                 0.4        0.2     0.5           4  0.250
45          0.1                 0.4        0.2     1.0           4  0.260
46          0.1                 0.4        0.5    -1.0           4  0.300
47          0.1                 0.4        0.5    -0.5           4  0.270
48          0.1                 0.4        0.5     0.0           4  0.260
49          0.1                 0.4        0.5     0.5           4  0.290
50          0.1                 0.4        0.5     1.0           4  0.250
51          0.1                 0.4        1.0    -1.0           4  0.175
52          0.1                 0.4        1.0    -0.5           4  0.185
53          0.1                 0.4        1.0     0.0           4  0.210
54          0.1                 0.4        1.0     0.5           4  0.220
55          0.1                 0.4        1.0     1.0           4  0.190
56          0.1                 0.4        2.0    -1.0           4  0.145
57          0.1                 0.4        2.0    -0.5           4  0.145
58          0.1                 0.4        2.0     0.0           4  0.065
59          0.1                 0.4        2.0     0.5           4  0.165
60          0.1                 0.4        2.0     1.0           4  0.150
61          0.2                 0.4        0.0    -1.0           4  0.640
62          0.2                 0.4        0.0    -0.5           4  0.790
63          0.2                 0.4        0.0     0.0           4  0.780
64          0.2                 0.4        0.0     0.5           4  0.740
65          0.2                 0.4        0.0     1.0           4  0.755
66          0.2                 0.4        0.1    -1.0           4  0.645
67          0.2                 0.4        0.1    -0.5           4  0.785
68          0.2                 0.4        0.1     0.0           4  0.860
69          0.2                 0.4        0.1     0.5           4  0.735
70          0.2                 0.4        0.1     1.0           4  0.685
71          0.2                 0.4        0.2    -1.0           4  0.680
72          0.2                 0.4        0.2    -0.5           4  0.765
73          0.2                 0.4        0.2     0.0           4  0.790
74          0.2                 0.4        0.2     0.5           4  0.805
75          0.2                 0.4        0.2     1.0           4  0.660
76          0.2                 0.4        0.5    -1.0           4  0.660
77          0.2                 0.4        0.5    -0.5           4  0.770
78          0.2                 0.4        0.5     0.0           4  0.730
79          0.2                 0.4        0.5     0.5           4  0.760
80          0.2                 0.4        0.5     1.0           4  0.690
81          0.2                 0.4        1.0    -1.0           4  0.530
82          0.2                 0.4        1.0    -0.5           4  0.695
83          0.2                 0.4        1.0     0.0           4  0.650
84          0.2                 0.4        1.0     0.5           4  0.585
85          0.2                 0.4        1.0     1.0           4  0.625
86          0.2                 0.4        2.0    -1.0           4  0.360
87          0.2                 0.4        2.0    -0.5           4  0.420
88          0.2                 0.4        2.0     0.0           4  0.380
89          0.2                 0.4        2.0     0.5           4  0.415
90          0.2                 0.4        2.0     1.0           4  0.430
91          0.3                 0.4        0.0    -1.0           4  0.985
92          0.3                 0.4        0.0    -0.5           4  0.985
93          0.3                 0.4        0.0     0.0           4  0.995
94          0.3                 0.4        0.0     0.5           4  0.985
95          0.3                 0.4        0.0     1.0           4  0.960
96          0.3                 0.4        0.1    -1.0           4  0.955
97          0.3                 0.4        0.1    -0.5           4  0.985
98          0.3                 0.4        0.1     0.0           4  0.975
99          0.3                 0.4        0.1     0.5           4  0.985
100         0.3                 0.4        0.1     1.0           4  0.955
101         0.3                 0.4        0.2    -1.0           4  0.965
102         0.3                 0.4        0.2    -0.5           4  0.980
103         0.3                 0.4        0.2     0.0           4  0.995
104         0.3                 0.4        0.2     0.5           4  0.970
105         0.3                 0.4        0.2     1.0           4  0.965
106         0.3                 0.4        0.5    -1.0           4  0.925
107         0.3                 0.4        0.5    -0.5           4  0.985
108         0.3                 0.4        0.5     0.0           4  0.970
109         0.3                 0.4        0.5     0.5           4  0.960
110         0.3                 0.4        0.5     1.0           4  0.940
111         0.3                 0.4        1.0    -1.0           4  0.900
112         0.3                 0.4        1.0    -0.5           4  0.950
113         0.3                 0.4        1.0     0.0           4  0.960
114         0.3                 0.4        1.0     0.5           4  0.910
115         0.3                 0.4        1.0     1.0           4  0.860
116         0.3                 0.4        2.0    -1.0           4  0.675
117         0.3                 0.4        2.0    -0.5           4  0.705
118         0.3                 0.4        2.0     0.0           4  0.700
119         0.3                 0.4        2.0     0.5           4  0.660
120         0.3                 0.4        2.0     1.0           4  0.665
121         0.4                 0.4        0.0    -1.0           4  1.000
122         0.4                 0.4        0.0    -0.5           4  1.000
123         0.4                 0.4        0.0     0.0           4  1.000
124         0.4                 0.4        0.0     0.5           4  1.000
125         0.4                 0.4        0.0     1.0           4  0.990
126         0.4                 0.4        0.1    -1.0           4  1.000
127         0.4                 0.4        0.1    -0.5           4  1.000
128         0.4                 0.4        0.1     0.0           4  1.000
129         0.4                 0.4        0.1     0.5           4  1.000
130         0.4                 0.4        0.1     1.0           4  0.990
131         0.4                 0.4        0.2    -1.0           4  1.000
132         0.4                 0.4        0.2    -0.5           4  1.000
133         0.4                 0.4        0.2     0.0           4  1.000
134         0.4                 0.4        0.2     0.5           4  1.000
135         0.4                 0.4        0.2     1.0           4  1.000
136         0.4                 0.4        0.5    -1.0           4  1.000
137         0.4                 0.4        0.5    -0.5           4  1.000
138         0.4                 0.4        0.5     0.0           4  1.000
139         0.4                 0.4        0.5     0.5           4  0.995
140         0.4                 0.4        0.5     1.0           4  0.990
141         0.4                 0.4        1.0    -1.0           4  0.975
142         0.4                 0.4        1.0    -0.5           4  0.995
143         0.4                 0.4        1.0     0.0           4  0.990
144         0.4                 0.4        1.0     0.5           4  0.995
145         0.4                 0.4        1.0     1.0           4  0.965
146         0.4                 0.4        2.0    -1.0           4  0.935
147         0.4                 0.4        2.0    -0.5           4  0.915
148         0.4                 0.4        2.0     0.0           4  0.900
149         0.4                 0.4        2.0     0.5           4  0.895
150         0.4                 0.4        2.0     1.0           4  0.820
151         0.5                 0.4        0.0    -1.0           4  1.000
152         0.5                 0.4        0.0    -0.5           4  1.000
153         0.5                 0.4        0.0     0.0           4  1.000
154         0.5                 0.4        0.0     0.5           4  1.000
155         0.5                 0.4        0.0     1.0           4  1.000
156         0.5                 0.4        0.1    -1.0           4  1.000
157         0.5                 0.4        0.1    -0.5           4  1.000
158         0.5                 0.4        0.1     0.0           4  1.000
159         0.5                 0.4        0.1     0.5           4  1.000
160         0.5                 0.4        0.1     1.0           4  1.000
161         0.5                 0.4        0.2    -1.0           4  1.000
162         0.5                 0.4        0.2    -0.5           4  1.000
163         0.5                 0.4        0.2     0.0           4  1.000
164         0.5                 0.4        0.2     0.5           4  1.000
165         0.5                 0.4        0.2     1.0           4  1.000
166         0.5                 0.4        0.5    -1.0           4  1.000
167         0.5                 0.4        0.5    -0.5           4  1.000
168         0.5                 0.4        0.5     0.0           4  1.000
169         0.5                 0.4        0.5     0.5           4  1.000
170         0.5                 0.4        0.5     1.0           4  1.000
171         0.5                 0.4        1.0    -1.0           4  1.000
172         0.5                 0.4        1.0    -0.5           4  0.995
173         0.5                 0.4        1.0     0.0           4  1.000
174         0.5                 0.4        1.0     0.5           4  1.000
175         0.5                 0.4        1.0     1.0           4  1.000
176         0.5                 0.4        2.0    -1.0           4  0.970
177         0.5                 0.4        2.0    -0.5           4  0.990
178         0.5                 0.4        2.0     0.0           4  0.970
179         0.5                 0.4        2.0     0.5           4  0.965
180         0.5                 0.4        2.0     1.0           4  0.970
181         0.6                 0.4        0.0    -1.0           4  1.000
182         0.6                 0.4        0.0    -0.5           4  1.000
183         0.6                 0.4        0.0     0.0           4  1.000
184         0.6                 0.4        0.0     0.5           4  1.000
185         0.6                 0.4        0.0     1.0           4  1.000
186         0.6                 0.4        0.1    -1.0           4  1.000
187         0.6                 0.4        0.1    -0.5           4  1.000
188         0.6                 0.4        0.1     0.0           4  1.000
189         0.6                 0.4        0.1     0.5           4  1.000
190         0.6                 0.4        0.1     1.0           4  1.000
191         0.6                 0.4        0.2    -1.0           4  1.000
192         0.6                 0.4        0.2    -0.5           4  1.000
193         0.6                 0.4        0.2     0.0           4  1.000
194         0.6                 0.4        0.2     0.5           4  1.000
195         0.6                 0.4        0.2     1.0           4  1.000
196         0.6                 0.4        0.5    -1.0           4  1.000
197         0.6                 0.4        0.5    -0.5           4  1.000
198         0.6                 0.4        0.5     0.0           4  1.000
199         0.6                 0.4        0.5     0.5           4  1.000
200         0.6                 0.4        0.5     1.0           4  1.000
201         0.6                 0.4        1.0    -1.0           4  1.000
202         0.6                 0.4        1.0    -0.5           4  1.000
203         0.6                 0.4        1.0     0.0           4  1.000
204         0.6                 0.4        1.0     0.5           4  1.000
205         0.6                 0.4        1.0     1.0           4  1.000
206         0.6                 0.4        2.0    -1.0           4  0.985
207         0.6                 0.4        2.0    -0.5           4  0.995
208         0.6                 0.4        2.0     0.0           4  1.000
209         0.6                 0.4        2.0     0.5           4  0.990
210         0.6                 0.4        2.0     1.0           4  0.985
211         0.7                 0.4        0.0    -1.0           4  1.000
212         0.7                 0.4        0.0    -0.5           4  1.000
213         0.7                 0.4        0.0     0.0           4  1.000
214         0.7                 0.4        0.0     0.5           4  1.000
215         0.7                 0.4        0.0     1.0           4  1.000
216         0.7                 0.4        0.1    -1.0           4  1.000
217         0.7                 0.4        0.1    -0.5           4  1.000
218         0.7                 0.4        0.1     0.0           4  1.000
219         0.7                 0.4        0.1     0.5           4  1.000
220         0.7                 0.4        0.1     1.0           4  1.000
221         0.7                 0.4        0.2    -1.0           4  1.000
222         0.7                 0.4        0.2    -0.5           4  1.000
223         0.7                 0.4        0.2     0.0           4  1.000
224         0.7                 0.4        0.2     0.5           4  1.000
225         0.7                 0.4        0.2     1.0           4  1.000
226         0.7                 0.4        0.5    -1.0           4  1.000
227         0.7                 0.4        0.5    -0.5           4  1.000
228         0.7                 0.4        0.5     0.0           4  1.000
229         0.7                 0.4        0.5     0.5           4  1.000
230         0.7                 0.4        0.5     1.0           4  1.000
231         0.7                 0.4        1.0    -1.0           4  1.000
232         0.7                 0.4        1.0    -0.5           4  1.000
233         0.7                 0.4        1.0     0.0           4  1.000
234         0.7                 0.4        1.0     0.5           4  1.000
235         0.7                 0.4        1.0     1.0           4  1.000
236         0.7                 0.4        2.0    -1.0           4  0.995
237         0.7                 0.4        2.0    -0.5           4  1.000
238         0.7                 0.4        2.0     0.0           4  1.000
239         0.7                 0.4        2.0     0.5           4  1.000
240         0.7                 0.4        2.0     1.0           4  1.000
241         0.8                 0.4        0.0    -1.0           4  1.000
242         0.8                 0.4        0.0    -0.5           4  1.000
243         0.8                 0.4        0.0     0.0           4  1.000
244         0.8                 0.4        0.0     0.5           4  1.000
245         0.8                 0.4        0.0     1.0           4  1.000
246         0.8                 0.4        0.1    -1.0           4  1.000
247         0.8                 0.4        0.1    -0.5           4  1.000
248         0.8                 0.4        0.1     0.0           4  1.000
249         0.8                 0.4        0.1     0.5           4  1.000
250         0.8                 0.4        0.1     1.0           4  1.000
251         0.8                 0.4        0.2    -1.0           4  1.000
252         0.8                 0.4        0.2    -0.5           4  1.000
253         0.8                 0.4        0.2     0.0           4  1.000
254         0.8                 0.4        0.2     0.5           4  1.000
255         0.8                 0.4        0.2     1.0           4  1.000
256         0.8                 0.4        0.5    -1.0           4  1.000
257         0.8                 0.4        0.5    -0.5           4  1.000
258         0.8                 0.4        0.5     0.0           4  1.000
259         0.8                 0.4        0.5     0.5           4  1.000
260         0.8                 0.4        0.5     1.0           4  1.000
261         0.8                 0.4        1.0    -1.0           4  1.000
262         0.8                 0.4        1.0    -0.5           4  1.000
263         0.8                 0.4        1.0     0.0           4  1.000
264         0.8                 0.4        1.0     0.5           4  1.000
265         0.8                 0.4        1.0     1.0           4  1.000
266         0.8                 0.4        2.0    -1.0           4  1.000
267         0.8                 0.4        2.0    -0.5           4  1.000
268         0.8                 0.4        2.0     0.0           4  1.000
269         0.8                 0.4        2.0     0.5           4  1.000
270         0.8                 0.4        2.0     1.0           4  1.000
271         0.9                 0.4        0.0    -1.0           4  1.000
272         0.9                 0.4        0.0    -0.5           4  1.000
273         0.9                 0.4        0.0     0.0           4  1.000
274         0.9                 0.4        0.0     0.5           4  1.000
275         0.9                 0.4        0.0     1.0           4  1.000
276         0.9                 0.4        0.1    -1.0           4  1.000
277         0.9                 0.4        0.1    -0.5           4  1.000
278         0.9                 0.4        0.1     0.0           4  1.000
279         0.9                 0.4        0.1     0.5           4  1.000
280         0.9                 0.4        0.1     1.0           4  1.000
281         0.9                 0.4        0.2    -1.0           4  1.000
282         0.9                 0.4        0.2    -0.5           4  1.000
283         0.9                 0.4        0.2     0.0           4  1.000
284         0.9                 0.4        0.2     0.5           4  1.000
285         0.9                 0.4        0.2     1.0           4  1.000
286         0.9                 0.4        0.5    -1.0           4  1.000
287         0.9                 0.4        0.5    -0.5           4  1.000
288         0.9                 0.4        0.5     0.0           4  1.000
289         0.9                 0.4        0.5     0.5           4  1.000
290         0.9                 0.4        0.5     1.0           4  1.000
291         0.9                 0.4        1.0    -1.0           4  1.000
292         0.9                 0.4        1.0    -0.5           4  1.000
293         0.9                 0.4        1.0     0.0           4  1.000
294         0.9                 0.4        1.0     0.5           4  1.000
295         0.9                 0.4        1.0     1.0           4  1.000
296         0.9                 0.4        2.0    -1.0           4  1.000
297         0.9                 0.4        2.0    -0.5           4  1.000
298         0.9                 0.4        2.0     0.0           4  1.000
299         0.9                 0.4        2.0     0.5           4  1.000
300         0.9                 0.4        2.0     1.0           4  1.000
301         1.0                 0.4        0.0    -1.0           4  1.000
302         1.0                 0.4        0.0    -0.5           4  1.000
303         1.0                 0.4        0.0     0.0           4  1.000
304         1.0                 0.4        0.0     0.5           4  1.000
305         1.0                 0.4        0.0     1.0           4  1.000
306         1.0                 0.4        0.1    -1.0           4  1.000
307         1.0                 0.4        0.1    -0.5           4  1.000
308         1.0                 0.4        0.1     0.0           4  1.000
309         1.0                 0.4        0.1     0.5           4  1.000
310         1.0                 0.4        0.1     1.0           4  1.000
311         1.0                 0.4        0.2    -1.0           4  1.000
312         1.0                 0.4        0.2    -0.5           4  1.000
313         1.0                 0.4        0.2     0.0           4  1.000
314         1.0                 0.4        0.2     0.5           4  1.000
315         1.0                 0.4        0.2     1.0           4  1.000
316         1.0                 0.4        0.5    -1.0           4  1.000
317         1.0                 0.4        0.5    -0.5           4  1.000
318         1.0                 0.4        0.5     0.0           4  1.000
319         1.0                 0.4        0.5     0.5           4  1.000
320         1.0                 0.4        0.5     1.0           4  1.000
321         1.0                 0.4        1.0    -1.0           4  1.000
322         1.0                 0.4        1.0    -0.5           4  1.000
323         1.0                 0.4        1.0     0.0           4  1.000
324         1.0                 0.4        1.0     0.5           4  1.000
325         1.0                 0.4        1.0     1.0           4  1.000
326         1.0                 0.4        2.0    -1.0           4  1.000
327         1.0                 0.4        2.0    -0.5           4  1.000
328         1.0                 0.4        2.0     0.0           4  1.000
329         1.0                 0.4        2.0     0.5           4  1.000
330         1.0                 0.4        2.0     1.0           4  1.000
    ols_diag_pr robust_m_pr robust_mm_pr robust_s_pr
1         0.100       0.050        0.055       0.060
2         0.090       0.055        0.045       0.070
3         0.075       0.035        0.035       0.050
4         0.095       0.075        0.085       0.080
5         0.125       0.065        0.065       0.080
6         0.085       0.055        0.055       0.070
7         0.110       0.040        0.060       0.055
8         0.100       0.050        0.050       0.065
9         0.115       0.030        0.040       0.070
10        0.100       0.030        0.040       0.055
11        0.095       0.060        0.075       0.050
12        0.090       0.060        0.055       0.070
13        0.100       0.055        0.045       0.065
14        0.080       0.055        0.045       0.080
15        0.085       0.055        0.055       0.080
16        0.135       0.075        0.075       0.075
17        0.085       0.055        0.055       0.060
18        0.130       0.075        0.075       0.060
19        0.095       0.055        0.050       0.075
20        0.125       0.050        0.060       0.080
21        0.080       0.060        0.050       0.060
22        0.090       0.040        0.045       0.065
23        0.070       0.045        0.045       0.080
24        0.100       0.035        0.035       0.075
25        0.095       0.025        0.035       0.045
26        0.060       0.050        0.040       0.060
27        0.075       0.040        0.045       0.050
28        0.075       0.030        0.035       0.055
29        0.140       0.070        0.080       0.065
30        0.090       0.040        0.060       0.050
31        0.215       0.210        0.215       0.100
32        0.340       0.295        0.275       0.105
33        0.355       0.300        0.295       0.125
34        0.355       0.265        0.270       0.130
35        0.315       0.225        0.260       0.135
36        0.395       0.300        0.315       0.145
37        0.315       0.265        0.265       0.130
38        0.295       0.275        0.270       0.125
39        0.260       0.220        0.250       0.125
40        0.290       0.250        0.265       0.105
41        0.240       0.220        0.215       0.110
42        0.360       0.305        0.325       0.120
43        0.350       0.315        0.310       0.160
44        0.300       0.250        0.250       0.145
45        0.310       0.250        0.270       0.150
46        0.315       0.265        0.265       0.115
47        0.270       0.225        0.250       0.110
48        0.270       0.260        0.270       0.080
49        0.295       0.270        0.280       0.145
50        0.305       0.225        0.240       0.105
51        0.180       0.170        0.165       0.105
52        0.295       0.195        0.195       0.115
53        0.305       0.230        0.235       0.130
54        0.285       0.200        0.195       0.110
55        0.215       0.180        0.170       0.070
56        0.180       0.140        0.120       0.100
57        0.210       0.125        0.150       0.095
58        0.130       0.060        0.070       0.080
59        0.225       0.190        0.200       0.100
60        0.185       0.145        0.135       0.100
61        0.655       0.605        0.615       0.250
62        0.795       0.770        0.765       0.355
63        0.755       0.750        0.765       0.315
64        0.745       0.725        0.740       0.325
65        0.715       0.705        0.715       0.235
66        0.655       0.635        0.635       0.235
67        0.750       0.745        0.740       0.320
68        0.805       0.815        0.840       0.335
69        0.730       0.695        0.670       0.250
70        0.710       0.675        0.670       0.300
71        0.670       0.635        0.640       0.250
72        0.765       0.745        0.770       0.285
73        0.795       0.780        0.765       0.300
74        0.765       0.780        0.770       0.270
75        0.630       0.635        0.655       0.255
76        0.660       0.670        0.660       0.340
77        0.755       0.730        0.725       0.295
78        0.755       0.715        0.725       0.280
79        0.715       0.730        0.720       0.330
80        0.660       0.675        0.670       0.210
81        0.535       0.485        0.485       0.250
82        0.700       0.650        0.665       0.255
83        0.665       0.625        0.610       0.275
84        0.615       0.585        0.580       0.260
85        0.615       0.610        0.625       0.195
86        0.510       0.365        0.350       0.185
87        0.520       0.375        0.390       0.140
88        0.465       0.400        0.380       0.180
89        0.520       0.400        0.395       0.135
90        0.490       0.405        0.430       0.165
91        0.940       0.980        0.980       0.470
92        0.970       0.985        0.990       0.585
93        0.975       0.980        0.980       0.540
94        0.965       0.980        0.975       0.610
95        0.930       0.945        0.945       0.490
96        0.935       0.945        0.945       0.450
97        0.980       0.985        0.975       0.555
98        0.975       0.970        0.975       0.535
99        0.935       0.980        0.970       0.590
100       0.935       0.940        0.945       0.455
101       0.960       0.970        0.970       0.535
102       0.970       0.960        0.960       0.495
103       0.985       0.995        0.995       0.605
104       0.955       0.960        0.960       0.630
105       0.950       0.960        0.950       0.515
106       0.895       0.930        0.920       0.440
107       0.970       0.995        0.985       0.510
108       0.960       0.960        0.950       0.590
109       0.935       0.950        0.940       0.555
110       0.905       0.920        0.925       0.425
111       0.860       0.875        0.875       0.365
112       0.955       0.945        0.920       0.430
113       0.940       0.940        0.935       0.495
114       0.900       0.900        0.905       0.390
115       0.870       0.835        0.850       0.400
116       0.755       0.660        0.620       0.290
117       0.790       0.690        0.665       0.320
118       0.795       0.690        0.670       0.305
119       0.735       0.650        0.630       0.270
120       0.735       0.675        0.600       0.290
121       0.995       1.000        1.000       0.790
122       0.995       1.000        1.000       0.800
123       1.000       1.000        1.000       0.820
124       1.000       1.000        1.000       0.800
125       0.990       0.990        0.990       0.730
126       1.000       1.000        1.000       0.740
127       1.000       1.000        1.000       0.780
128       0.995       1.000        1.000       0.800
129       1.000       1.000        1.000       0.735
130       0.990       0.985        0.990       0.720
131       0.995       1.000        0.995       0.705
132       1.000       1.000        1.000       0.730
133       0.995       1.000        1.000       0.780
134       1.000       1.000        1.000       0.770
135       0.990       0.995        0.995       0.615
136       0.995       1.000        1.000       0.625
137       0.995       1.000        0.995       0.740
138       1.000       1.000        1.000       0.765
139       0.985       0.990        1.000       0.695
140       0.990       0.990        0.985       0.590
141       0.965       0.975        0.970       0.535
142       0.990       0.990        0.995       0.655
143       0.990       0.990        0.990       0.680
144       0.995       0.990        0.985       0.670
145       0.975       0.960        0.965       0.565
146       0.950       0.920        0.905       0.355
147       0.960       0.905        0.880       0.460
148       0.955       0.885        0.845       0.405
149       0.930       0.880        0.870       0.455
150       0.880       0.835        0.820       0.405
151       1.000       1.000        1.000       0.860
152       1.000       1.000        1.000       0.940
153       1.000       1.000        1.000       0.900
154       1.000       1.000        1.000       0.950
155       1.000       1.000        1.000       0.870
156       1.000       1.000        1.000       0.895
157       1.000       1.000        1.000       0.910
158       1.000       1.000        1.000       0.905
159       1.000       1.000        1.000       0.895
160       1.000       1.000        1.000       0.910
161       1.000       1.000        1.000       0.855
162       1.000       1.000        1.000       0.900
163       1.000       1.000        1.000       0.920
164       1.000       1.000        1.000       0.920
165       0.995       1.000        1.000       0.875
166       1.000       1.000        1.000       0.820
167       1.000       1.000        1.000       0.865
168       1.000       1.000        1.000       0.900
169       1.000       1.000        1.000       0.890
170       1.000       1.000        1.000       0.780
171       1.000       1.000        1.000       0.750
172       0.995       0.995        0.995       0.825
173       1.000       1.000        1.000       0.815
174       1.000       1.000        1.000       0.810
175       0.995       0.995        0.995       0.785
176       0.975       0.955        0.925       0.565
177       0.985       0.975        0.970       0.585
178       0.975       0.965        0.940       0.525
179       0.990       0.970        0.960       0.525
180       0.975       0.965        0.955       0.570
181       1.000       1.000        1.000       0.935
182       1.000       1.000        1.000       0.985
183       1.000       1.000        1.000       1.000
184       1.000       1.000        1.000       0.980
185       1.000       1.000        1.000       0.960
186       1.000       1.000        1.000       0.920
187       1.000       1.000        1.000       0.985
188       1.000       1.000        1.000       0.980
189       1.000       1.000        1.000       0.985
190       1.000       1.000        1.000       0.915
191       1.000       1.000        1.000       0.965
192       1.000       1.000        1.000       0.980
193       1.000       1.000        1.000       0.975
194       1.000       1.000        1.000       0.955
195       1.000       1.000        1.000       0.935
196       1.000       1.000        1.000       0.925
197       1.000       1.000        1.000       0.960
198       1.000       1.000        1.000       0.975
199       1.000       1.000        1.000       0.945
200       1.000       1.000        1.000       0.905
201       1.000       1.000        1.000       0.885
202       1.000       1.000        1.000       0.930
203       1.000       1.000        1.000       0.935
204       1.000       1.000        1.000       0.925
205       1.000       1.000        1.000       0.850
206       0.995       0.985        0.975       0.680
207       1.000       0.985        0.985       0.715
208       1.000       1.000        1.000       0.720
209       0.995       0.990        0.990       0.665
210       0.995       0.985        0.970       0.645
211       1.000       1.000        1.000       0.995
212       1.000       1.000        1.000       0.990
213       1.000       1.000        1.000       1.000
214       1.000       1.000        1.000       0.995
215       1.000       1.000        1.000       0.990
216       1.000       1.000        1.000       0.985
217       1.000       1.000        1.000       1.000
218       1.000       1.000        1.000       0.995
219       1.000       1.000        1.000       1.000
220       1.000       1.000        1.000       1.000
221       1.000       1.000        1.000       0.975
222       1.000       1.000        1.000       0.990
223       1.000       1.000        1.000       0.995
224       1.000       1.000        1.000       0.995
225       1.000       1.000        1.000       0.980
226       1.000       1.000        1.000       0.980
227       1.000       1.000        1.000       0.985
228       1.000       1.000        1.000       1.000
229       1.000       1.000        1.000       0.995
230       1.000       1.000        1.000       0.970
231       1.000       1.000        1.000       0.950
232       1.000       1.000        1.000       0.950
233       1.000       1.000        1.000       0.970
234       1.000       1.000        1.000       0.965
235       1.000       1.000        1.000       0.950
236       1.000       0.995        0.995       0.830
237       1.000       1.000        1.000       0.785
238       1.000       1.000        0.995       0.805
239       1.000       1.000        1.000       0.795
240       1.000       1.000        1.000       0.720
241       1.000       1.000        1.000       1.000
242       1.000       1.000        1.000       1.000
243       1.000       1.000        1.000       1.000
244       1.000       1.000        1.000       0.995
245       1.000       1.000        1.000       0.995
246       1.000       1.000        1.000       0.985
247       1.000       1.000        1.000       1.000
248       1.000       1.000        1.000       1.000
249       1.000       1.000        1.000       1.000
250       1.000       1.000        1.000       1.000
251       1.000       1.000        1.000       0.995
252       1.000       1.000        1.000       0.995
253       1.000       1.000        1.000       1.000
254       1.000       1.000        1.000       1.000
255       1.000       1.000        1.000       0.985
256       1.000       1.000        1.000       0.990
257       1.000       1.000        1.000       1.000
258       1.000       1.000        1.000       1.000
259       1.000       1.000        1.000       0.995
260       1.000       1.000        1.000       0.995
261       1.000       1.000        1.000       0.990
262       1.000       1.000        1.000       1.000
263       1.000       1.000        1.000       0.990
264       1.000       1.000        1.000       0.995
265       1.000       1.000        1.000       0.990
266       1.000       1.000        1.000       0.840
267       1.000       1.000        1.000       0.850
268       1.000       0.995        0.995       0.900
269       1.000       1.000        1.000       0.875
270       1.000       1.000        1.000       0.860
271       1.000       1.000        1.000       1.000
272       1.000       1.000        1.000       1.000
273       1.000       1.000        1.000       1.000
274       1.000       1.000        1.000       1.000
275       1.000       1.000        1.000       1.000
276       1.000       1.000        1.000       1.000
277       1.000       1.000        1.000       1.000
278       1.000       1.000        1.000       1.000
279       1.000       1.000        1.000       1.000
280       1.000       1.000        1.000       1.000
281       1.000       1.000        1.000       1.000
282       1.000       1.000        1.000       1.000
283       1.000       1.000        1.000       1.000
284       1.000       1.000        1.000       1.000
285       1.000       1.000        1.000       1.000
286       1.000       1.000        1.000       1.000
287       1.000       1.000        1.000       1.000
288       1.000       1.000        1.000       1.000
289       1.000       1.000        1.000       1.000
290       1.000       1.000        1.000       1.000
291       1.000       1.000        1.000       0.995
292       1.000       1.000        1.000       0.995
293       1.000       1.000        1.000       1.000
294       1.000       1.000        1.000       1.000
295       1.000       1.000        1.000       0.985
296       1.000       1.000        1.000       0.895
297       1.000       1.000        1.000       0.940
298       1.000       1.000        1.000       0.925
299       1.000       1.000        1.000       0.920
300       1.000       1.000        1.000       0.895
301       1.000       1.000        1.000       1.000
302       1.000       1.000        1.000       1.000
303       1.000       1.000        1.000       1.000
304       1.000       1.000        1.000       1.000
305       1.000       1.000        1.000       1.000
306       1.000       1.000        1.000       1.000
307       1.000       1.000        1.000       1.000
308       1.000       1.000        1.000       1.000
309       1.000       1.000        1.000       1.000
310       1.000       1.000        1.000       1.000
311       1.000       1.000        1.000       1.000
312       1.000       1.000        1.000       1.000
313       1.000       1.000        1.000       1.000
314       1.000       1.000        1.000       1.000
315       1.000       1.000        1.000       1.000
316       1.000       1.000        1.000       1.000
317       1.000       1.000        1.000       1.000
318       1.000       1.000        1.000       1.000
319       1.000       1.000        1.000       1.000
320       1.000       1.000        1.000       1.000
321       1.000       1.000        1.000       0.985
322       1.000       1.000        1.000       1.000
323       1.000       1.000        1.000       1.000
324       1.000       1.000        1.000       1.000
325       1.000       1.000        1.000       1.000
326       1.000       1.000        1.000       0.915
327       1.000       1.000        1.000       0.965
328       1.000       1.000        1.000       0.960
329       1.000       1.000        1.000       0.950
330       1.000       1.000        1.000       0.930
