[1] "beta_1: 0 contamination_level: 0 ctam_sigma: 0 ctam_mu: -0.1 n: 200 cook_cutoff: 4"
[1] "beta_1: 0 contamination_level: 0 ctam_sigma: 0 ctam_mu: -0.5 n: 200 cook_cutoff: 4"
[1] "beta_1: 0 contamination_level: 0 ctam_sigma: 0 ctam_mu: -1 n: 200 cook_cutoff: 4"
[1] "beta_1: 0 contamination_level: 0 ctam_sigma: 0 ctam_mu: -2 n: 200 cook_cutoff: 4"
[1] "beta_1: 0 contamination_level: 0 ctam_sigma: 0 ctam_mu: 0 n: 200 cook_cutoff: 4"
[1] "beta_1: 0 contamination_level: 0 ctam_sigma: 0 ctam_mu: 0.1 n: 200 cook_cutoff: 4"
[1] "beta_1: 0 contamination_level: 0 ctam_sigma: 0 ctam_mu: 0.5 n: 200 cook_cutoff: 4"
[1] "beta_1: 0 contamination_level: 0 ctam_sigma: 0 ctam_mu: 1 n: 200 cook_cutoff: 4"
[1] "beta_1: 0 contamination_level: 0 ctam_sigma: 0 ctam_mu: 2 n: 200 cook_cutoff: 4"
[1] "beta_1: 0 contamination_level: 0 ctam_sigma: 0.1 ctam_mu: -0.1 n: 200 cook_cutoff: 4"
[1] "beta_1: 0 contamination_level: 0 ctam_sigma: 0.1 ctam_mu: -0.5 n: 200 cook_cutoff: 4"
[1] "beta_1: 0 contamination_level: 0 ctam_sigma: 0.1 ctam_mu: -1 n: 200 cook_cutoff: 4"
[1] "beta_1: 0 contamination_level: 0 ctam_sigma: 0.1 ctam_mu: -2 n: 200 cook_cutoff: 4"
[1] "beta_1: 0 contamination_level: 0 ctam_sigma: 0.1 ctam_mu: 0 n: 200 cook_cutoff: 4"
[1] "beta_1: 0 contamination_level: 0 ctam_sigma: 0.1 ctam_mu: 0.1 n: 200 cook_cutoff: 4"
[1] "beta_1: 0 contamination_level: 0 ctam_sigma: 0.1 ctam_mu: 0.5 n: 200 cook_cutoff: 4"
[1] "beta_1: 0 contamination_level: 0 ctam_sigma: 0.1 ctam_mu: 1 n: 200 cook_cutoff: 4"
[1] "beta_1: 0 contamination_level: 0 ctam_sigma: 0.1 ctam_mu: 2 n: 200 cook_cutoff: 4"
[1] "beta_1: 0 contamination_level: 0 ctam_sigma: 0.5 ctam_mu: -0.1 n: 200 cook_cutoff: 4"
[1] "beta_1: 0 contamination_level: 0 ctam_sigma: 0.5 ctam_mu: -0.5 n: 200 cook_cutoff: 4"
[1] "beta_1: 0 contamination_level: 0 ctam_sigma: 0.5 ctam_mu: -1 n: 200 cook_cutoff: 4"
[1] "beta_1: 0 contamination_level: 0 ctam_sigma: 0.5 ctam_mu: -2 n: 200 cook_cutoff: 4"
[1] "beta_1: 0 contamination_level: 0 ctam_sigma: 0.5 ctam_mu: 0 n: 200 cook_cutoff: 4"
[1] "beta_1: 0 contamination_level: 0 ctam_sigma: 0.5 ctam_mu: 0.1 n: 200 cook_cutoff: 4"
[1] "beta_1: 0 contamination_level: 0 ctam_sigma: 0.5 ctam_mu: 0.5 n: 200 cook_cutoff: 4"
[1] "beta_1: 0 contamination_level: 0 ctam_sigma: 0.5 ctam_mu: 1 n: 200 cook_cutoff: 4"
[1] "beta_1: 0 contamination_level: 0 ctam_sigma: 0.5 ctam_mu: 2 n: 200 cook_cutoff: 4"
[1] "beta_1: 0 contamination_level: 0 ctam_sigma: 1 ctam_mu: -0.1 n: 200 cook_cutoff: 4"
[1] "beta_1: 0 contamination_level: 0 ctam_sigma: 1 ctam_mu: -0.5 n: 200 cook_cutoff: 4"
[1] "beta_1: 0 contamination_level: 0 ctam_sigma: 1 ctam_mu: -1 n: 200 cook_cutoff: 4"
[1] "beta_1: 0 contamination_level: 0 ctam_sigma: 1 ctam_mu: -2 n: 200 cook_cutoff: 4"
[1] "beta_1: 0 contamination_level: 0 ctam_sigma: 1 ctam_mu: 0 n: 200 cook_cutoff: 4"
[1] "beta_1: 0 contamination_level: 0 ctam_sigma: 1 ctam_mu: 0.1 n: 200 cook_cutoff: 4"
[1] "beta_1: 0 contamination_level: 0 ctam_sigma: 1 ctam_mu: 0.5 n: 200 cook_cutoff: 4"
[1] "beta_1: 0 contamination_level: 0 ctam_sigma: 1 ctam_mu: 1 n: 200 cook_cutoff: 4"
[1] "beta_1: 0 contamination_level: 0 ctam_sigma: 1 ctam_mu: 2 n: 200 cook_cutoff: 4"
[1] "beta_1: 0 contamination_level: 0 ctam_sigma: 2 ctam_mu: -0.1 n: 200 cook_cutoff: 4"
[1] "beta_1: 0 contamination_level: 0 ctam_sigma: 2 ctam_mu: -0.5 n: 200 cook_cutoff: 4"
[1] "beta_1: 0 contamination_level: 0 ctam_sigma: 2 ctam_mu: -1 n: 200 cook_cutoff: 4"
[1] "beta_1: 0 contamination_level: 0 ctam_sigma: 2 ctam_mu: -2 n: 200 cook_cutoff: 4"
[1] "beta_1: 0 contamination_level: 0 ctam_sigma: 2 ctam_mu: 0 n: 200 cook_cutoff: 4"
[1] "beta_1: 0 contamination_level: 0 ctam_sigma: 2 ctam_mu: 0.1 n: 200 cook_cutoff: 4"
[1] "beta_1: 0 contamination_level: 0 ctam_sigma: 2 ctam_mu: 0.5 n: 200 cook_cutoff: 4"
[1] "beta_1: 0 contamination_level: 0 ctam_sigma: 2 ctam_mu: 1 n: 200 cook_cutoff: 4"
[1] "beta_1: 0 contamination_level: 0 ctam_sigma: 2 ctam_mu: 2 n: 200 cook_cutoff: 4"
[1] "beta_1: 0 contamination_level: 0.1 ctam_sigma: 0 ctam_mu: -0.1 n: 200 cook_cutoff: 4"
[1] "beta_1: 0 contamination_level: 0.1 ctam_sigma: 0 ctam_mu: -0.5 n: 200 cook_cutoff: 4"
[1] "beta_1: 0 contamination_level: 0.1 ctam_sigma: 0 ctam_mu: -1 n: 200 cook_cutoff: 4"
[1] "beta_1: 0 contamination_level: 0.1 ctam_sigma: 0 ctam_mu: -2 n: 200 cook_cutoff: 4"
[1] "beta_1: 0 contamination_level: 0.1 ctam_sigma: 0 ctam_mu: 0 n: 200 cook_cutoff: 4"
[1] "beta_1: 0 contamination_level: 0.1 ctam_sigma: 0 ctam_mu: 0.1 n: 200 cook_cutoff: 4"
[1] "beta_1: 0 contamination_level: 0.1 ctam_sigma: 0 ctam_mu: 0.5 n: 200 cook_cutoff: 4"
[1] "beta_1: 0 contamination_level: 0.1 ctam_sigma: 0 ctam_mu: 1 n: 200 cook_cutoff: 4"
[1] "beta_1: 0 contamination_level: 0.1 ctam_sigma: 0 ctam_mu: 2 n: 200 cook_cutoff: 4"
[1] "beta_1: 0 contamination_level: 0.1 ctam_sigma: 0.1 ctam_mu: -0.1 n: 200 cook_cutoff: 4"
[1] "beta_1: 0 contamination_level: 0.1 ctam_sigma: 0.1 ctam_mu: -0.5 n: 200 cook_cutoff: 4"
[1] "beta_1: 0 contamination_level: 0.1 ctam_sigma: 0.1 ctam_mu: -1 n: 200 cook_cutoff: 4"
[1] "beta_1: 0 contamination_level: 0.1 ctam_sigma: 0.1 ctam_mu: -2 n: 200 cook_cutoff: 4"
[1] "beta_1: 0 contamination_level: 0.1 ctam_sigma: 0.1 ctam_mu: 0 n: 200 cook_cutoff: 4"
[1] "beta_1: 0 contamination_level: 0.1 ctam_sigma: 0.1 ctam_mu: 0.1 n: 200 cook_cutoff: 4"
[1] "beta_1: 0 contamination_level: 0.1 ctam_sigma: 0.1 ctam_mu: 0.5 n: 200 cook_cutoff: 4"
[1] "beta_1: 0 contamination_level: 0.1 ctam_sigma: 0.1 ctam_mu: 1 n: 200 cook_cutoff: 4"
[1] "beta_1: 0 contamination_level: 0.1 ctam_sigma: 0.1 ctam_mu: 2 n: 200 cook_cutoff: 4"
[1] "beta_1: 0 contamination_level: 0.1 ctam_sigma: 0.5 ctam_mu: -0.1 n: 200 cook_cutoff: 4"
[1] "beta_1: 0 contamination_level: 0.1 ctam_sigma: 0.5 ctam_mu: -0.5 n: 200 cook_cutoff: 4"
[1] "beta_1: 0 contamination_level: 0.1 ctam_sigma: 0.5 ctam_mu: -1 n: 200 cook_cutoff: 4"
[1] "beta_1: 0 contamination_level: 0.1 ctam_sigma: 0.5 ctam_mu: -2 n: 200 cook_cutoff: 4"
[1] "beta_1: 0 contamination_level: 0.1 ctam_sigma: 0.5 ctam_mu: 0 n: 200 cook_cutoff: 4"
[1] "beta_1: 0 contamination_level: 0.1 ctam_sigma: 0.5 ctam_mu: 0.1 n: 200 cook_cutoff: 4"
[1] "beta_1: 0 contamination_level: 0.1 ctam_sigma: 0.5 ctam_mu: 0.5 n: 200 cook_cutoff: 4"
[1] "beta_1: 0 contamination_level: 0.1 ctam_sigma: 0.5 ctam_mu: 1 n: 200 cook_cutoff: 4"
[1] "beta_1: 0 contamination_level: 0.1 ctam_sigma: 0.5 ctam_mu: 2 n: 200 cook_cutoff: 4"
[1] "beta_1: 0 contamination_level: 0.1 ctam_sigma: 1 ctam_mu: -0.1 n: 200 cook_cutoff: 4"
[1] "beta_1: 0 contamination_level: 0.1 ctam_sigma: 1 ctam_mu: -0.5 n: 200 cook_cutoff: 4"
[1] "beta_1: 0 contamination_level: 0.1 ctam_sigma: 1 ctam_mu: -1 n: 200 cook_cutoff: 4"
[1] "beta_1: 0 contamination_level: 0.1 ctam_sigma: 1 ctam_mu: -2 n: 200 cook_cutoff: 4"
[1] "beta_1: 0 contamination_level: 0.1 ctam_sigma: 1 ctam_mu: 0 n: 200 cook_cutoff: 4"
[1] "beta_1: 0 contamination_level: 0.1 ctam_sigma: 1 ctam_mu: 0.1 n: 200 cook_cutoff: 4"
[1] "beta_1: 0 contamination_level: 0.1 ctam_sigma: 1 ctam_mu: 0.5 n: 200 cook_cutoff: 4"
[1] "beta_1: 0 contamination_level: 0.1 ctam_sigma: 1 ctam_mu: 1 n: 200 cook_cutoff: 4"
[1] "beta_1: 0 contamination_level: 0.1 ctam_sigma: 1 ctam_mu: 2 n: 200 cook_cutoff: 4"
[1] "beta_1: 0 contamination_level: 0.1 ctam_sigma: 2 ctam_mu: -0.1 n: 200 cook_cutoff: 4"
[1] "beta_1: 0 contamination_level: 0.1 ctam_sigma: 2 ctam_mu: -0.5 n: 200 cook_cutoff: 4"
[1] "beta_1: 0 contamination_level: 0.1 ctam_sigma: 2 ctam_mu: -1 n: 200 cook_cutoff: 4"
[1] "beta_1: 0 contamination_level: 0.1 ctam_sigma: 2 ctam_mu: -2 n: 200 cook_cutoff: 4"
[1] "beta_1: 0 contamination_level: 0.1 ctam_sigma: 2 ctam_mu: 0 n: 200 cook_cutoff: 4"
[1] "beta_1: 0 contamination_level: 0.1 ctam_sigma: 2 ctam_mu: 0.1 n: 200 cook_cutoff: 4"
[1] "beta_1: 0 contamination_level: 0.1 ctam_sigma: 2 ctam_mu: 0.5 n: 200 cook_cutoff: 4"
[1] "beta_1: 0 contamination_level: 0.1 ctam_sigma: 2 ctam_mu: 1 n: 200 cook_cutoff: 4"
[1] "beta_1: 0 contamination_level: 0.1 ctam_sigma: 2 ctam_mu: 2 n: 200 cook_cutoff: 4"
[1] "beta_1: 0 contamination_level: 0.2 ctam_sigma: 0 ctam_mu: -0.1 n: 200 cook_cutoff: 4"
[1] "beta_1: 0 contamination_level: 0.2 ctam_sigma: 0 ctam_mu: -0.5 n: 200 cook_cutoff: 4"
[1] "beta_1: 0 contamination_level: 0.2 ctam_sigma: 0 ctam_mu: -1 n: 200 cook_cutoff: 4"
[1] "beta_1: 0 contamination_level: 0.2 ctam_sigma: 0 ctam_mu: -2 n: 200 cook_cutoff: 4"
[1] "beta_1: 0 contamination_level: 0.2 ctam_sigma: 0 ctam_mu: 0 n: 200 cook_cutoff: 4"
[1] "beta_1: 0 contamination_level: 0.2 ctam_sigma: 0 ctam_mu: 0.1 n: 200 cook_cutoff: 4"
[1] "beta_1: 0 contamination_level: 0.2 ctam_sigma: 0 ctam_mu: 0.5 n: 200 cook_cutoff: 4"
[1] "beta_1: 0 contamination_level: 0.2 ctam_sigma: 0 ctam_mu: 1 n: 200 cook_cutoff: 4"
[1] "beta_1: 0 contamination_level: 0.2 ctam_sigma: 0 ctam_mu: 2 n: 200 cook_cutoff: 4"
[1] "beta_1: 0 contamination_level: 0.2 ctam_sigma: 0.1 ctam_mu: -0.1 n: 200 cook_cutoff: 4"
[1] "beta_1: 0 contamination_level: 0.2 ctam_sigma: 0.1 ctam_mu: -0.5 n: 200 cook_cutoff: 4"
[1] "beta_1: 0 contamination_level: 0.2 ctam_sigma: 0.1 ctam_mu: -1 n: 200 cook_cutoff: 4"
[1] "beta_1: 0 contamination_level: 0.2 ctam_sigma: 0.1 ctam_mu: -2 n: 200 cook_cutoff: 4"
[1] "beta_1: 0 contamination_level: 0.2 ctam_sigma: 0.1 ctam_mu: 0 n: 200 cook_cutoff: 4"
[1] "beta_1: 0 contamination_level: 0.2 ctam_sigma: 0.1 ctam_mu: 0.1 n: 200 cook_cutoff: 4"
[1] "beta_1: 0 contamination_level: 0.2 ctam_sigma: 0.1 ctam_mu: 0.5 n: 200 cook_cutoff: 4"
[1] "beta_1: 0 contamination_level: 0.2 ctam_sigma: 0.1 ctam_mu: 1 n: 200 cook_cutoff: 4"
[1] "beta_1: 0 contamination_level: 0.2 ctam_sigma: 0.1 ctam_mu: 2 n: 200 cook_cutoff: 4"
[1] "beta_1: 0 contamination_level: 0.2 ctam_sigma: 0.5 ctam_mu: -0.1 n: 200 cook_cutoff: 4"
[1] "beta_1: 0 contamination_level: 0.2 ctam_sigma: 0.5 ctam_mu: -0.5 n: 200 cook_cutoff: 4"
[1] "beta_1: 0 contamination_level: 0.2 ctam_sigma: 0.5 ctam_mu: -1 n: 200 cook_cutoff: 4"
[1] "beta_1: 0 contamination_level: 0.2 ctam_sigma: 0.5 ctam_mu: -2 n: 200 cook_cutoff: 4"
[1] "beta_1: 0 contamination_level: 0.2 ctam_sigma: 0.5 ctam_mu: 0 n: 200 cook_cutoff: 4"
[1] "beta_1: 0 contamination_level: 0.2 ctam_sigma: 0.5 ctam_mu: 0.1 n: 200 cook_cutoff: 4"
[1] "beta_1: 0 contamination_level: 0.2 ctam_sigma: 0.5 ctam_mu: 0.5 n: 200 cook_cutoff: 4"
[1] "beta_1: 0 contamination_level: 0.2 ctam_sigma: 0.5 ctam_mu: 1 n: 200 cook_cutoff: 4"
[1] "beta_1: 0 contamination_level: 0.2 ctam_sigma: 0.5 ctam_mu: 2 n: 200 cook_cutoff: 4"
[1] "beta_1: 0 contamination_level: 0.2 ctam_sigma: 1 ctam_mu: -0.1 n: 200 cook_cutoff: 4"
[1] "beta_1: 0 contamination_level: 0.2 ctam_sigma: 1 ctam_mu: -0.5 n: 200 cook_cutoff: 4"
[1] "beta_1: 0 contamination_level: 0.2 ctam_sigma: 1 ctam_mu: -1 n: 200 cook_cutoff: 4"
[1] "beta_1: 0 contamination_level: 0.2 ctam_sigma: 1 ctam_mu: -2 n: 200 cook_cutoff: 4"
[1] "beta_1: 0 contamination_level: 0.2 ctam_sigma: 1 ctam_mu: 0 n: 200 cook_cutoff: 4"
[1] "beta_1: 0 contamination_level: 0.2 ctam_sigma: 1 ctam_mu: 0.1 n: 200 cook_cutoff: 4"
[1] "beta_1: 0 contamination_level: 0.2 ctam_sigma: 1 ctam_mu: 0.5 n: 200 cook_cutoff: 4"
[1] "beta_1: 0 contamination_level: 0.2 ctam_sigma: 1 ctam_mu: 1 n: 200 cook_cutoff: 4"
[1] "beta_1: 0 contamination_level: 0.2 ctam_sigma: 1 ctam_mu: 2 n: 200 cook_cutoff: 4"
[1] "beta_1: 0 contamination_level: 0.2 ctam_sigma: 2 ctam_mu: -0.1 n: 200 cook_cutoff: 4"
[1] "beta_1: 0 contamination_level: 0.2 ctam_sigma: 2 ctam_mu: -0.5 n: 200 cook_cutoff: 4"
[1] "beta_1: 0 contamination_level: 0.2 ctam_sigma: 2 ctam_mu: -1 n: 200 cook_cutoff: 4"
[1] "beta_1: 0 contamination_level: 0.2 ctam_sigma: 2 ctam_mu: -2 n: 200 cook_cutoff: 4"
[1] "beta_1: 0 contamination_level: 0.2 ctam_sigma: 2 ctam_mu: 0 n: 200 cook_cutoff: 4"
[1] "beta_1: 0 contamination_level: 0.2 ctam_sigma: 2 ctam_mu: 0.1 n: 200 cook_cutoff: 4"
[1] "beta_1: 0 contamination_level: 0.2 ctam_sigma: 2 ctam_mu: 0.5 n: 200 cook_cutoff: 4"
[1] "beta_1: 0 contamination_level: 0.2 ctam_sigma: 2 ctam_mu: 1 n: 200 cook_cutoff: 4"
[1] "beta_1: 0 contamination_level: 0.2 ctam_sigma: 2 ctam_mu: 2 n: 200 cook_cutoff: 4"
[1] "beta_1: 0 contamination_level: 0.3 ctam_sigma: 0 ctam_mu: -0.1 n: 200 cook_cutoff: 4"
[1] "beta_1: 0 contamination_level: 0.3 ctam_sigma: 0 ctam_mu: -0.5 n: 200 cook_cutoff: 4"
[1] "beta_1: 0 contamination_level: 0.3 ctam_sigma: 0 ctam_mu: -1 n: 200 cook_cutoff: 4"
[1] "beta_1: 0 contamination_level: 0.3 ctam_sigma: 0 ctam_mu: -2 n: 200 cook_cutoff: 4"
[1] "beta_1: 0 contamination_level: 0.3 ctam_sigma: 0 ctam_mu: 0 n: 200 cook_cutoff: 4"
[1] "beta_1: 0 contamination_level: 0.3 ctam_sigma: 0 ctam_mu: 0.1 n: 200 cook_cutoff: 4"
[1] "beta_1: 0 contamination_level: 0.3 ctam_sigma: 0 ctam_mu: 0.5 n: 200 cook_cutoff: 4"
[1] "beta_1: 0 contamination_level: 0.3 ctam_sigma: 0 ctam_mu: 1 n: 200 cook_cutoff: 4"
[1] "beta_1: 0 contamination_level: 0.3 ctam_sigma: 0 ctam_mu: 2 n: 200 cook_cutoff: 4"
[1] "beta_1: 0 contamination_level: 0.3 ctam_sigma: 0.1 ctam_mu: -0.1 n: 200 cook_cutoff: 4"
[1] "beta_1: 0 contamination_level: 0.3 ctam_sigma: 0.1 ctam_mu: -0.5 n: 200 cook_cutoff: 4"
[1] "beta_1: 0 contamination_level: 0.3 ctam_sigma: 0.1 ctam_mu: -1 n: 200 cook_cutoff: 4"
[1] "beta_1: 0 contamination_level: 0.3 ctam_sigma: 0.1 ctam_mu: -2 n: 200 cook_cutoff: 4"
[1] "beta_1: 0 contamination_level: 0.3 ctam_sigma: 0.1 ctam_mu: 0 n: 200 cook_cutoff: 4"
[1] "beta_1: 0 contamination_level: 0.3 ctam_sigma: 0.1 ctam_mu: 0.1 n: 200 cook_cutoff: 4"
[1] "beta_1: 0 contamination_level: 0.3 ctam_sigma: 0.1 ctam_mu: 0.5 n: 200 cook_cutoff: 4"
[1] "beta_1: 0 contamination_level: 0.3 ctam_sigma: 0.1 ctam_mu: 1 n: 200 cook_cutoff: 4"
[1] "beta_1: 0 contamination_level: 0.3 ctam_sigma: 0.1 ctam_mu: 2 n: 200 cook_cutoff: 4"
[1] "beta_1: 0 contamination_level: 0.3 ctam_sigma: 0.5 ctam_mu: -0.1 n: 200 cook_cutoff: 4"
[1] "beta_1: 0 contamination_level: 0.3 ctam_sigma: 0.5 ctam_mu: -0.5 n: 200 cook_cutoff: 4"
[1] "beta_1: 0 contamination_level: 0.3 ctam_sigma: 0.5 ctam_mu: -1 n: 200 cook_cutoff: 4"
[1] "beta_1: 0 contamination_level: 0.3 ctam_sigma: 0.5 ctam_mu: -2 n: 200 cook_cutoff: 4"
[1] "beta_1: 0 contamination_level: 0.3 ctam_sigma: 0.5 ctam_mu: 0 n: 200 cook_cutoff: 4"
[1] "beta_1: 0 contamination_level: 0.3 ctam_sigma: 0.5 ctam_mu: 0.1 n: 200 cook_cutoff: 4"
[1] "beta_1: 0 contamination_level: 0.3 ctam_sigma: 0.5 ctam_mu: 0.5 n: 200 cook_cutoff: 4"
[1] "beta_1: 0 contamination_level: 0.3 ctam_sigma: 0.5 ctam_mu: 1 n: 200 cook_cutoff: 4"
[1] "beta_1: 0 contamination_level: 0.3 ctam_sigma: 0.5 ctam_mu: 2 n: 200 cook_cutoff: 4"
[1] "beta_1: 0 contamination_level: 0.3 ctam_sigma: 1 ctam_mu: -0.1 n: 200 cook_cutoff: 4"
[1] "beta_1: 0 contamination_level: 0.3 ctam_sigma: 1 ctam_mu: -0.5 n: 200 cook_cutoff: 4"
[1] "beta_1: 0 contamination_level: 0.3 ctam_sigma: 1 ctam_mu: -1 n: 200 cook_cutoff: 4"
[1] "beta_1: 0 contamination_level: 0.3 ctam_sigma: 1 ctam_mu: -2 n: 200 cook_cutoff: 4"
[1] "beta_1: 0 contamination_level: 0.3 ctam_sigma: 1 ctam_mu: 0 n: 200 cook_cutoff: 4"
[1] "beta_1: 0 contamination_level: 0.3 ctam_sigma: 1 ctam_mu: 0.1 n: 200 cook_cutoff: 4"
[1] "beta_1: 0 contamination_level: 0.3 ctam_sigma: 1 ctam_mu: 0.5 n: 200 cook_cutoff: 4"
[1] "beta_1: 0 contamination_level: 0.3 ctam_sigma: 1 ctam_mu: 1 n: 200 cook_cutoff: 4"
[1] "beta_1: 0 contamination_level: 0.3 ctam_sigma: 1 ctam_mu: 2 n: 200 cook_cutoff: 4"
[1] "beta_1: 0 contamination_level: 0.3 ctam_sigma: 2 ctam_mu: -0.1 n: 200 cook_cutoff: 4"
[1] "beta_1: 0 contamination_level: 0.3 ctam_sigma: 2 ctam_mu: -0.5 n: 200 cook_cutoff: 4"
[1] "beta_1: 0 contamination_level: 0.3 ctam_sigma: 2 ctam_mu: -1 n: 200 cook_cutoff: 4"
[1] "beta_1: 0 contamination_level: 0.3 ctam_sigma: 2 ctam_mu: -2 n: 200 cook_cutoff: 4"
[1] "beta_1: 0 contamination_level: 0.3 ctam_sigma: 2 ctam_mu: 0 n: 200 cook_cutoff: 4"
[1] "beta_1: 0 contamination_level: 0.3 ctam_sigma: 2 ctam_mu: 0.1 n: 200 cook_cutoff: 4"
[1] "beta_1: 0 contamination_level: 0.3 ctam_sigma: 2 ctam_mu: 0.5 n: 200 cook_cutoff: 4"
[1] "beta_1: 0 contamination_level: 0.3 ctam_sigma: 2 ctam_mu: 1 n: 200 cook_cutoff: 4"
[1] "beta_1: 0 contamination_level: 0.3 ctam_sigma: 2 ctam_mu: 2 n: 200 cook_cutoff: 4"
[1] "beta_1: 0 contamination_level: 0.4 ctam_sigma: 0 ctam_mu: -0.1 n: 200 cook_cutoff: 4"
[1] "beta_1: 0 contamination_level: 0.4 ctam_sigma: 0 ctam_mu: -0.5 n: 200 cook_cutoff: 4"
[1] "beta_1: 0 contamination_level: 0.4 ctam_sigma: 0 ctam_mu: -1 n: 200 cook_cutoff: 4"
[1] "beta_1: 0 contamination_level: 0.4 ctam_sigma: 0 ctam_mu: -2 n: 200 cook_cutoff: 4"
[1] "beta_1: 0 contamination_level: 0.4 ctam_sigma: 0 ctam_mu: 0 n: 200 cook_cutoff: 4"
[1] "beta_1: 0 contamination_level: 0.4 ctam_sigma: 0 ctam_mu: 0.1 n: 200 cook_cutoff: 4"
[1] "beta_1: 0 contamination_level: 0.4 ctam_sigma: 0 ctam_mu: 0.5 n: 200 cook_cutoff: 4"
[1] "beta_1: 0 contamination_level: 0.4 ctam_sigma: 0 ctam_mu: 1 n: 200 cook_cutoff: 4"
[1] "beta_1: 0 contamination_level: 0.4 ctam_sigma: 0 ctam_mu: 2 n: 200 cook_cutoff: 4"
[1] "beta_1: 0 contamination_level: 0.4 ctam_sigma: 0.1 ctam_mu: -0.1 n: 200 cook_cutoff: 4"
[1] "beta_1: 0 contamination_level: 0.4 ctam_sigma: 0.1 ctam_mu: -0.5 n: 200 cook_cutoff: 4"
[1] "beta_1: 0 contamination_level: 0.4 ctam_sigma: 0.1 ctam_mu: -1 n: 200 cook_cutoff: 4"
[1] "beta_1: 0 contamination_level: 0.4 ctam_sigma: 0.1 ctam_mu: -2 n: 200 cook_cutoff: 4"
[1] "beta_1: 0 contamination_level: 0.4 ctam_sigma: 0.1 ctam_mu: 0 n: 200 cook_cutoff: 4"
[1] "beta_1: 0 contamination_level: 0.4 ctam_sigma: 0.1 ctam_mu: 0.1 n: 200 cook_cutoff: 4"
[1] "beta_1: 0 contamination_level: 0.4 ctam_sigma: 0.1 ctam_mu: 0.5 n: 200 cook_cutoff: 4"
[1] "beta_1: 0 contamination_level: 0.4 ctam_sigma: 0.1 ctam_mu: 1 n: 200 cook_cutoff: 4"
[1] "beta_1: 0 contamination_level: 0.4 ctam_sigma: 0.1 ctam_mu: 2 n: 200 cook_cutoff: 4"
[1] "beta_1: 0 contamination_level: 0.4 ctam_sigma: 0.5 ctam_mu: -0.1 n: 200 cook_cutoff: 4"
[1] "beta_1: 0 contamination_level: 0.4 ctam_sigma: 0.5 ctam_mu: -0.5 n: 200 cook_cutoff: 4"
[1] "beta_1: 0 contamination_level: 0.4 ctam_sigma: 0.5 ctam_mu: -1 n: 200 cook_cutoff: 4"
