[1] "n: 50 p_n: 0.1 p: 5 contamination_level: 0 ctam_sigma: 1 ctam_mu: 0 cook_cutoff: 4"
[1] "n: 50 p_n: 0.1 p: 5 contamination_level: 0.1 ctam_sigma: 1 ctam_mu: 0 cook_cutoff: 4"
[1] "n: 50 p_n: 0.1 p: 5 contamination_level: 0.2 ctam_sigma: 1 ctam_mu: 0 cook_cutoff: 4"
[1] "n: 50 p_n: 0.1 p: 5 contamination_level: 0.3 ctam_sigma: 1 ctam_mu: 0 cook_cutoff: 4"
[1] "n: 50 p_n: 0.1 p: 5 contamination_level: 0.4 ctam_sigma: 1 ctam_mu: 0 cook_cutoff: 4"
[1] "n: 50 p_n: 0.1 p: 5 contamination_level: 0.5 ctam_sigma: 1 ctam_mu: 0 cook_cutoff: 4"
[1] "n: 50 p_n: 0.3 p: 15 contamination_level: 0 ctam_sigma: 1 ctam_mu: 0 cook_cutoff: 4"
[1] "n: 50 p_n: 0.3 p: 15 contamination_level: 0.1 ctam_sigma: 1 ctam_mu: 0 cook_cutoff: 4"
[1] "n: 50 p_n: 0.3 p: 15 contamination_level: 0.2 ctam_sigma: 1 ctam_mu: 0 cook_cutoff: 4"
[1] "n: 50 p_n: 0.3 p: 15 contamination_level: 0.3 ctam_sigma: 1 ctam_mu: 0 cook_cutoff: 4"
[1] "n: 50 p_n: 0.3 p: 15 contamination_level: 0.4 ctam_sigma: 1 ctam_mu: 0 cook_cutoff: 4"
[1] "n: 50 p_n: 0.3 p: 15 contamination_level: 0.5 ctam_sigma: 1 ctam_mu: 0 cook_cutoff: 4"
[1] "n: 50 p_n: 0.5 p: 25 contamination_level: 0 ctam_sigma: 1 ctam_mu: 0 cook_cutoff: 4"
[1] "n: 50 p_n: 0.5 p: 25 contamination_level: 0.1 ctam_sigma: 1 ctam_mu: 0 cook_cutoff: 4"
[1] "n: 50 p_n: 0.5 p: 25 contamination_level: 0.2 ctam_sigma: 1 ctam_mu: 0 cook_cutoff: 4"
[1] "n: 50 p_n: 0.5 p: 25 contamination_level: 0.3 ctam_sigma: 1 ctam_mu: 0 cook_cutoff: 4"
[1] "n: 50 p_n: 0.5 p: 25 contamination_level: 0.4 ctam_sigma: 1 ctam_mu: 0 cook_cutoff: 4"
[1] "n: 50 p_n: 0.5 p: 25 contamination_level: 0.5 ctam_sigma: 1 ctam_mu: 0 cook_cutoff: 4"
[1] "n: 50 p_n: 0.7 p: 35 contamination_level: 0 ctam_sigma: 1 ctam_mu: 0 cook_cutoff: 4"
[1] "n: 50 p_n: 0.7 p: 35 contamination_level: 0.1 ctam_sigma: 1 ctam_mu: 0 cook_cutoff: 4"
[1] "n: 50 p_n: 0.7 p: 35 contamination_level: 0.2 ctam_sigma: 1 ctam_mu: 0 cook_cutoff: 4"
[1] "n: 50 p_n: 0.7 p: 35 contamination_level: 0.3 ctam_sigma: 1 ctam_mu: 0 cook_cutoff: 4"
[1] "n: 50 p_n: 0.7 p: 35 contamination_level: 0.4 ctam_sigma: 1 ctam_mu: 0 cook_cutoff: 4"
[1] "n: 50 p_n: 0.7 p: 35 contamination_level: 0.5 ctam_sigma: 1 ctam_mu: 0 cook_cutoff: 4"
[1] "n: 50 p_n: 0.9 p: 45 contamination_level: 0 ctam_sigma: 1 ctam_mu: 0 cook_cutoff: 4"
[1] "n: 50 p_n: 0.9 p: 45 contamination_level: 0.1 ctam_sigma: 1 ctam_mu: 0 cook_cutoff: 4"
[1] "n: 50 p_n: 0.9 p: 45 contamination_level: 0.2 ctam_sigma: 1 ctam_mu: 0 cook_cutoff: 4"
[1] "n: 50 p_n: 0.9 p: 45 contamination_level: 0.3 ctam_sigma: 1 ctam_mu: 0 cook_cutoff: 4"
[1] "n: 50 p_n: 0.9 p: 45 contamination_level: 0.4 ctam_sigma: 1 ctam_mu: 0 cook_cutoff: 4"
[1] "n: 50 p_n: 0.9 p: 45 contamination_level: 0.5 ctam_sigma: 1 ctam_mu: 0 cook_cutoff: 4"
[1] "n: 100 p_n: 0.1 p: 10 contamination_level: 0 ctam_sigma: 1 ctam_mu: 0 cook_cutoff: 4"
[1] "n: 100 p_n: 0.1 p: 10 contamination_level: 0.1 ctam_sigma: 1 ctam_mu: 0 cook_cutoff: 4"
[1] "n: 100 p_n: 0.1 p: 10 contamination_level: 0.2 ctam_sigma: 1 ctam_mu: 0 cook_cutoff: 4"
[1] "n: 100 p_n: 0.1 p: 10 contamination_level: 0.3 ctam_sigma: 1 ctam_mu: 0 cook_cutoff: 4"
[1] "n: 100 p_n: 0.1 p: 10 contamination_level: 0.4 ctam_sigma: 1 ctam_mu: 0 cook_cutoff: 4"
[1] "n: 100 p_n: 0.1 p: 10 contamination_level: 0.5 ctam_sigma: 1 ctam_mu: 0 cook_cutoff: 4"
[1] "n: 100 p_n: 0.3 p: 30 contamination_level: 0 ctam_sigma: 1 ctam_mu: 0 cook_cutoff: 4"
[1] "n: 100 p_n: 0.3 p: 30 contamination_level: 0.1 ctam_sigma: 1 ctam_mu: 0 cook_cutoff: 4"
[1] "n: 100 p_n: 0.3 p: 30 contamination_level: 0.2 ctam_sigma: 1 ctam_mu: 0 cook_cutoff: 4"
[1] "n: 100 p_n: 0.3 p: 30 contamination_level: 0.3 ctam_sigma: 1 ctam_mu: 0 cook_cutoff: 4"
[1] "n: 100 p_n: 0.3 p: 30 contamination_level: 0.4 ctam_sigma: 1 ctam_mu: 0 cook_cutoff: 4"
[1] "n: 100 p_n: 0.3 p: 30 contamination_level: 0.5 ctam_sigma: 1 ctam_mu: 0 cook_cutoff: 4"
[1] "n: 100 p_n: 0.5 p: 50 contamination_level: 0 ctam_sigma: 1 ctam_mu: 0 cook_cutoff: 4"
[1] "n: 100 p_n: 0.5 p: 50 contamination_level: 0.1 ctam_sigma: 1 ctam_mu: 0 cook_cutoff: 4"
[1] "n: 100 p_n: 0.5 p: 50 contamination_level: 0.2 ctam_sigma: 1 ctam_mu: 0 cook_cutoff: 4"
[1] "n: 100 p_n: 0.5 p: 50 contamination_level: 0.3 ctam_sigma: 1 ctam_mu: 0 cook_cutoff: 4"
[1] "n: 100 p_n: 0.5 p: 50 contamination_level: 0.4 ctam_sigma: 1 ctam_mu: 0 cook_cutoff: 4"
[1] "n: 100 p_n: 0.5 p: 50 contamination_level: 0.5 ctam_sigma: 1 ctam_mu: 0 cook_cutoff: 4"
[1] "n: 100 p_n: 0.7 p: 70 contamination_level: 0 ctam_sigma: 1 ctam_mu: 0 cook_cutoff: 4"
[1] "n: 100 p_n: 0.7 p: 70 contamination_level: 0.1 ctam_sigma: 1 ctam_mu: 0 cook_cutoff: 4"
[1] "n: 100 p_n: 0.7 p: 70 contamination_level: 0.2 ctam_sigma: 1 ctam_mu: 0 cook_cutoff: 4"
[1] "n: 100 p_n: 0.7 p: 70 contamination_level: 0.3 ctam_sigma: 1 ctam_mu: 0 cook_cutoff: 4"
[1] "n: 100 p_n: 0.7 p: 70 contamination_level: 0.4 ctam_sigma: 1 ctam_mu: 0 cook_cutoff: 4"
[1] "n: 100 p_n: 0.7 p: 70 contamination_level: 0.5 ctam_sigma: 1 ctam_mu: 0 cook_cutoff: 4"
[1] "n: 100 p_n: 0.9 p: 90 contamination_level: 0 ctam_sigma: 1 ctam_mu: 0 cook_cutoff: 4"
[1] "n: 100 p_n: 0.9 p: 90 contamination_level: 0.1 ctam_sigma: 1 ctam_mu: 0 cook_cutoff: 4"
[1] "n: 100 p_n: 0.9 p: 90 contamination_level: 0.2 ctam_sigma: 1 ctam_mu: 0 cook_cutoff: 4"
[1] "n: 100 p_n: 0.9 p: 90 contamination_level: 0.3 ctam_sigma: 1 ctam_mu: 0 cook_cutoff: 4"
[1] "n: 100 p_n: 0.9 p: 90 contamination_level: 0.4 ctam_sigma: 1 ctam_mu: 0 cook_cutoff: 4"
[1] "n: 100 p_n: 0.9 p: 90 contamination_level: 0.5 ctam_sigma: 1 ctam_mu: 0 cook_cutoff: 4"
[1] "n: 200 p_n: 0.1 p: 20 contamination_level: 0 ctam_sigma: 1 ctam_mu: 0 cook_cutoff: 4"
[1] "n: 200 p_n: 0.1 p: 20 contamination_level: 0.1 ctam_sigma: 1 ctam_mu: 0 cook_cutoff: 4"
[1] "n: 200 p_n: 0.1 p: 20 contamination_level: 0.2 ctam_sigma: 1 ctam_mu: 0 cook_cutoff: 4"
[1] "n: 200 p_n: 0.1 p: 20 contamination_level: 0.3 ctam_sigma: 1 ctam_mu: 0 cook_cutoff: 4"
[1] "n: 200 p_n: 0.1 p: 20 contamination_level: 0.4 ctam_sigma: 1 ctam_mu: 0 cook_cutoff: 4"
[1] "n: 200 p_n: 0.1 p: 20 contamination_level: 0.5 ctam_sigma: 1 ctam_mu: 0 cook_cutoff: 4"
[1] "n: 200 p_n: 0.3 p: 60 contamination_level: 0 ctam_sigma: 1 ctam_mu: 0 cook_cutoff: 4"
[1] "n: 200 p_n: 0.3 p: 60 contamination_level: 0.1 ctam_sigma: 1 ctam_mu: 0 cook_cutoff: 4"
[1] "n: 200 p_n: 0.3 p: 60 contamination_level: 0.2 ctam_sigma: 1 ctam_mu: 0 cook_cutoff: 4"
[1] "n: 200 p_n: 0.3 p: 60 contamination_level: 0.3 ctam_sigma: 1 ctam_mu: 0 cook_cutoff: 4"
[1] "n: 200 p_n: 0.3 p: 60 contamination_level: 0.4 ctam_sigma: 1 ctam_mu: 0 cook_cutoff: 4"
[1] "n: 200 p_n: 0.3 p: 60 contamination_level: 0.5 ctam_sigma: 1 ctam_mu: 0 cook_cutoff: 4"
[1] "n: 200 p_n: 0.5 p: 100 contamination_level: 0 ctam_sigma: 1 ctam_mu: 0 cook_cutoff: 4"
[1] "n: 200 p_n: 0.5 p: 100 contamination_level: 0.1 ctam_sigma: 1 ctam_mu: 0 cook_cutoff: 4"
[1] "n: 200 p_n: 0.5 p: 100 contamination_level: 0.2 ctam_sigma: 1 ctam_mu: 0 cook_cutoff: 4"
[1] "n: 200 p_n: 0.5 p: 100 contamination_level: 0.3 ctam_sigma: 1 ctam_mu: 0 cook_cutoff: 4"
[1] "n: 200 p_n: 0.5 p: 100 contamination_level: 0.4 ctam_sigma: 1 ctam_mu: 0 cook_cutoff: 4"
[1] "n: 200 p_n: 0.5 p: 100 contamination_level: 0.5 ctam_sigma: 1 ctam_mu: 0 cook_cutoff: 4"
[1] "n: 200 p_n: 0.7 p: 140 contamination_level: 0 ctam_sigma: 1 ctam_mu: 0 cook_cutoff: 4"
[1] "n: 200 p_n: 0.7 p: 140 contamination_level: 0.1 ctam_sigma: 1 ctam_mu: 0 cook_cutoff: 4"
[1] "n: 200 p_n: 0.7 p: 140 contamination_level: 0.2 ctam_sigma: 1 ctam_mu: 0 cook_cutoff: 4"
[1] "n: 200 p_n: 0.7 p: 140 contamination_level: 0.3 ctam_sigma: 1 ctam_mu: 0 cook_cutoff: 4"
[1] "n: 200 p_n: 0.7 p: 140 contamination_level: 0.4 ctam_sigma: 1 ctam_mu: 0 cook_cutoff: 4"
[1] "n: 200 p_n: 0.7 p: 140 contamination_level: 0.5 ctam_sigma: 1 ctam_mu: 0 cook_cutoff: 4"
[1] "n: 200 p_n: 0.9 p: 180 contamination_level: 0 ctam_sigma: 1 ctam_mu: 0 cook_cutoff: 4"
[1] "n: 200 p_n: 0.9 p: 180 contamination_level: 0.1 ctam_sigma: 1 ctam_mu: 0 cook_cutoff: 4"
[1] "n: 200 p_n: 0.9 p: 180 contamination_level: 0.2 ctam_sigma: 1 ctam_mu: 0 cook_cutoff: 4"
[1] "n: 200 p_n: 0.9 p: 180 contamination_level: 0.3 ctam_sigma: 1 ctam_mu: 0 cook_cutoff: 4"
[1] "n: 200 p_n: 0.9 p: 180 contamination_level: 0.4 ctam_sigma: 1 ctam_mu: 0 cook_cutoff: 4"
[1] "n: 200 p_n: 0.9 p: 180 contamination_level: 0.5 ctam_sigma: 1 ctam_mu: 0 cook_cutoff: 4"
[1] "n: 400 p_n: 0.1 p: 40 contamination_level: 0 ctam_sigma: 1 ctam_mu: 0 cook_cutoff: 4"
[1] "n: 400 p_n: 0.1 p: 40 contamination_level: 0.1 ctam_sigma: 1 ctam_mu: 0 cook_cutoff: 4"
[1] "n: 400 p_n: 0.1 p: 40 contamination_level: 0.2 ctam_sigma: 1 ctam_mu: 0 cook_cutoff: 4"
[1] "n: 400 p_n: 0.1 p: 40 contamination_level: 0.3 ctam_sigma: 1 ctam_mu: 0 cook_cutoff: 4"
[1] "n: 400 p_n: 0.1 p: 40 contamination_level: 0.4 ctam_sigma: 1 ctam_mu: 0 cook_cutoff: 4"
[1] "n: 400 p_n: 0.1 p: 40 contamination_level: 0.5 ctam_sigma: 1 ctam_mu: 0 cook_cutoff: 4"
[1] "n: 400 p_n: 0.3 p: 120 contamination_level: 0 ctam_sigma: 1 ctam_mu: 0 cook_cutoff: 4"
[1] "n: 400 p_n: 0.3 p: 120 contamination_level: 0.1 ctam_sigma: 1 ctam_mu: 0 cook_cutoff: 4"
[1] "n: 400 p_n: 0.3 p: 120 contamination_level: 0.2 ctam_sigma: 1 ctam_mu: 0 cook_cutoff: 4"
[1] "n: 400 p_n: 0.3 p: 120 contamination_level: 0.3 ctam_sigma: 1 ctam_mu: 0 cook_cutoff: 4"
[1] "n: 400 p_n: 0.3 p: 120 contamination_level: 0.4 ctam_sigma: 1 ctam_mu: 0 cook_cutoff: 4"
[1] "n: 400 p_n: 0.3 p: 120 contamination_level: 0.5 ctam_sigma: 1 ctam_mu: 0 cook_cutoff: 4"
[1] "n: 400 p_n: 0.5 p: 200 contamination_level: 0 ctam_sigma: 1 ctam_mu: 0 cook_cutoff: 4"
[1] "n: 400 p_n: 0.5 p: 200 contamination_level: 0.1 ctam_sigma: 1 ctam_mu: 0 cook_cutoff: 4"
[1] "n: 400 p_n: 0.5 p: 200 contamination_level: 0.2 ctam_sigma: 1 ctam_mu: 0 cook_cutoff: 4"
[1] "n: 400 p_n: 0.5 p: 200 contamination_level: 0.3 ctam_sigma: 1 ctam_mu: 0 cook_cutoff: 4"
[1] "n: 400 p_n: 0.5 p: 200 contamination_level: 0.4 ctam_sigma: 1 ctam_mu: 0 cook_cutoff: 4"
[1] "n: 400 p_n: 0.5 p: 200 contamination_level: 0.5 ctam_sigma: 1 ctam_mu: 0 cook_cutoff: 4"
[1] "n: 400 p_n: 0.7 p: 280 contamination_level: 0 ctam_sigma: 1 ctam_mu: 0 cook_cutoff: 4"
[1] "n: 400 p_n: 0.7 p: 280 contamination_level: 0.1 ctam_sigma: 1 ctam_mu: 0 cook_cutoff: 4"
[1] "n: 400 p_n: 0.7 p: 280 contamination_level: 0.2 ctam_sigma: 1 ctam_mu: 0 cook_cutoff: 4"
[1] "n: 400 p_n: 0.7 p: 280 contamination_level: 0.3 ctam_sigma: 1 ctam_mu: 0 cook_cutoff: 4"
[1] "n: 400 p_n: 0.7 p: 280 contamination_level: 0.4 ctam_sigma: 1 ctam_mu: 0 cook_cutoff: 4"
[1] "n: 400 p_n: 0.7 p: 280 contamination_level: 0.5 ctam_sigma: 1 ctam_mu: 0 cook_cutoff: 4"
[1] "n: 400 p_n: 0.9 p: 360 contamination_level: 0 ctam_sigma: 1 ctam_mu: 0 cook_cutoff: 4"
[1] "n: 400 p_n: 0.9 p: 360 contamination_level: 0.1 ctam_sigma: 1 ctam_mu: 0 cook_cutoff: 4"
[1] "n: 400 p_n: 0.9 p: 360 contamination_level: 0.2 ctam_sigma: 1 ctam_mu: 0 cook_cutoff: 4"
[1] "n: 400 p_n: 0.9 p: 360 contamination_level: 0.3 ctam_sigma: 1 ctam_mu: 0 cook_cutoff: 4"
[1] "n: 400 p_n: 0.9 p: 360 contamination_level: 0.4 ctam_sigma: 1 ctam_mu: 0 cook_cutoff: 4"
[1] "n: 400 p_n: 0.9 p: 360 contamination_level: 0.5 ctam_sigma: 1 ctam_mu: 0 cook_cutoff: 4"
      n p_n   p contamination_level ctam_sigma ctam_mu cook_cutoff
1    50 0.1   5                 0.0          1       0           4
2    50 0.1   5                 0.1          1       0           4
3    50 0.1   5                 0.2          1       0           4
4    50 0.1   5                 0.3          1       0           4
5    50 0.1   5                 0.4          1       0           4
6    50 0.1   5                 0.5          1       0           4
7    50 0.3  15                 0.0          1       0           4
8    50 0.3  15                 0.1          1       0           4
9    50 0.3  15                 0.2          1       0           4
10   50 0.3  15                 0.3          1       0           4
11   50 0.3  15                 0.4          1       0           4
12   50 0.3  15                 0.5          1       0           4
13   50 0.5  25                 0.0          1       0           4
14   50 0.5  25                 0.1          1       0           4
15   50 0.5  25                 0.2          1       0           4
16   50 0.5  25                 0.3          1       0           4
17   50 0.5  25                 0.4          1       0           4
18   50 0.5  25                 0.5          1       0           4
19   50 0.7  35                 0.0          1       0           4
20   50 0.7  35                 0.1          1       0           4
21   50 0.7  35                 0.2          1       0           4
22   50 0.7  35                 0.3          1       0           4
23   50 0.7  35                 0.4          1       0           4
24   50 0.7  35                 0.5          1       0           4
25   50 0.9  45                 0.0          1       0           4
26   50 0.9  45                 0.1          1       0           4
27   50 0.9  45                 0.2          1       0           4
28   50 0.9  45                 0.3          1       0           4
29   50 0.9  45                 0.4          1       0           4
30   50 0.9  45                 0.5          1       0           4
31  100 0.1  10                 0.0          1       0           4
32  100 0.1  10                 0.1          1       0           4
33  100 0.1  10                 0.2          1       0           4
34  100 0.1  10                 0.3          1       0           4
35  100 0.1  10                 0.4          1       0           4
36  100 0.1  10                 0.5          1       0           4
37  100 0.3  30                 0.0          1       0           4
38  100 0.3  30                 0.1          1       0           4
39  100 0.3  30                 0.2          1       0           4
40  100 0.3  30                 0.3          1       0           4
41  100 0.3  30                 0.4          1       0           4
42  100 0.3  30                 0.5          1       0           4
43  100 0.5  50                 0.0          1       0           4
44  100 0.5  50                 0.1          1       0           4
45  100 0.5  50                 0.2          1       0           4
46  100 0.5  50                 0.3          1       0           4
47  100 0.5  50                 0.4          1       0           4
48  100 0.5  50                 0.5          1       0           4
49  100 0.7  70                 0.0          1       0           4
50  100 0.7  70                 0.1          1       0           4
51  100 0.7  70                 0.2          1       0           4
52  100 0.7  70                 0.3          1       0           4
53  100 0.7  70                 0.4          1       0           4
54  100 0.7  70                 0.5          1       0           4
55  100 0.9  90                 0.0          1       0           4
56  100 0.9  90                 0.1          1       0           4
57  100 0.9  90                 0.2          1       0           4
58  100 0.9  90                 0.3          1       0           4
59  100 0.9  90                 0.4          1       0           4
60  100 0.9  90                 0.5          1       0           4
61  200 0.1  20                 0.0          1       0           4
62  200 0.1  20                 0.1          1       0           4
63  200 0.1  20                 0.2          1       0           4
64  200 0.1  20                 0.3          1       0           4
65  200 0.1  20                 0.4          1       0           4
66  200 0.1  20                 0.5          1       0           4
67  200 0.3  60                 0.0          1       0           4
68  200 0.3  60                 0.1          1       0           4
69  200 0.3  60                 0.2          1       0           4
70  200 0.3  60                 0.3          1       0           4
71  200 0.3  60                 0.4          1       0           4
72  200 0.3  60                 0.5          1       0           4
73  200 0.5 100                 0.0          1       0           4
74  200 0.5 100                 0.1          1       0           4
75  200 0.5 100                 0.2          1       0           4
76  200 0.5 100                 0.3          1       0           4
77  200 0.5 100                 0.4          1       0           4
78  200 0.5 100                 0.5          1       0           4
79  200 0.7 140                 0.0          1       0           4
80  200 0.7 140                 0.1          1       0           4
81  200 0.7 140                 0.2          1       0           4
82  200 0.7 140                 0.3          1       0           4
83  200 0.7 140                 0.4          1       0           4
84  200 0.7 140                 0.5          1       0           4
85  200 0.9 180                 0.0          1       0           4
86  200 0.9 180                 0.1          1       0           4
87  200 0.9 180                 0.2          1       0           4
88  200 0.9 180                 0.3          1       0           4
89  200 0.9 180                 0.4          1       0           4
90  200 0.9 180                 0.5          1       0           4
91  400 0.1  40                 0.0          1       0           4
92  400 0.1  40                 0.1          1       0           4
93  400 0.1  40                 0.2          1       0           4
94  400 0.1  40                 0.3          1       0           4
95  400 0.1  40                 0.4          1       0           4
96  400 0.1  40                 0.5          1       0           4
97  400 0.3 120                 0.0          1       0           4
98  400 0.3 120                 0.1          1       0           4
99  400 0.3 120                 0.2          1       0           4
100 400 0.3 120                 0.3          1       0           4
101 400 0.3 120                 0.4          1       0           4
102 400 0.3 120                 0.5          1       0           4
103 400 0.5 200                 0.0          1       0           4
104 400 0.5 200                 0.1          1       0           4
105 400 0.5 200                 0.2          1       0           4
106 400 0.5 200                 0.3          1       0           4
107 400 0.5 200                 0.4          1       0           4
108 400 0.5 200                 0.5          1       0           4
109 400 0.7 280                 0.0          1       0           4
110 400 0.7 280                 0.1          1       0           4
111 400 0.7 280                 0.2          1       0           4
112 400 0.7 280                 0.3          1       0           4
113 400 0.7 280                 0.4          1       0           4
114 400 0.7 280                 0.5          1       0           4
115 400 0.9 360                 0.0          1       0           4
116 400 0.9 360                 0.1          1       0           4
117 400 0.9 360                 0.2          1       0           4
118 400 0.9 360                 0.3          1       0           4
119 400 0.9 360                 0.4          1       0           4
120 400 0.9 360                 0.5          1       0           4
    robust_m_est_bias robust_m_est_variance robust_m_est_mse robust_mm_est_bias
1        3.570149e-05           0.026647051      0.026576164       6.051576e-05
2        4.582223e-03           0.030274618      0.034735743       2.498220e-03
3        1.619341e-02           0.038116373      0.054157313       9.658200e-03
4        3.251200e-02           0.042746425      0.075087435       2.419579e-02
5        6.610011e-02           0.052318151      0.118208990       5.512421e-02
6        9.478061e-02           0.053931128      0.148496015       8.533335e-02
7        1.227499e-04           0.033387625      0.033376824       1.239060e-04
8        1.873102e-03           0.047101818      0.048786513       8.217748e-04
9        1.024021e-02           0.063453458      0.073439856       4.275180e-03
10       2.008603e-02           0.079172420      0.098941761       1.261555e-02
11       3.744751e-02           0.091167481      0.128250317       2.494510e-02
12       5.298148e-02           0.095259770      0.147860211       4.486254e-02
13       3.026226e-04           0.046160112      0.046278094       1.169025e+00
14       1.947488e-03           0.087376156      0.088974138       2.614298e-01
15       7.787170e-03           0.126587689      0.133868508       8.076173e+02
16       1.528277e-02           0.163181685      0.177811725       4.465543e+00
17       3.564342e-02           0.203857348      0.238685341       3.049318e+00
18       5.901615e-02           0.218926977      0.277067419       8.045000e+00
19       3.140693e-04           0.090899928      0.090850398       8.809282e-01
20       3.119885e-03           0.223111657      0.225339096       4.822887e+01
21       1.261250e-02           0.358935723      0.370112481       4.125679e+00
22       2.330195e-02           0.490655602      0.511994927       9.648733e+00
23       4.251423e-02           0.594948623      0.635083059       3.773420e+00
24       7.369813e-02           0.669844888      0.740863636       2.568844e+03
25       1.339935e-03           0.386431599      0.386225808       2.603305e+01
26       6.636040e-03           1.393417652      1.394480021       2.220526e+00
27       2.823581e-02           2.084100206      2.103999614       2.847956e+04
28       3.221673e-02           3.135560325      3.155234818       1.533753e+01
29       6.224919e-02           3.911945833      3.958547237       1.735250e+02
30       7.475259e-02           3.402451382      3.463594171       1.679690e+01
31       6.104021e-05           0.011732565      0.011746675       8.633481e-05
32       1.800911e-03           0.015810698      0.017548366       8.962268e-04
33       6.985621e-03           0.018426413      0.025338329       4.184886e-03
34       1.603952e-02           0.021848178      0.037800309       1.140947e-02
35       3.244430e-02           0.021842381      0.054199307       2.722804e-02
36       4.547070e-02           0.022807310      0.068186776       4.133249e-02
37       5.770678e-05           0.015788870      0.015783421       8.468120e-05
38       1.361171e-03           0.030096172      0.031336958       1.242960e-04
39       9.139152e-03           0.058889239      0.067792834       1.097403e-03
40       2.680922e-02           0.090233173      0.116681457       7.176250e-03
41       5.423505e-02           0.120277860      0.174031801       2.495647e-02
42       9.358596e-02           0.142965932      0.235980028       6.691736e-02
43       7.981933e-05           0.023478616      0.023464521       2.773410e+00
44       1.737802e-03           0.054830077      0.056348559       5.177565e+00
45       7.318762e-03           0.100405000      0.107322142       2.822707e-01
46       2.167615e-02           0.157656693      0.178702219       1.407548e+02
47       4.060618e-02           0.192164706      0.232002223       1.741653e+03
48       6.270972e-02           0.223944327      0.285758267       1.949135e+02
49       1.840328e-04           0.040815721      0.040836491       1.244301e+01
50       2.934426e-03           0.177950488      0.180173112       6.075961e+00
51       1.395012e-02           0.368510659      0.380986737       4.777121e+00
52       2.949243e-02           0.522075871      0.549479995       1.549293e+01
53       5.981210e-02           0.665959930      0.723108190       1.775799e+00
54       9.384560e-02           0.758846396      0.849656615       9.558819e+01
55       7.449728e-04           0.155942497      0.156063699       5.044810e+02
56       4.299570e-03           0.693002224      0.694529785       3.525884e+02
57       1.701850e-02           1.298268853      1.310094281       7.608485e+01
58       2.753648e-02           1.904497246      1.924415738       1.160720e+01
59       5.151205e-02           2.031001506      2.074389547       4.606982e+01
60       6.782900e-02           2.232032883      2.290933752       1.803653e+02
61       2.017036e-05           0.005889878      0.005886489       4.087264e-05
62       1.193353e-03           0.009097436      0.010254400       1.380230e-04
63       6.590273e-03           0.014164967      0.020698580       1.138567e-03
64       2.074721e-02           0.021172382      0.041834898       5.307044e-03
65       4.612455e-02           0.027538284      0.073552679       2.008098e-02
66       7.915648e-02           0.031307373      0.110338619       5.037022e-02
67       4.011328e-05           0.007835093      0.007843866       7.210403e-05
68       7.839368e-04           0.016188890      0.016908071       5.428140e-05
69       5.670362e-03           0.038220508      0.043737989       1.969840e-04
70       2.159144e-02           0.073978225      0.095273752       2.386842e-03
71       5.255291e-02           0.104859345      0.156992815       1.774373e-02
72       8.537736e-02           0.127192703      0.212061288       5.103931e-02
73       4.022647e-05           0.011218297      0.011213651       3.188427e+00
74       9.826761e-04           0.033453991      0.034302851       1.543060e+03
75       7.318344e-03           0.092769167      0.099716434       2.119325e+00
76       2.210940e-02           0.158932525      0.180406194       1.634314e+02
77       4.454570e-02           0.206560794      0.250280251       4.525129e+01
78       7.272528e-02           0.237895278      0.309668978       1.017967e+02
79       7.355411e-05           0.019810941      0.019805251       1.028704e+00
80       2.160696e-03           0.126189630      0.127845568       2.172476e+01
81       1.126405e-02           0.290803521      0.300904355       2.678743e+02
82       2.850702e-02           0.438963196      0.465714364       4.911771e+01
83       5.250649e-02           0.571195602      0.621417307       2.376710e+01
84       8.317817e-02           0.651341725      0.731914526       4.589836e+01
85       3.023972e-04           0.070094480      0.070116499       1.639525e+01
86       7.059097e-03           0.792251073      0.796141166       2.209755e+00
87       1.739308e-02           1.405062811      1.416835637       3.372117e+02
88       3.734517e-02           2.084235726      2.113243954       1.328984e+02
89       6.023447e-02           2.521241063      2.571390571       1.088607e+02
90       9.229133e-02           2.901801077      2.982485207       8.230750e+01
91       9.004907e-06           0.002936252      0.002933512       2.295377e-05
92       6.909761e-04           0.005188761      0.005858982       5.082414e-05
93       4.443097e-03           0.009661128      0.014065580       1.287283e-04
94       1.764781e-02           0.018445437      0.036019461       1.166211e-03
95       5.259163e-02           0.030770259      0.083238805       8.002786e-03
96       9.971518e-02           0.037774635      0.137338714       3.611261e-02
97       1.535515e-05           0.003936076      0.003935687       4.431051e-05
98       4.215129e-04           0.008531001      0.008918390       5.037501e-05
99       3.696616e-03           0.024445767      0.028044600       6.977992e-05
100      1.689454e-02           0.054399813      0.071076755       6.737900e-04
101      4.149091e-02           0.082080821      0.123243404       8.413872e-03
102      7.197983e-02           0.100385204      0.171963496       3.578079e-02
103      2.257813e-05           0.005499167      0.005499748       2.458092e+00
104      6.438680e-04           0.020581147      0.021142690       2.956757e+00
105      6.197943e-03           0.073645670      0.079549030       2.797518e+00
106      1.924716e-02           0.133361102      0.152074815       4.070715e+01
107      3.843205e-02           0.177628363      0.215349900       2.997152e+01
108      6.397461e-02           0.210500384      0.273632994       1.494004e+02
109      3.643859e-05           0.009989407      0.009985888       7.967059e-01
110      2.198102e-03           0.112501801      0.114249896       3.691553e+01
111      1.200164e-02           0.291281250      0.302117766       2.602782e+01
112      2.932867e-02           0.448275240      0.475810808       1.475037e+01
113      5.294575e-02           0.572500910      0.623156658       1.938423e+03
114      8.181888e-02           0.661452324      0.740625397       1.183532e+02
115      1.165691e-04           0.032519690      0.032506180       5.970740e+01
116      4.804635e-03           0.563213570      0.565765351       7.520696e+01
117      1.452593e-02           1.110786630      1.120869410       1.838265e+01
118      2.626826e-02           1.479101712      1.499453569       1.636174e+01
119      4.901493e-02           1.932611014      1.973895499       4.788934e+01
120      6.892054e-02           2.215964605      2.276021285       3.033032e+01
    robust_mm_est_variance robust_mm_est_mse robust_s_est_bias
1             2.866171e-02      2.860758e-02      3.798142e-04
2             3.115190e-02      3.352551e-02      4.076058e-04
3             4.112646e-02      5.062016e-02      2.821234e-03
4             4.704927e-02      7.105687e-02      4.774906e-03
5             5.768000e-02      1.125735e-01      1.329693e-02
6             6.018816e-02      1.452808e-01      3.595321e-02
7             4.157467e-02      4.153227e-02      3.011901e-04
8             5.336361e-02      5.397193e-02      7.350171e-04
9             7.159587e-02      7.558466e-02      2.962049e-03
10            9.230329e-02      1.045496e-01      1.014841e-02
11            1.100610e-01      1.345658e-01      1.514539e-02
12            1.190396e-01      1.634260e-01      2.658650e-02
13            3.469325e+02      3.467138e+02      7.701595e-01
14            6.209944e+01      6.211247e+01      7.009968e-01
15            1.995783e+05      1.995876e+05      1.001918e+04
16            1.567869e+03      1.566063e+03      5.710242e+00
17            6.223077e+02      6.228678e+02      4.008218e+00
18            1.935806e+03      1.936107e+03      3.304286e+00
19            3.550814e+02      3.545420e+02      1.058335e+00
20            1.189167e+04      1.189233e+04      2.474984e+02
21            1.162971e+03      1.162445e+03      3.422402e+00
22            1.837705e+03      1.840003e+03      2.635962e+00
23            9.906283e+02      9.904392e+02      8.226373e+00
24            5.840305e+05      5.842632e+05      2.739424e+02
25            7.432769e+03      7.429071e+03      3.233485e-01
26            5.218547e+02      5.219878e+02      8.668707e+02
27            7.127447e+06      7.127417e+06      5.812577e-01
28            3.471745e+03      3.473195e+03      1.400384e+01
29            4.479388e+04      4.478823e+04      6.146351e+00
30            3.557292e+03      3.559859e+03      8.197517e+00
31            1.495621e-02      1.498272e-02      1.023536e-04
32            1.790957e-02      1.873416e-02      4.250910e-04
33            2.093873e-02      2.503986e-02      1.089678e-03
34            2.580147e-02      3.710774e-02      3.095922e-03
35            2.744652e-02      5.456478e-02      1.038302e-02
36            2.778007e-02      6.900144e-02      1.999170e-02
37            2.054425e-02      2.054675e-02      2.270781e-04
38            2.557790e-02      2.559989e-02      2.697797e-04
39            4.925318e-02      5.015357e-02      5.653883e-04
40            8.919908e-02      9.601853e-02      3.278921e-03
41            1.433112e-01      1.676945e-01      9.796331e-03
42            1.877146e-01      2.538811e-01      3.750870e-02
43            7.247126e+02      7.245872e+02      5.970470e+00
44            1.067107e+03      1.068016e+03      3.085991e+01
45            9.745381e+01      9.734627e+01      9.020606e+00
46            3.402850e+04      3.403314e+04      1.641152e+01
47            4.706169e+05      4.704761e+05      4.051418e+02
48            5.133744e+04      5.132701e+04      2.188439e+02
49            2.769531e+03      2.770895e+03      8.651205e-01
50            1.668553e+03      1.667955e+03      1.325554e+00
51            1.038974e+03      1.039595e+03      1.288459e+02
52            3.276169e+03      3.278558e+03      2.172743e+02
53            4.006986e+02      4.008716e+02      5.222760e+01
54            2.502980e+04      2.502527e+04      3.302262e+01
55            1.309811e+05      1.309617e+05      1.578393e+00
56            8.959873e+04      8.959292e+04      5.356508e+00
57            1.795811e+04      1.796237e+04      6.928577e+01
58            2.560555e+03      2.561920e+03      7.783884e+00
59            1.246776e+04      1.246396e+04      4.840909e+01
60            3.918247e+04      3.920610e+04      8.255828e+00
61            8.726931e-03      8.732895e-03      7.074318e-05
62            1.045977e-02      1.055596e-02      1.088502e-04
63            1.429542e-02      1.537681e-02      1.952722e-04
64            2.081783e-02      2.604161e-02      4.679509e-04
65            3.171527e-02      5.166939e-02      1.801844e-03
66            4.173519e-02      9.193847e-02      7.167901e-03
67            1.350942e-02      1.352748e-02      1.004584e-04
68            1.588969e-02      1.588041e-02      1.135548e-04
69            2.470048e-02      2.479866e-02      2.256337e-04
70            5.502694e-02      5.719368e-02      1.000140e-03
71            1.241236e-01      1.413709e-01      8.432134e-03
72            1.855529e-01      2.358500e-01      3.083030e-02
73            9.097699e+02      9.093192e+02      4.632032e+00
74            3.875561e+05      3.875489e+05      1.319394e+01
75            5.543974e+02      5.542992e+02      8.682943e+00
76            3.908130e+04      3.908840e+04      1.131736e+01
77            1.228561e+04      1.228172e+04      7.311611e+01
78            2.231782e+04      2.233035e+04      4.498055e+00
79            2.164294e+02      2.165924e+02      4.370095e-01
80            5.388245e+03      5.388417e+03      8.971894e+00
81            6.736511e+04      6.736352e+04      1.978822e+02
82            1.240948e+04      1.240896e+04      3.840816e+01
83            5.449593e+03      5.451562e+03      2.213440e+01
84            1.359238e+04      1.358391e+04      3.888185e+03
85            4.346765e+03      4.345773e+03      1.734042e+00
86            5.769259e+02      5.768280e+02      1.505879e+00
87            8.154900e+04      8.156001e+04      5.005442e+01
88            3.522879e+04      3.522078e+04      2.598344e+00
89            2.830665e+04      2.830228e+04      9.987189e+01
90            1.859747e+04      1.860539e+04      9.710475e+01
91            7.715764e-03      7.707855e-03      3.250602e-05
92            7.449151e-03      7.470178e-03      5.008578e-05
93            7.469712e-03      7.568561e-03      5.119325e-05
94            1.180151e-02      1.292052e-02      7.386825e-05
95            2.482899e-02      3.273246e-02      1.614500e-04
96            4.602015e-02      8.194868e-02      9.385067e-04
97            1.040305e-02      1.040575e-02      5.156530e-05
98            1.056409e-02      1.057221e-02      6.988921e-05
99            1.315893e-02      1.317607e-02      7.279995e-05
100           2.927192e-02      2.982862e-02      2.422436e-04
101           8.909297e-02      9.715047e-02      4.674225e-03
102           1.652266e-01      2.003465e-01      2.419501e-02
103           6.057020e+02      6.057373e+02      1.653907e+00
104           6.923388e+02      6.925262e+02      2.415329e+01
105           6.030069e+02      6.033924e+02      9.320961e+00
106           9.638173e+03      9.640328e+03      4.047874e+01
107           8.088607e+03      8.086224e+03      4.611955e+02
108           3.411793e+04      3.413086e+04      2.329538e+01
109           1.927285e+02      1.927543e+02      8.689034e+00
110           8.436536e+03      8.439706e+03      8.051041e+00
111           5.572176e+03      5.575915e+03      7.017253e+00
112           3.710134e+03      3.710043e+03      2.264866e+01
113           4.807342e+05      4.807497e+05      3.115394e+02
114           2.770639e+04      2.771392e+04      5.073717e+01
115           1.470685e+04      1.470773e+04      7.190707e-01
116           1.898733e+04      1.898659e+04      3.443687e+00
117           4.541695e+03      4.541911e+03      6.334702e+02
118           4.139692e+03      4.139495e+03      1.848462e+01
119           1.211420e+04      1.211363e+04      2.331660e+01
120           8.477435e+03      8.473856e+03      9.056962e+01
    robust_s_est_variance robust_s_est_mse ols_est_bias ols_est_variance
1            8.791321e-02     8.794137e-02 1.920082e-05      0.024747428
2            8.582863e-02     8.589292e-02 9.479945e-03      0.035694624
3            1.057932e-01     1.081913e-01 2.711181e-02      0.042896136
4            1.065678e-01     1.109165e-01 4.943983e-02      0.044985179
5            1.239079e-01     1.367092e-01 8.735294e-02      0.052077684
6            1.422318e-01     1.776160e-01 1.134241e-01      0.052039031
7            1.072286e-01     1.071008e-01 1.464922e-04      0.031045086
8            1.336009e-01     1.338015e-01 3.171025e-03      0.056314170
9            1.476993e-01     1.500705e-01 1.555648e-02      0.072207007
10           1.827839e-01     1.922011e-01 2.718848e-02      0.086173824
11           2.177516e-01     2.320260e-01 4.687902e-02      0.091276442
12           2.572817e-01     2.828391e-01 6.215075e-02      0.093978001
13           2.269089e+02     2.267714e+02 2.929125e-04      0.040673821
14           1.380359e+02     1.381847e+02 3.536137e-03      0.100147256
15           2.507387e+06     2.507377e+06 1.089142e-02      0.135965770
16           1.006473e+03     1.008157e+03 1.992274e-02      0.169458616
17           1.390021e+03     1.388469e+03 4.147685e-02      0.197480531
18           6.309160e+02     6.316967e+02 6.509154e-02      0.206862710
19           2.658021e+02     2.657972e+02 3.283612e-04      0.076823594
20           6.022431e+04     6.023091e+04 4.083538e-03      0.223818113
21           7.188423e+02     7.193894e+02 1.374476e-02      0.330634998
22           7.216404e+02     7.213898e+02 2.531590e-02      0.433231812
23           3.381867e+03     3.376566e+03 4.137496e-02      0.534975625
24           7.341846e+04     7.339873e+04 7.505256e-02      0.617413379
25           6.792849e+01     6.798012e+01 8.925989e-04      0.329218030
26           2.171951e+05     2.171932e+05 4.960740e-03      1.092594764
27           1.692147e+02     1.691191e+02 2.654555e-02      1.812467030
28           3.862831e+03     3.861384e+03 3.048914e-02      2.579857388
29           2.757017e+03     2.752135e+03 6.169120e-02      3.225425166
30           1.586537e+03     1.588388e+03 7.336871e-02      2.797029049
31           4.407218e-02     4.399825e-02 5.568574e-05      0.011059265
32           4.449467e-02     4.474178e-02 3.785832e-03      0.017962546
33           4.667370e-02     4.757669e-02 1.259392e-02      0.021664649
34           5.529225e-02     5.816701e-02 2.397194e-02      0.024002798
35           6.433414e-02     7.445982e-02 4.056675e-02      0.022050526
36           6.805709e-02     8.777656e-02 5.377446e-02      0.022136751
37           5.149349e-02     5.151460e-02 4.579278e-05      0.014659400
38           5.311793e-02     5.317524e-02 6.840171e-03      0.068027311
39           7.739529e-02     7.765110e-02 2.660465e-02      0.103977819
40           1.223809e-01     1.251703e-01 5.022031e-02      0.122100030
41           1.860734e-01     1.951254e-01 8.179444e-02      0.138062166
42           2.990897e-01     3.354020e-01 1.164270e-01      0.145913460
43           1.391613e+03     1.392017e+03 7.137593e-05      0.021077203
44           9.811565e+03     9.803179e+03 4.453065e-03      0.089596048
45           2.814003e+03     2.811768e+03 1.309095e-02      0.132177721
46           4.701594e+03     4.699199e+03 3.066012e-02      0.177008971
47           1.007979e+05     1.007998e+05 4.907212e-02      0.198025569
48           5.622231e+04     5.621626e+04 7.182874e-02      0.219536142
49           2.226666e+02     2.226410e+02 1.671491e-04      0.035077436
50           3.714154e+02     3.712553e+02 4.551223e-03      0.219364297
51           3.278478e+04     3.278249e+04 1.803492e-02      0.375465096
52           5.600893e+04     5.600217e+04 3.349959e-02      0.496847134
53           1.274724e+04     1.274847e+04 6.325924e-02      0.594334999
54           8.265521e+03     8.265481e+03 9.723984e-02      0.678754384
55           4.579173e+02     4.576641e+02 6.067672e-04      0.129664520
56           1.064468e+03     1.065566e+03 3.835507e-03      0.556599510
57           1.876825e+04     1.876247e+04 1.527061e-02      0.993937129
58           1.932707e+03     1.932760e+03 2.528478e-02      1.458517757
59           1.136183e+04     1.136479e+04 4.625452e-02      1.639774488
60           2.459064e+03     2.457483e+03 6.318224e-02      1.737450393
61           2.272457e-02     2.270442e-02 2.112071e-05      0.005520179
62           2.387756e-02     2.389090e-02 7.144231e-03      0.019501285
63           2.336828e-02     2.347008e-02 2.421256e-02      0.027554001
64           2.646513e-02     2.682722e-02 4.816069e-02      0.030958281
65           3.426047e-02     3.592527e-02 7.550267e-02      0.032467884
66           4.866440e-02     5.563765e-02 1.047729e-01      0.032887759
67           2.492928e-02     2.493002e-02 3.509191e-05      0.007194989
68           2.847964e-02     2.847928e-02 6.597642e-03      0.055620975
69           3.354395e-02     3.363541e-02 2.305003e-02      0.090831496
70           5.879681e-02     5.956176e-02 4.719137e-02      0.112909163
71           1.352521e-01     1.431432e-01 7.969379e-02      0.125400026
72           2.497426e-01     2.795739e-01 1.103931e-01      0.133003565
73           1.117334e+03     1.117496e+03 3.519388e-05      0.010162999
74           3.654118e+03     3.652695e+03 4.457139e-03      0.084528310
75           1.972359e+03     1.973152e+03 1.529124e-02      0.143129246
76           3.463248e+03     3.460712e+03 3.353511e-02      0.189233872
77           1.821815e+04     1.821839e+04 5.562765e-02      0.219755595
78           1.067448e+03     1.067676e+03 8.358237e-02      0.235040543
79           1.077924e+02     1.077982e+02 5.615528e-05      0.016802206
80           2.085909e+03     2.086538e+03 4.059386e-03      0.172485196
81           4.497251e+04     4.499050e+04 1.427542e-02      0.304690290
82           8.053866e+03     8.060058e+03 3.186251e-02      0.419563819
83           6.227014e+03     6.224240e+03 5.616956e-02      0.512917915
84           9.640700e+05     9.641019e+05 8.638212e-02      0.568832425
85           4.293745e+02     4.293910e+02 2.394726e-04      0.055317172
86           4.363320e+02     4.360926e+02 6.244749e-03      0.645243389
87           1.191292e+04     1.191533e+04 1.640404e-02      1.137391686
88           6.357318e+02     6.357872e+02 3.375268e-02      1.612424959
89           2.398608e+04     2.399001e+04 5.701533e-02      2.009348856
90           2.331448e+04     2.331832e+04 8.297380e-02      2.238298114
91           1.186889e-02     1.185392e-02 7.773694e-06      0.002777924
92           1.180448e-02     1.180735e-02 9.146973e-03      0.020819212
93           1.138872e-02     1.139436e-02 3.196369e-02      0.031360311
94           1.117438e-02     1.120356e-02 6.191352e-02      0.036697587
95           1.223033e-02     1.234286e-02 1.007077e-01      0.040553931
96           2.123711e-02     2.209067e-02 1.407686e-01      0.041131496
97           1.260077e-02     1.260193e-02 1.573963e-05      0.003655693
98           1.401537e-02     1.402920e-02 5.339441e-03      0.044056843
99           1.590685e-02     1.591602e-02 1.898192e-02      0.072394079
100          2.533094e-02     2.547186e-02 3.988063e-02      0.090139755
101          9.188433e-02     9.619102e-02 6.603268e-02      0.100823352
102          1.940443e-01     2.174632e-01 9.205700e-02      0.108282323
103          3.754277e+02     3.755799e+02 1.976385e-05      0.004933006
104          6.354701e+03     6.353436e+03 4.196575e-03      0.072037001
105          2.303345e+03     2.303453e+03 1.442459e-02      0.124308773
106          1.071311e+04     1.071074e+04 2.982122e-02      0.162552280
107          1.081584e+05     1.081870e+05 5.031008e-02      0.190871928
108          6.571789e+03     6.568798e+03 7.436529e-02      0.209968560
109          2.260891e+03     2.260536e+03 3.295700e-05      0.008421025
110          1.963121e+03     1.963320e+03 4.646239e-03      0.173093895
111          2.063135e+03     2.061900e+03 1.577342e-02      0.315193482
112          5.279345e+03     5.280876e+03 3.460614e-02      0.428655259
113          8.039372e+04     8.038369e+04 5.715313e-02      0.521444976
114          1.297446e+04     1.297330e+04 8.500497e-02      0.577906121
115          1.896114e+02     1.895721e+02 9.658244e-05      0.026117800
116          9.753321e+02     9.748745e+02 4.437265e-03      0.464534975
117          1.599795e+05     1.599731e+05 1.369411e-02      0.874550277
118          4.329880e+03     4.331045e+03 2.504529e-02      1.155054069
119          5.840555e+03     5.840510e+03 4.419737e-02      1.460369734
120          2.077373e+04     2.078120e+04 6.515243e-02      1.697401206
    ols_est_mse ols_diag_est_bias ols_diag_est_variance ols_diag_est_mse
1   0.024667639      1.512419e-04           0.032995257      0.033014518
2   0.045031790      1.709525e-03           0.031477989      0.033061602
3   0.069836363      7.489300e-03           0.038866268      0.046200104
4   0.094245066      1.754514e-02           0.048450094      0.065801434
5   0.139222313      4.090939e-02           0.057252320      0.097932698
6   0.165254998      6.902127e-02           0.061400368      0.130176035
7   0.031067398      1.809748e-04           0.043461895      0.043469022
8   0.059259939      8.343706e-04           0.049562826      0.050198946
9   0.087474659      3.852852e-03           0.061774415      0.065380169
10  0.113017609      1.003219e-02           0.078573191      0.088291092
11  0.137790359      2.226059e-02           0.096102387      0.117978570
12  0.155752836      3.712377e-02           0.104369981      0.141076268
13  0.040804038      3.509884e-04           0.067523160      0.067604056
14  0.103282804      1.080492e-03           0.095164106      0.095863942
15  0.146313322      4.091143e-03           0.123150048      0.126748591
16  0.188703523      7.615750e-03           0.171843684      0.178772059
17  0.238167461      1.991771e-02           0.214528591      0.233588186
18  0.271126801      3.790589e-02           0.245013100      0.281938942
19  0.076844661                NA                    NA               NA
20  0.227006379                NA                    NA               NA
21  0.343057215                NA                    NA               NA
22  0.456814785                NA                    NA               NA
23  0.574210680                NA                    NA               NA
24  0.689996284                NA                    NA               NA
25  0.328793757                NA                    NA               NA
26  1.093185125                NA                    NA               NA
27  1.831762710                NA                    NA               NA
28  2.600027097                NA                    NA               NA
29  3.274214664                NA                    NA               NA
30  2.859209645                NA                    NA               NA
31  0.011070714      7.200947e-05           0.014636415      0.014649879
32  0.021676528      6.962188e-04           0.016289347      0.016920408
33  0.034171910      3.006280e-03           0.017707887      0.020643335
34  0.047878723      8.386941e-03           0.022374328      0.030671772
35  0.062529074      2.121247e-02           0.023909939      0.045026765
36  0.075822659      3.338503e-02           0.027186741      0.060463028
37  0.014646555      9.486921e-05           0.019957787      0.019972825
38  0.074595373      4.415244e-04           0.026109592      0.026446678
39  0.130166555      3.192533e-03           0.047740442      0.050742014
40  0.171831937      1.332371e-02           0.078242119      0.091252856
41  0.219304353      2.941859e-02           0.113432973      0.142397835
42  0.261756820      6.084771e-02           0.149431183      0.209681171
43  0.021064270      9.644449e-05           0.030433382      0.030408093
44  0.093690729      9.767135e-04           0.050197738      0.050973660
45  0.144739960      3.099511e-03           0.081115221      0.083890271
46  0.206961056      1.005277e-02           0.130565375      0.140095880
47  0.246305591      2.301214e-02           0.184283416      0.206558426
48  0.290486734      4.210111e-02           0.227973346      0.269162558
49  0.035104275                NA                    NA               NA
50  0.223038062                NA                    NA               NA
51  0.391998155                NA                    NA               NA
52  0.528359334                NA                    NA               NA
53  0.655216901                NA                    NA               NA
54  0.773279211                NA                    NA               NA
55  0.129752629                NA                    NA               NA
56  0.558208619                NA                    NA               NA
57  1.005231989                NA                    NA               NA
58  1.477968469                NA                    NA               NA
59  1.679469914                NA                    NA               NA
60  1.793682833                NA                    NA               NA
61  0.005519219      2.151001e-05           0.007161549      0.007154412
62  0.026567511      2.488428e-04           0.008024451      0.008241196
63  0.051656346      2.510972e-03           0.013212100      0.015670224
64  0.078995140      1.162482e-02           0.021529784      0.033068481
65  0.107840681      3.137309e-02           0.029162284      0.060418723
66  0.137529082      5.881452e-02           0.035370537      0.094043572
67  0.007201301      4.867195e-05           0.009994193      0.010002888
68  0.061996133      2.366141e-04           0.013726882      0.013908589
69  0.113518196      2.525240e-03           0.033570693      0.035961650
70  0.159648893      1.035809e-02           0.063359217      0.073463868
71  0.204592212      2.907596e-02           0.098265765      0.126948663
72  0.242864687      5.525928e-02           0.129790314      0.184530430
73  0.010157541      5.042292e-05           0.014064681      0.014058845
74  0.088647336      5.442252e-04           0.029166546      0.029594105
75  0.157847968      3.008191e-03           0.067205487      0.069944856
76  0.222012049      1.044270e-02           0.125559057      0.135499525
77  0.274504223      2.462220e-02           0.181496052      0.205392271
78  0.317682754      4.597141e-02           0.228657552      0.273714335
79  0.016791152                NA                    NA               NA
80  0.175854641                NA                    NA               NA
81  0.317746945                NA                    NA               NA
82  0.449748072                NA                    NA               NA
83  0.567035803                NA                    NA               NA
84  0.652939211                NA                    NA               NA
85  0.055335375                NA                    NA               NA
86  0.648907164                NA                    NA               NA
87  1.149246159                NA                    NA               NA
88  1.639727943                NA                    NA               NA
89  2.058326793                NA                    NA               NA
90  2.312318726                NA                    NA               NA
91  0.002774586      1.407516e-05           0.003547386      0.003547272
92  0.029882908      1.599991e-04           0.004768902      0.004909825
93  0.063198559      2.416485e-03           0.011574313      0.013944501
94  0.098464316      1.288726e-02           0.022504780      0.035302023
95  0.141099426      3.841451e-02           0.034166365      0.072444206
96  0.181735548      7.744444e-02           0.043087997      0.120360087
97  0.003656810      1.738889e-05           0.004930195      0.004927863
98  0.049220057      1.713138e-04           0.008047559      0.008186682
99  0.091086423      1.812528e-03           0.023654456      0.025372366
100 0.129659830      8.135335e-03           0.048014806      0.055958081
101 0.166452741      2.266912e-02           0.076366819      0.098730467
102 0.199906191      4.603921e-02           0.100328270      0.145966172
103 0.004933038      3.174271e-05           0.006985173      0.006988975
104 0.075945428      3.631624e-04           0.018683483      0.018971911
105 0.138236124      2.535143e-03           0.052051360      0.054378297
106 0.191723289      9.206178e-03           0.101911408      0.110709940
107 0.240418516      2.115088e-02           0.152773482      0.173313270
108 0.283493976      4.099115e-02           0.203634946      0.243811559
109 0.008420298                NA                    NA               NA
110 0.177047758                NA                    NA               NA
111 0.329706124                NA                    NA               NA
112 0.461546779                NA                    NA               NA
113 0.576512325                NA                    NA               NA
114 0.660599468                NA                    NA               NA
115 0.026109912                NA                    NA               NA
116 0.467114101                NA                    NA               NA
117 0.884746181                NA                    NA               NA
118 1.175479146                NA                    NA               NA
119 1.498725624                NA                    NA               NA
120 1.755764036                NA                    NA               NA
      ols_mspe robust_m_mspe robust_mm_mspe robust_s_mspe ols_diag_mspe
1     1.174025      1.185175   1.204524e+00  1.569046e+00      1.224103
2     1.239452      1.186964   1.182178e+00  1.502784e+00      1.182306
3     1.378912      1.295318   1.276396e+00  1.646184e+00      1.258505
4     1.532945      1.433429   1.418031e+00  1.642637e+00      1.384184
5     1.745134      1.639742   1.617548e+00  1.796064e+00      1.534246
6     1.908115      1.819017   1.804078e+00  2.063890e+00      1.736269
7     1.492415      1.536325   1.658657e+00  2.746991e+00      1.693973
8     1.911580      1.746789   1.828984e+00  3.153203e+00      1.765193
9     2.363775      2.143452   2.186727e+00  3.313609e+00      2.043295
10    2.824604      2.604812   2.691310e+00  4.128911e+00      2.428352
11    3.147949      2.993737   3.107989e+00  4.686938e+00      2.859841
12    3.398738      3.280108   3.551222e+00  5.528114e+00      3.209285
13    2.031704      2.178865   1.116381e+04  5.859165e+03      2.746268
14    3.553798      3.236624   1.557807e+03  3.485668e+03      3.455045
15    4.810758      4.483047   3.873119e+06  7.522658e+07      4.289522
16    5.787737      5.528139   4.749774e+04  2.212006e+04      5.577296
17    7.178475      7.240751   1.503220e+04  4.291425e+04      7.137855
18    8.137720      8.322759   5.606468e+04  1.721460e+04      8.490048
19    3.762034      4.287913   1.362134e+04  7.891038e+03            NA
20    9.004849      8.896498   5.805895e+05  2.225838e+06            NA
21   13.215344     14.193766   3.699086e+04  1.942222e+04            NA
22   17.596985     19.518029   8.428555e+04  2.555083e+04            NA
23   21.894220     24.089629   3.987069e+04  1.236372e+05            NA
24   26.035004     28.049720   2.216082e+07  2.649348e+06            NA
25   16.176787     18.888214   2.753506e+05  3.551093e+03            NA
26   51.830464     64.180437   2.649141e+04  6.776863e+06            NA
27   86.963102    100.007884   3.419485e+08  8.071291e+03            NA
28  118.636959    143.499875   1.738304e+05  2.059147e+05            NA
29  155.466888    188.744352   1.796115e+06  1.294402e+05            NA
30  137.154397    168.799443   1.293057e+05  8.515017e+04            NA
31    1.135922      1.141861   1.178751e+00  1.502081e+00      1.171958
32    1.234371      1.194009   1.208727e+00  1.488403e+00      1.189827
33    1.365095      1.270525   1.266499e+00  1.539077e+00      1.226036
34    1.496667      1.397678   1.395921e+00  1.654129e+00      1.330905
35    1.671656      1.584272   1.587371e+00  1.819877e+00      1.491981
36    1.786482      1.704517   1.716331e+00  1.935229e+00      1.622925
37    1.456091      1.488611   1.631890e+00  2.603682e+00      1.616791
38    3.289206      1.943542   1.779068e+00  2.594550e+00      1.808068
39    4.928821      3.033013   2.556691e+00  3.434721e+00      2.541461
40    6.219390      4.577751   3.944809e+00  4.929142e+00      3.834267
41    7.643975      6.273593   6.093003e+00  7.051591e+00      5.314765
42    9.055517      8.255023   8.863192e+00  1.133026e+01      7.448783
43    2.058506      2.190665   3.791785e+04  6.463719e+04      2.552647
44    5.878278      3.903536   4.916478e+04  4.964666e+05      3.602056
45    8.318292      6.472926   4.799516e+03  1.386001e+05      5.302484
46   11.593359     10.143893   2.080216e+06  2.600183e+05      8.208367
47   13.467945     12.723497   2.621694e+07  6.029257e+06     11.377990
48   15.604949     15.484797   2.386690e+06  3.522885e+06     14.613479
49    3.414464      3.838306   1.667779e+05  1.591979e+04            NA
50   16.853109     13.882506   1.310004e+05  2.613950e+04            NA
51   29.355463     28.567196   7.079642e+04  2.394073e+06            NA
52   38.628419     40.228250   2.338535e+05  3.673061e+06            NA
53   47.216197     51.946464   2.960688e+04  7.256190e+05            NA
54   55.292322     61.439795   1.775018e+06  6.436322e+05            NA
55   12.710177     15.057768   1.198740e+07  4.333732e+04            NA
56   51.468634     64.175160   9.008242e+06  1.148182e+05            NA
57   92.465430    120.840377   1.892131e+06  1.373946e+06            NA
58  135.870258    177.098132   2.646823e+05  1.765164e+05            NA
59  156.780516    193.743659   1.144694e+06  1.115976e+06            NA
60  161.143594    206.344706   3.609222e+06  2.211199e+05            NA
61    1.113244      1.120061   1.179390e+00  1.458633e+00      1.147973
62    1.548373      1.213307   1.221387e+00  1.506530e+00      1.172752
63    2.050180      1.424149   1.320175e+00  1.499215e+00      1.329553
64    2.596812      1.844709   1.529728e+00  1.552465e+00      1.671598
65    3.256135      2.536156   2.070122e+00  1.725494e+00      2.259384
66    3.754994      3.214068   2.857416e+00  2.131611e+00      2.896568
67    1.429629      1.466825   1.816971e+00  2.515841e+00      1.595544
68    4.799337      2.021708   1.946970e+00  2.722298e+00      1.837040
69    7.824646      3.631444   2.498101e+00  3.022886e+00      3.170510
70   10.671427      6.773412   4.489589e+00  4.601601e+00      5.462183
71   13.329628     10.426428   9.595683e+00  9.583435e+00      8.656211
72   15.667679     13.842351   1.538088e+01  1.794421e+01     12.137709
73    2.009678      2.119013   8.631761e+04  1.154696e+05      2.397875
74    9.889853      4.458444   3.701772e+07  3.674903e+05      4.002971
75   16.834832     10.990661   5.628583e+04  2.059126e+05      8.076906
76   23.553966     19.318279   3.158765e+06  3.431537e+05     14.697517
77   28.837317     26.455800   1.409881e+06  1.985060e+06     21.750573
78   33.125389     32.105325   2.348348e+06  1.079371e+05     28.289813
79    3.377782      3.785551   2.894853e+04  1.694934e+04            NA
80   26.084852     19.139794   7.161833e+05  2.757027e+05            NA
81   45.539211     43.388897   9.121441e+06  6.368078e+06            NA
82   63.772218     65.630644   1.571056e+06  1.199530e+06            NA
83   80.033827     88.126767   7.438132e+05  9.386291e+05            NA
84   92.970170    104.117374   1.892994e+06  1.344471e+08            NA
85   11.040242     13.705176   8.036326e+05  8.095493e+04            NA
86  119.208365    144.824978   1.082823e+05  7.741069e+04            NA
87  208.023002    257.496699   1.456272e+07  2.192759e+06            NA
88  294.277467    378.258263   6.249028e+06  1.163500e+05            NA
89  373.954183    464.526341   5.322807e+06  4.302127e+06            NA
90  418.188751    542.135176   3.375209e+06  4.218747e+06            NA
91    1.109901      1.116537   1.313452e+00  1.485521e+00      1.142195
92    2.200955      1.232006   1.297377e+00  1.473532e+00      1.193779
93    3.569230      1.574124   1.312296e+00  1.473480e+00      1.567741
94    4.954694      2.450411   1.527236e+00  1.458649e+00      2.428160
95    6.696763      4.366983   2.326103e+00  1.503453e+00      3.940368
96    8.336507      6.539961   4.300320e+00  1.887229e+00      5.850968
97    1.443237      1.477526   2.257794e+00  2.522174e+00      1.595774
98    6.954945      2.064852   2.267659e+00  2.682953e+00      1.976896
99   11.935611      4.358362   2.606263e+00  2.928145e+00      4.053475
100  16.622293      9.561731   4.616382e+00  4.092637e+00      7.742134
101  21.250521     15.996937   1.280542e+01  1.269670e+01     12.955533
102  24.998596     21.655117   2.517982e+01  2.735731e+01     18.574007
103   1.991592      2.107332   1.234076e+05  7.137791e+04      2.409781
104  16.414038      5.241810   1.366201e+05  1.179160e+06      4.815544
105  28.963516     17.037187   1.201252e+05  4.940175e+05     11.855212
106  39.451136     31.368934   1.959107e+06  2.307725e+06     23.083644
107  49.383826     44.426080   1.631762e+06  2.189389e+07     35.872583
108  58.567004     56.591857   6.222400e+06  1.303369e+06     50.201273
109   3.371678      3.814165   5.222215e+04  6.185504e+05            NA
110  50.496724     32.952846   2.220847e+06  5.458147e+05            NA
111  94.163337     86.199015   1.563032e+06  5.736886e+05            NA
112 131.563458    135.141237   1.073342e+06  1.534987e+06            NA
113 163.863122    176.319316   1.154023e+08  2.259926e+07            NA
114 186.392029    209.424686   7.716373e+06  3.635495e+06            NA
115  10.399259     12.676858   5.992523e+06  6.897197e+04            NA
116 169.534708    205.118152   7.408077e+06  3.587389e+05            NA
117 319.557310    403.712595   1.701584e+06  5.886393e+07            NA
118 426.173065    543.993335   1.503428e+06  1.600189e+06            NA
119 542.151703    713.298430   4.361848e+06  2.035207e+06            NA
120 636.755980    827.961178   3.133692e+06  7.080938e+06            NA
