[1] "n: 200 contamination_level: 0 ctam_sigma: 0 ctam_mu: 0 cook_cutoff: 1"
[1] "n: 200 contamination_level: 0 ctam_sigma: 0 ctam_mu: 0 cook_cutoff: 2"
[1] "n: 200 contamination_level: 0 ctam_sigma: 0 ctam_mu: 0 cook_cutoff: 3"
[1] "n: 200 contamination_level: 0 ctam_sigma: 0 ctam_mu: 0 cook_cutoff: 4"
[1] "n: 200 contamination_level: 0 ctam_sigma: 0.1 ctam_mu: 0 cook_cutoff: 1"
[1] "n: 200 contamination_level: 0 ctam_sigma: 0.1 ctam_mu: 0 cook_cutoff: 2"
[1] "n: 200 contamination_level: 0 ctam_sigma: 0.1 ctam_mu: 0 cook_cutoff: 3"
[1] "n: 200 contamination_level: 0 ctam_sigma: 0.1 ctam_mu: 0 cook_cutoff: 4"
[1] "n: 200 contamination_level: 0 ctam_sigma: 0.5 ctam_mu: 0 cook_cutoff: 1"
[1] "n: 200 contamination_level: 0 ctam_sigma: 0.5 ctam_mu: 0 cook_cutoff: 2"
[1] "n: 200 contamination_level: 0 ctam_sigma: 0.5 ctam_mu: 0 cook_cutoff: 3"
[1] "n: 200 contamination_level: 0 ctam_sigma: 0.5 ctam_mu: 0 cook_cutoff: 4"
[1] "n: 200 contamination_level: 0 ctam_sigma: 1 ctam_mu: 0 cook_cutoff: 1"
[1] "n: 200 contamination_level: 0 ctam_sigma: 1 ctam_mu: 0 cook_cutoff: 2"
[1] "n: 200 contamination_level: 0 ctam_sigma: 1 ctam_mu: 0 cook_cutoff: 3"
[1] "n: 200 contamination_level: 0 ctam_sigma: 1 ctam_mu: 0 cook_cutoff: 4"
[1] "n: 200 contamination_level: 0 ctam_sigma: 2 ctam_mu: 0 cook_cutoff: 1"
[1] "n: 200 contamination_level: 0 ctam_sigma: 2 ctam_mu: 0 cook_cutoff: 2"
[1] "n: 200 contamination_level: 0 ctam_sigma: 2 ctam_mu: 0 cook_cutoff: 3"
[1] "n: 200 contamination_level: 0 ctam_sigma: 2 ctam_mu: 0 cook_cutoff: 4"
[1] "n: 200 contamination_level: 0.1 ctam_sigma: 0 ctam_mu: 0 cook_cutoff: 1"
[1] "n: 200 contamination_level: 0.1 ctam_sigma: 0 ctam_mu: 0 cook_cutoff: 2"
[1] "n: 200 contamination_level: 0.1 ctam_sigma: 0 ctam_mu: 0 cook_cutoff: 3"
[1] "n: 200 contamination_level: 0.1 ctam_sigma: 0 ctam_mu: 0 cook_cutoff: 4"
[1] "n: 200 contamination_level: 0.1 ctam_sigma: 0.1 ctam_mu: 0 cook_cutoff: 1"
[1] "n: 200 contamination_level: 0.1 ctam_sigma: 0.1 ctam_mu: 0 cook_cutoff: 2"
[1] "n: 200 contamination_level: 0.1 ctam_sigma: 0.1 ctam_mu: 0 cook_cutoff: 3"
[1] "n: 200 contamination_level: 0.1 ctam_sigma: 0.1 ctam_mu: 0 cook_cutoff: 4"
[1] "n: 200 contamination_level: 0.1 ctam_sigma: 0.5 ctam_mu: 0 cook_cutoff: 1"
[1] "n: 200 contamination_level: 0.1 ctam_sigma: 0.5 ctam_mu: 0 cook_cutoff: 2"
[1] "n: 200 contamination_level: 0.1 ctam_sigma: 0.5 ctam_mu: 0 cook_cutoff: 3"
[1] "n: 200 contamination_level: 0.1 ctam_sigma: 0.5 ctam_mu: 0 cook_cutoff: 4"
[1] "n: 200 contamination_level: 0.1 ctam_sigma: 1 ctam_mu: 0 cook_cutoff: 1"
[1] "n: 200 contamination_level: 0.1 ctam_sigma: 1 ctam_mu: 0 cook_cutoff: 2"
[1] "n: 200 contamination_level: 0.1 ctam_sigma: 1 ctam_mu: 0 cook_cutoff: 3"
[1] "n: 200 contamination_level: 0.1 ctam_sigma: 1 ctam_mu: 0 cook_cutoff: 4"
[1] "n: 200 contamination_level: 0.1 ctam_sigma: 2 ctam_mu: 0 cook_cutoff: 1"
[1] "n: 200 contamination_level: 0.1 ctam_sigma: 2 ctam_mu: 0 cook_cutoff: 2"
[1] "n: 200 contamination_level: 0.1 ctam_sigma: 2 ctam_mu: 0 cook_cutoff: 3"
[1] "n: 200 contamination_level: 0.1 ctam_sigma: 2 ctam_mu: 0 cook_cutoff: 4"
[1] "n: 200 contamination_level: 0.2 ctam_sigma: 0 ctam_mu: 0 cook_cutoff: 1"
[1] "n: 200 contamination_level: 0.2 ctam_sigma: 0 ctam_mu: 0 cook_cutoff: 2"
[1] "n: 200 contamination_level: 0.2 ctam_sigma: 0 ctam_mu: 0 cook_cutoff: 3"
[1] "n: 200 contamination_level: 0.2 ctam_sigma: 0 ctam_mu: 0 cook_cutoff: 4"
[1] "n: 200 contamination_level: 0.2 ctam_sigma: 0.1 ctam_mu: 0 cook_cutoff: 1"
[1] "n: 200 contamination_level: 0.2 ctam_sigma: 0.1 ctam_mu: 0 cook_cutoff: 2"
[1] "n: 200 contamination_level: 0.2 ctam_sigma: 0.1 ctam_mu: 0 cook_cutoff: 3"
[1] "n: 200 contamination_level: 0.2 ctam_sigma: 0.1 ctam_mu: 0 cook_cutoff: 4"
[1] "n: 200 contamination_level: 0.2 ctam_sigma: 0.5 ctam_mu: 0 cook_cutoff: 1"
[1] "n: 200 contamination_level: 0.2 ctam_sigma: 0.5 ctam_mu: 0 cook_cutoff: 2"
[1] "n: 200 contamination_level: 0.2 ctam_sigma: 0.5 ctam_mu: 0 cook_cutoff: 3"
[1] "n: 200 contamination_level: 0.2 ctam_sigma: 0.5 ctam_mu: 0 cook_cutoff: 4"
[1] "n: 200 contamination_level: 0.2 ctam_sigma: 1 ctam_mu: 0 cook_cutoff: 1"
[1] "n: 200 contamination_level: 0.2 ctam_sigma: 1 ctam_mu: 0 cook_cutoff: 2"
[1] "n: 200 contamination_level: 0.2 ctam_sigma: 1 ctam_mu: 0 cook_cutoff: 3"
[1] "n: 200 contamination_level: 0.2 ctam_sigma: 1 ctam_mu: 0 cook_cutoff: 4"
[1] "n: 200 contamination_level: 0.2 ctam_sigma: 2 ctam_mu: 0 cook_cutoff: 1"
[1] "n: 200 contamination_level: 0.2 ctam_sigma: 2 ctam_mu: 0 cook_cutoff: 2"
[1] "n: 200 contamination_level: 0.2 ctam_sigma: 2 ctam_mu: 0 cook_cutoff: 3"
[1] "n: 200 contamination_level: 0.2 ctam_sigma: 2 ctam_mu: 0 cook_cutoff: 4"
[1] "n: 200 contamination_level: 0.3 ctam_sigma: 0 ctam_mu: 0 cook_cutoff: 1"
[1] "n: 200 contamination_level: 0.3 ctam_sigma: 0 ctam_mu: 0 cook_cutoff: 2"
[1] "n: 200 contamination_level: 0.3 ctam_sigma: 0 ctam_mu: 0 cook_cutoff: 3"
[1] "n: 200 contamination_level: 0.3 ctam_sigma: 0 ctam_mu: 0 cook_cutoff: 4"
[1] "n: 200 contamination_level: 0.3 ctam_sigma: 0.1 ctam_mu: 0 cook_cutoff: 1"
[1] "n: 200 contamination_level: 0.3 ctam_sigma: 0.1 ctam_mu: 0 cook_cutoff: 2"
[1] "n: 200 contamination_level: 0.3 ctam_sigma: 0.1 ctam_mu: 0 cook_cutoff: 3"
[1] "n: 200 contamination_level: 0.3 ctam_sigma: 0.1 ctam_mu: 0 cook_cutoff: 4"
[1] "n: 200 contamination_level: 0.3 ctam_sigma: 0.5 ctam_mu: 0 cook_cutoff: 1"
[1] "n: 200 contamination_level: 0.3 ctam_sigma: 0.5 ctam_mu: 0 cook_cutoff: 2"
[1] "n: 200 contamination_level: 0.3 ctam_sigma: 0.5 ctam_mu: 0 cook_cutoff: 3"
[1] "n: 200 contamination_level: 0.3 ctam_sigma: 0.5 ctam_mu: 0 cook_cutoff: 4"
[1] "n: 200 contamination_level: 0.3 ctam_sigma: 1 ctam_mu: 0 cook_cutoff: 1"
[1] "n: 200 contamination_level: 0.3 ctam_sigma: 1 ctam_mu: 0 cook_cutoff: 2"
[1] "n: 200 contamination_level: 0.3 ctam_sigma: 1 ctam_mu: 0 cook_cutoff: 3"
[1] "n: 200 contamination_level: 0.3 ctam_sigma: 1 ctam_mu: 0 cook_cutoff: 4"
[1] "n: 200 contamination_level: 0.3 ctam_sigma: 2 ctam_mu: 0 cook_cutoff: 1"
[1] "n: 200 contamination_level: 0.3 ctam_sigma: 2 ctam_mu: 0 cook_cutoff: 2"
[1] "n: 200 contamination_level: 0.3 ctam_sigma: 2 ctam_mu: 0 cook_cutoff: 3"
[1] "n: 200 contamination_level: 0.3 ctam_sigma: 2 ctam_mu: 0 cook_cutoff: 4"
[1] "n: 200 contamination_level: 0.4 ctam_sigma: 0 ctam_mu: 0 cook_cutoff: 1"
[1] "n: 200 contamination_level: 0.4 ctam_sigma: 0 ctam_mu: 0 cook_cutoff: 2"
[1] "n: 200 contamination_level: 0.4 ctam_sigma: 0 ctam_mu: 0 cook_cutoff: 3"
[1] "n: 200 contamination_level: 0.4 ctam_sigma: 0 ctam_mu: 0 cook_cutoff: 4"
[1] "n: 200 contamination_level: 0.4 ctam_sigma: 0.1 ctam_mu: 0 cook_cutoff: 1"
[1] "n: 200 contamination_level: 0.4 ctam_sigma: 0.1 ctam_mu: 0 cook_cutoff: 2"
[1] "n: 200 contamination_level: 0.4 ctam_sigma: 0.1 ctam_mu: 0 cook_cutoff: 3"
[1] "n: 200 contamination_level: 0.4 ctam_sigma: 0.1 ctam_mu: 0 cook_cutoff: 4"
[1] "n: 200 contamination_level: 0.4 ctam_sigma: 0.5 ctam_mu: 0 cook_cutoff: 1"
[1] "n: 200 contamination_level: 0.4 ctam_sigma: 0.5 ctam_mu: 0 cook_cutoff: 2"
[1] "n: 200 contamination_level: 0.4 ctam_sigma: 0.5 ctam_mu: 0 cook_cutoff: 3"
[1] "n: 200 contamination_level: 0.4 ctam_sigma: 0.5 ctam_mu: 0 cook_cutoff: 4"
[1] "n: 200 contamination_level: 0.4 ctam_sigma: 1 ctam_mu: 0 cook_cutoff: 1"
[1] "n: 200 contamination_level: 0.4 ctam_sigma: 1 ctam_mu: 0 cook_cutoff: 2"
[1] "n: 200 contamination_level: 0.4 ctam_sigma: 1 ctam_mu: 0 cook_cutoff: 3"
[1] "n: 200 contamination_level: 0.4 ctam_sigma: 1 ctam_mu: 0 cook_cutoff: 4"
[1] "n: 200 contamination_level: 0.4 ctam_sigma: 2 ctam_mu: 0 cook_cutoff: 1"
[1] "n: 200 contamination_level: 0.4 ctam_sigma: 2 ctam_mu: 0 cook_cutoff: 2"
[1] "n: 200 contamination_level: 0.4 ctam_sigma: 2 ctam_mu: 0 cook_cutoff: 3"
[1] "n: 200 contamination_level: 0.4 ctam_sigma: 2 ctam_mu: 0 cook_cutoff: 4"
[1] "n: 200 contamination_level: 0.5 ctam_sigma: 0 ctam_mu: 0 cook_cutoff: 1"
[1] "n: 200 contamination_level: 0.5 ctam_sigma: 0 ctam_mu: 0 cook_cutoff: 2"
[1] "n: 200 contamination_level: 0.5 ctam_sigma: 0 ctam_mu: 0 cook_cutoff: 3"
[1] "n: 200 contamination_level: 0.5 ctam_sigma: 0 ctam_mu: 0 cook_cutoff: 4"
[1] "n: 200 contamination_level: 0.5 ctam_sigma: 0.1 ctam_mu: 0 cook_cutoff: 1"
[1] "n: 200 contamination_level: 0.5 ctam_sigma: 0.1 ctam_mu: 0 cook_cutoff: 2"
[1] "n: 200 contamination_level: 0.5 ctam_sigma: 0.1 ctam_mu: 0 cook_cutoff: 3"
[1] "n: 200 contamination_level: 0.5 ctam_sigma: 0.1 ctam_mu: 0 cook_cutoff: 4"
[1] "n: 200 contamination_level: 0.5 ctam_sigma: 0.5 ctam_mu: 0 cook_cutoff: 1"
[1] "n: 200 contamination_level: 0.5 ctam_sigma: 0.5 ctam_mu: 0 cook_cutoff: 2"
[1] "n: 200 contamination_level: 0.5 ctam_sigma: 0.5 ctam_mu: 0 cook_cutoff: 3"
[1] "n: 200 contamination_level: 0.5 ctam_sigma: 0.5 ctam_mu: 0 cook_cutoff: 4"
[1] "n: 200 contamination_level: 0.5 ctam_sigma: 1 ctam_mu: 0 cook_cutoff: 1"
[1] "n: 200 contamination_level: 0.5 ctam_sigma: 1 ctam_mu: 0 cook_cutoff: 2"
[1] "n: 200 contamination_level: 0.5 ctam_sigma: 1 ctam_mu: 0 cook_cutoff: 3"
[1] "n: 200 contamination_level: 0.5 ctam_sigma: 1 ctam_mu: 0 cook_cutoff: 4"
[1] "n: 200 contamination_level: 0.5 ctam_sigma: 2 ctam_mu: 0 cook_cutoff: 1"
[1] "n: 200 contamination_level: 0.5 ctam_sigma: 2 ctam_mu: 0 cook_cutoff: 2"
[1] "n: 200 contamination_level: 0.5 ctam_sigma: 2 ctam_mu: 0 cook_cutoff: 3"
[1] "n: 200 contamination_level: 0.5 ctam_sigma: 2 ctam_mu: 0 cook_cutoff: 4"
    contamination_level ctam_sigma ctam_mu cook_cutoff robust_m_est_bias
1                   0.0        0.0       0           1     -0.0001331866
2                   0.0        0.0       0           2      0.0063228248
3                   0.0        0.0       0           3      0.0078881070
4                   0.0        0.0       0           4     -0.0008408222
5                   0.0        0.1       0           1      0.0067917396
6                   0.0        0.1       0           2      0.0039946236
7                   0.0        0.1       0           3      0.0020747534
8                   0.0        0.1       0           4     -0.0071671564
9                   0.0        0.5       0           1     -0.0006330051
10                  0.0        0.5       0           2     -0.0081880996
11                  0.0        0.5       0           3      0.0035760545
12                  0.0        0.5       0           4     -0.0034422467
13                  0.0        1.0       0           1      0.0018542553
14                  0.0        1.0       0           2      0.0051817100
15                  0.0        1.0       0           3      0.0044382315
16                  0.0        1.0       0           4      0.0080596892
17                  0.0        2.0       0           1      0.0016095013
18                  0.0        2.0       0           2     -0.0008040109
19                  0.0        2.0       0           3      0.0034063784
20                  0.0        2.0       0           4      0.0001709834
21                  0.1        0.0       0           1      0.0026024017
22                  0.1        0.0       0           2     -0.0015404888
23                  0.1        0.0       0           3      0.0160361118
24                  0.1        0.0       0           4     -0.0057909508
25                  0.1        0.1       0           1      0.0036953857
26                  0.1        0.1       0           2     -0.0009157750
27                  0.1        0.1       0           3     -0.0049838430
28                  0.1        0.1       0           4     -0.0059817741
29                  0.1        0.5       0           1     -0.0300839156
30                  0.1        0.5       0           2     -0.0407340118
31                  0.1        0.5       0           3     -0.0392755816
32                  0.1        0.5       0           4     -0.0393738402
33                  0.1        1.0       0           1     -0.1198485445
34                  0.1        1.0       0           2     -0.1073297945
35                  0.1        1.0       0           3     -0.1124930682
36                  0.1        1.0       0           4     -0.1200210939
37                  0.1        2.0       0           1     -0.2873495098
38                  0.1        2.0       0           2     -0.2869572354
39                  0.1        2.0       0           3     -0.2871653693
40                  0.1        2.0       0           4     -0.2897178190
41                  0.2        0.0       0           1     -0.0041994936
42                  0.2        0.0       0           2     -0.0022890066
43                  0.2        0.0       0           3      0.0049988096
44                  0.2        0.0       0           4      0.0014157035
45                  0.2        0.1       0           1     -0.0091764895
46                  0.2        0.1       0           2     -0.0082246549
47                  0.2        0.1       0           3     -0.0015465290
48                  0.2        0.1       0           4     -0.0039858716
49                  0.2        0.5       0           1     -0.0724405337
50                  0.2        0.5       0           2     -0.0865097175
51                  0.2        0.5       0           3     -0.0756526829
52                  0.2        0.5       0           4     -0.0886109754
53                  0.2        1.0       0           1     -0.2489423559
54                  0.2        1.0       0           2     -0.2419607255
55                  0.2        1.0       0           3     -0.2602591291
56                  0.2        1.0       0           4     -0.2526276707
57                  0.2        2.0       0           1     -0.6427278593
58                  0.2        2.0       0           2     -0.6367548293
59                  0.2        2.0       0           3     -0.6432243408
60                  0.2        2.0       0           4     -0.6568714781
61                  0.3        0.0       0           1      0.0117679672
62                  0.3        0.0       0           2      0.0026693811
63                  0.3        0.0       0           3      0.0054793667
64                  0.3        0.0       0           4      0.0111953236
65                  0.3        0.1       0           1     -0.0043633891
66                  0.3        0.1       0           2     -0.0050482876
67                  0.3        0.1       0           3     -0.0092086190
68                  0.3        0.1       0           4     -0.0124816215
69                  0.3        0.5       0           1     -0.1189020697
70                  0.3        0.5       0           2     -0.1232591815
71                  0.3        0.5       0           3     -0.1363858244
72                  0.3        0.5       0           4     -0.1247890434
73                  0.3        1.0       0           1     -0.3717838791
74                  0.3        1.0       0           2     -0.3778126837
75                  0.3        1.0       0           3     -0.3827396834
76                  0.3        1.0       0           4     -0.3753523252
77                  0.3        2.0       0           1     -0.9604254507
78                  0.3        2.0       0           2     -0.9522311958
79                  0.3        2.0       0           3     -0.9623826519
80                  0.3        2.0       0           4     -0.9413055307
81                  0.4        0.0       0           1     -0.0055539933
82                  0.4        0.0       0           2      0.0004313736
83                  0.4        0.0       0           3      0.0021310418
84                  0.4        0.0       0           4     -0.0021002992
85                  0.4        0.1       0           1     -0.0107028764
86                  0.4        0.1       0           2     -0.0070502050
87                  0.4        0.1       0           3     -0.0070729165
88                  0.4        0.1       0           4     -0.0080851892
89                  0.4        0.5       0           1     -0.1725697581
90                  0.4        0.5       0           2     -0.1589108001
91                  0.4        0.5       0           3     -0.1649382829
92                  0.4        0.5       0           4     -0.1636959525
93                  0.4        1.0       0           1     -0.4938581802
94                  0.4        1.0       0           2     -0.5093844024
95                  0.4        1.0       0           3     -0.4873495768
96                  0.4        1.0       0           4     -0.4935240321
97                  0.4        2.0       0           1     -1.1651278428
98                  0.4        2.0       0           2     -1.1597612425
99                  0.4        2.0       0           3     -1.1628699400
100                 0.4        2.0       0           4     -1.1630749070
101                 0.5        0.0       0           1     -0.0001859815
102                 0.5        0.0       0           2      0.0026902281
103                 0.5        0.0       0           3      0.0070802968
104                 0.5        0.0       0           4     -0.0023741039
105                 0.5        0.1       0           1     -0.0070319243
106                 0.5        0.1       0           2     -0.0052923761
107                 0.5        0.1       0           3      0.0002995102
108                 0.5        0.1       0           4     -0.0118734308
109                 0.5        0.5       0           1     -0.2082922124
110                 0.5        0.5       0           2     -0.2094517665
111                 0.5        0.5       0           3     -0.2041669523
112                 0.5        0.5       0           4     -0.2044072458
113                 0.5        1.0       0           1     -0.6217893124
114                 0.5        1.0       0           2     -0.6034201762
115                 0.5        1.0       0           3     -0.6033155016
116                 0.5        1.0       0           4     -0.6040511807
117                 0.5        2.0       0           1     -1.2983396772
118                 0.5        2.0       0           2     -1.2868125565
119                 0.5        2.0       0           3     -1.2900720372
120                 0.5        2.0       0           4     -1.2970419271
    robust_m_est_variance robust_mm_est_bias robust_mm_est_variance
1             0.005914433      -0.0004317354            0.005982831
2             0.006195851       0.0058800248            0.006167004
3             0.005816534       0.0080629717            0.005886954
4             0.004619411      -0.0009349194            0.004603385
5             0.004863822       0.0071264615            0.004814174
6             0.005432360       0.0039888241            0.005382552
7             0.004572775       0.0020950744            0.004539481
8             0.004989453      -0.0075930327            0.004905820
9             0.005806987      -0.0008552430            0.005807949
10            0.004919169      -0.0080007303            0.004961903
11            0.005493476       0.0025186757            0.005520252
12            0.005460296      -0.0035580481            0.005423298
13            0.004613012       0.0014685640            0.004721246
14            0.005266100       0.0058042189            0.005318977
15            0.005423860       0.0042124960            0.005386240
16            0.005342722       0.0082597043            0.005305938
17            0.004748759       0.0015214676            0.004752318
18            0.005235748      -0.0006243113            0.005222431
19            0.004919892       0.0028026781            0.005202854
20            0.004885358      -0.0002397975            0.004901073
21            0.005365138       0.0025623606            0.005456451
22            0.005254080      -0.0015927406            0.005272501
23            0.005686120       0.0161973441            0.005680921
24            0.006078331      -0.0059651147            0.006093452
25            0.005010547       0.0034983583            0.005077405
26            0.005354705      -0.0004890568            0.005295589
27            0.005456459      -0.0048452011            0.005499088
28            0.005605936      -0.0057838663            0.005644857
29            0.006248912      -0.0285535970            0.006235132
30            0.005979470      -0.0386229775            0.006167562
31            0.005693817      -0.0377230172            0.005713728
32            0.006107716      -0.0378193171            0.006206328
33            0.008175635      -0.0965507769            0.008665169
34            0.006766833      -0.0818348603            0.006787729
35            0.006149283      -0.0874139476            0.006546809
36            0.007366978      -0.0958898914            0.007410286
37            0.011573320      -0.1153855975            0.009566540
38            0.010975484      -0.1194642739            0.009927813
39            0.010551070      -0.1147244807            0.008971458
40            0.011291038      -0.1248808840            0.009631290
41            0.005261196      -0.0040204852            0.005406547
42            0.005262901      -0.0020158012            0.005316051
43            0.005112275       0.0048702357            0.005144788
44            0.004892896       0.0007291557            0.004921553
45            0.005342634      -0.0093787279            0.005385751
46            0.005430257      -0.0081560601            0.005419295
47            0.005312279      -0.0013729942            0.005277220
48            0.005298324      -0.0039790660            0.005355494
49            0.006101651      -0.0693927879            0.006135818
50            0.005404805      -0.0838483108            0.005516190
51            0.006287214      -0.0739912973            0.006317008
52            0.005674133      -0.0865059040            0.005853301
53            0.008816203      -0.2134859066            0.010240379
54            0.009410361      -0.2069750383            0.010160203
55            0.008732282      -0.2271246715            0.009027821
56            0.008415827      -0.2208540857            0.008950190
57            0.020560813      -0.3551208174            0.025029275
58            0.021463433      -0.3594105352            0.029624753
59            0.023373962      -0.3818406608            0.029821521
60            0.021202894      -0.3738816601            0.028077468
61            0.005648105       0.0113734301            0.005674876
62            0.005104196       0.0027546043            0.005194199
63            0.006426688       0.0056938057            0.006411006
64            0.005368818       0.0106120048            0.005330048
65            0.004849416      -0.0045893601            0.004852880
66            0.004876443      -0.0047309964            0.004887033
67            0.005281615      -0.0094866122            0.005257144
68            0.005169775      -0.0125228711            0.005145396
69            0.007148367      -0.1160902353            0.007337591
70            0.007254631      -0.1200419511            0.007479596
71            0.005717736      -0.1337972377            0.005756893
72            0.006414813      -0.1223966771            0.006482953
73            0.010605148      -0.3472378622            0.011796164
74            0.010096592      -0.3495101536            0.011748264
75            0.009689322      -0.3537840251            0.010736929
76            0.010854991      -0.3441227628            0.011838691
77            0.018612962      -0.7980565179            0.042729612
78            0.019112404      -0.7952591576            0.039613288
79            0.018933865      -0.8044625101            0.039347307
80            0.023923879      -0.7812067674            0.042308288
81            0.005672898      -0.0050047821            0.005655194
82            0.005642359       0.0007618197            0.005643538
83            0.004306786       0.0023426212            0.004363108
84            0.004621542      -0.0022768086            0.004619977
85            0.005599023      -0.0106881199            0.005543961
86            0.005109214      -0.0075068269            0.005071178
87            0.005051039      -0.0069424743            0.005025547
88            0.005297412      -0.0081437910            0.005280934
89            0.007248194      -0.1703709207            0.007233485
90            0.006292484      -0.1575576732            0.006679732
91            0.005730735      -0.1627048642            0.005916728
92            0.007335514      -0.1619789603            0.007427030
93            0.010507939      -0.4753219278            0.011144773
94            0.011289786      -0.4908586857            0.012487497
95            0.011387587      -0.4648951469            0.012782451
96            0.011943466      -0.4742008609            0.013019929
97            0.011307527      -1.1247862789            0.016586094
98            0.014618452      -1.1132849405            0.021121745
99            0.014048676      -1.1227854667            0.020235118
100           0.012105007      -1.1219071328            0.017939642
101           0.005901531      -0.0002297133            0.005933478
102           0.005748569       0.0016146829            0.006038956
103           0.005961716       0.0061998308            0.006072165
104           0.005117885      -0.0026410114            0.005073566
105           0.004745236      -0.0066376636            0.004780118
106           0.004859658      -0.0046339288            0.004881742
107           0.005563940       0.0007942986            0.005673847
108           0.005300673      -0.0120327824            0.005229002
109           0.007919369      -0.2069075518            0.007954777
110           0.008574978      -0.2088457772            0.008721211
111           0.007654751      -0.2033998486            0.007784760
112           0.006989036      -0.2026365895            0.007109773
113           0.013077896      -0.6090451422            0.014111352
114           0.011837970      -0.5927201040            0.012551649
115           0.010208920      -0.5940996074            0.010724374
116           0.011372479      -0.5927158352            0.012285833
117           0.010050384      -1.2849638453            0.014187363
118           0.010302079      -1.2725821673            0.013354623
119           0.011853239      -1.2751240564            0.018189547
120           0.011109251      -1.2874635371            0.013411837
    robust_s_est_bias robust_s_est_variance  ols_est_bias ols_est_variance
1       -4.387715e-03            0.02210435  8.148887e-04      0.005525258
2        6.409636e-03            0.01912949  5.550218e-03      0.005713729
3        2.134250e-02            0.02137201  6.762692e-03      0.005384487
4        5.852283e-03            0.01354054 -2.310753e-03      0.004644259
5        1.437950e-02            0.01552959  5.891245e-03      0.004647823
6        3.242308e-03            0.01626415  4.563454e-03      0.005096803
7        1.663346e-03            0.01582452  1.329250e-03      0.004368164
8       -1.517127e-02            0.01645585 -7.118821e-03      0.004555127
9       -7.037364e-03            0.01959559  2.386135e-04      0.005645092
10      -1.066005e-02            0.01858856 -6.390155e-03      0.004728955
11      -1.344799e-02            0.01762906  4.673618e-03      0.005133149
12      -2.202607e-02            0.01766275 -1.477814e-03      0.005337751
13       1.998334e-02            0.01703574  4.573472e-04      0.004384902
14       1.334142e-02            0.01783873  4.157728e-03      0.004763439
15       2.886823e-03            0.01849221  5.478273e-03      0.005305848
16       2.493019e-02            0.01803498  7.147686e-03      0.004850368
17       5.413503e-03            0.01599160  1.179088e-03      0.004470569
18       1.084698e-02            0.01678780 -2.493682e-03      0.004895278
19      -1.587069e-03            0.01722515  4.716467e-03      0.004751991
20       1.676401e-03            0.01685291  1.936711e-04      0.004801587
21       1.895736e-03            0.01789390  2.861622e-03      0.005255454
22      -1.128011e-02            0.01974574 -1.758981e-03      0.005076143
23       1.106161e-03            0.01950520  1.698774e-02      0.005558748
24      -2.106859e-02            0.02217275 -5.741191e-03      0.005455669
25       1.920187e-03            0.01666771  2.952999e-03      0.004727776
26      -4.193015e-03            0.01879269  8.816411e-05      0.005093373
27      -1.626164e-03            0.01685827 -5.856652e-03      0.005511894
28       6.264595e-03            0.01678228 -6.634548e-03      0.005007593
29      -1.300404e-02            0.01671513 -3.788952e-02      0.006515792
30      -2.592357e-02            0.01825093 -4.736067e-02      0.005780089
31      -1.596178e-02            0.01909502 -4.683830e-02      0.005246528
32      -1.955538e-02            0.02005866 -4.726144e-02      0.005984910
33      -2.912040e-02            0.02113200 -1.811474e-01      0.009825959
34      -2.120734e-02            0.01921200 -1.734974e-01      0.009734277
35      -2.240698e-02            0.02239738 -1.772825e-01      0.007766916
36      -3.921529e-02            0.02056818 -1.826524e-01      0.009486608
37      -3.141657e-02            0.01926087 -5.712156e-01      0.023420420
38      -3.081909e-02            0.01690562 -5.544894e-01      0.019272676
39      -2.578715e-02            0.01710756 -5.654679e-01      0.024020933
40      -5.042562e-02            0.02088609 -5.553126e-01      0.022918554
41       2.061361e-03            0.01782174 -4.321841e-03      0.005134531
42      -5.540463e-03            0.01720239 -1.049536e-03      0.004991145
43       8.826709e-03            0.01666743  4.219410e-03      0.004895905
44      -3.240094e-03            0.01765747  1.621729e-03      0.004549773
45      -2.196359e-02            0.01790854 -9.423346e-03      0.005131488
46      -1.663509e-02            0.01905506 -8.720167e-03      0.005147125
47      -4.970675e-04            0.01759018 -1.766201e-03      0.005130609
48      -9.566709e-03            0.01658700 -2.937020e-03      0.004986203
49      -2.638329e-02            0.01777463 -8.753024e-02      0.006609895
50      -5.088150e-02            0.02026264 -1.003966e-01      0.005046952
51      -3.875775e-02            0.02098082 -8.959976e-02      0.006195009
52      -6.019613e-02            0.02274537 -1.007066e-01      0.005580414
53      -7.863203e-02            0.02600132 -3.360859e-01      0.010120164
54      -6.869547e-02            0.02412002 -3.343937e-01      0.011022561
55      -7.830291e-02            0.02048609 -3.476916e-01      0.010296659
56      -7.386125e-02            0.02148384 -3.385590e-01      0.010180760
57      -3.927287e-02            0.01960758 -8.838416e-01      0.017233211
58      -4.209883e-02            0.01809872 -8.778206e-01      0.018050812
59      -6.485480e-02            0.02328959 -8.816030e-01      0.018706878
60      -4.905032e-02            0.01990804 -8.904365e-01      0.017970629
61       1.102593e-02            0.01967761  9.597983e-03      0.005103116
62      -3.716159e-03            0.01682059  3.359484e-03      0.005040315
63       1.193934e-02            0.02111185  4.419594e-03      0.005971515
64       1.309543e-02            0.02075069  1.000656e-02      0.005130955
65      -4.462570e-04            0.01867175 -5.192306e-03      0.004831749
66      -8.421385e-03            0.01855043 -4.819847e-03      0.004566134
67      -2.155574e-02            0.01777015 -8.508289e-03      0.005200683
68      -1.491437e-03            0.01890302 -1.186523e-02      0.004928800
69      -8.177772e-02            0.02292627 -1.346136e-01      0.006814437
70      -8.656649e-02            0.02187609 -1.372133e-01      0.007110531
71      -9.386056e-02            0.02057998 -1.495643e-01      0.005831471
72      -8.667892e-02            0.02352804 -1.411787e-01      0.006419061
73      -1.225055e-01            0.02681857 -4.556063e-01      0.010340229
74      -1.328091e-01            0.02625895 -4.628655e-01      0.010115645
75      -1.429652e-01            0.02468252 -4.698775e-01      0.010176243
76      -1.384169e-01            0.03083286 -4.612689e-01      0.011560661
77      -9.770495e-02            0.02813534 -1.084623e+00      0.012333678
78      -1.232384e-01            0.02095500 -1.081868e+00      0.012899594
79      -1.146425e-01            0.02760458 -1.091063e+00      0.013152523
80      -1.088984e-01            0.02637607 -1.073096e+00      0.016510837
81      -2.169029e-03            0.01609277 -5.919653e-03      0.005167834
82       7.199921e-03            0.01849384 -7.664128e-04      0.005345703
83       8.814875e-04            0.01667198  2.093420e-03      0.004100893
84      -3.283147e-03            0.01630864 -3.139496e-03      0.004350562
85      -7.144229e-03            0.01801137 -9.924575e-03      0.005206977
86      -1.509451e-02            0.01696428 -5.926502e-03      0.005069454
87      -9.154477e-03            0.01649030 -6.027896e-03      0.004755992
88      -8.745325e-03            0.01995419 -8.904230e-03      0.004871496
89      -1.170271e-01            0.02468213 -1.884021e-01      0.007250872
90      -8.976999e-02            0.02350903 -1.761548e-01      0.005958713
91      -1.103053e-01            0.02168973 -1.807117e-01      0.005486500
92      -1.127590e-01            0.02210817 -1.780331e-01      0.007000278
93      -2.233537e-01            0.03691185 -5.634143e-01      0.010328374
94      -2.340027e-01            0.03322199 -5.790871e-01      0.010347785
95      -2.144803e-01            0.03807848 -5.608717e-01      0.009893365
96      -2.183773e-01            0.03832679 -5.633723e-01      0.010716381
97      -2.618728e-01            0.06053057 -1.228920e+00      0.008166044
98      -2.620414e-01            0.06575426 -1.226787e+00      0.010968952
99      -2.872363e-01            0.08040656 -1.226128e+00      0.010342375
100     -2.846689e-01            0.08269036 -1.226154e+00      0.008593366
101     -1.559960e-03            0.01900407  8.371594e-04      0.005637944
102      6.579427e-03            0.01927099  2.281272e-03      0.005483655
103      1.114573e-02            0.01887556  6.999918e-03      0.005612714
104     -5.594305e-03            0.01863059 -2.945443e-03      0.004654424
105      1.654526e-05            0.02189392 -8.276834e-03      0.004348277
106     -4.422430e-04            0.01692930 -7.115674e-03      0.004494055
107      1.239734e-02            0.02146190 -4.761182e-04      0.005415075
108     -1.933461e-02            0.01632705 -1.262646e-02      0.005111220
109     -1.573428e-01            0.02254406 -2.216005e-01      0.007750199
110     -1.619601e-01            0.02479668 -2.247194e-01      0.008133863
111     -1.470311e-01            0.02815522 -2.183094e-01      0.007386405
112     -1.545425e-01            0.02486243 -2.178202e-01      0.007041696
113     -3.531854e-01            0.05504341 -6.735512e-01      0.011328932
114     -3.289397e-01            0.04541270 -6.577731e-01      0.010419718
115     -3.379552e-01            0.04571618 -6.545385e-01      0.009640934
116     -3.364207e-01            0.03617636 -6.573187e-01      0.010029819
117     -7.127951e-01            0.19830556 -1.331482e+00      0.008509406
118     -6.708817e-01            0.19515733 -1.322146e+00      0.008459344
119     -7.163445e-01            0.21524432 -1.325286e+00      0.009329672
120     -6.929265e-01            0.19534158 -1.330068e+00      0.009945647
    ols_diag_est_bias ols_diag_est_variance  ols_mspe robust_m_mspe
1       -0.0023847661           0.008257539 1.0086181     1.0093736
2        0.0063675469           0.007968632 1.0237649     1.0247170
3        0.0072107513           0.007418153 1.0113795     1.0120279
4       -0.0012559536           0.005584490 1.0078858     1.0080618
5        0.0091311389           0.005276736 1.0145138     1.0151332
6        0.0045993955           0.006647672 1.0047671     1.0055350
7        0.0030118522           0.006276490 1.0080730     1.0090481
8       -0.0113946857           0.006754382 1.0124862     1.0134936
9       -0.0028561282           0.007652077 1.0028576     1.0033807
10      -0.0098682522           0.006405516 1.0142317     1.0145240
11      -0.0001294641           0.007001313 1.0186766     1.0194956
12      -0.0053525054           0.007840675 1.0097422     1.0099090
13       0.0063239626           0.005943103 1.0111814     1.0119961
14       0.0043852523           0.007053876 1.0066280     1.0072118
15       0.0034571288           0.007084683 1.0113258     1.0118503
16       0.0108864789           0.006493711 1.0095344     1.0098232
17       0.0037858063           0.006081439 1.0086438     1.0087314
18       0.0024870983           0.006426460 1.0204900     1.0213377
19       0.0061496009           0.006462762 1.0195718     1.0198986
20      -0.0038824744           0.006268027 1.0016987     1.0021666
21       0.0061681301           0.007738364 1.0127749     1.0133946
22      -0.0024967743           0.007076324 1.0067802     1.0069354
23       0.0178929350           0.007464330 1.0079160     1.0085241
24      -0.0055239379           0.007291253 0.9963666     0.9971066
25       0.0056980742           0.006347512 1.0071273     1.0074794
26      -0.0024983854           0.006585699 1.0130561     1.0130046
27      -0.0046753292           0.006700755 1.0063475     1.0066310
28      -0.0036914808           0.007160582 1.0204359     1.0212191
29      -0.0277319689           0.008146689 1.0102067     1.0096360
30      -0.0422407133           0.007028700 1.0032750     1.0027162
31      -0.0350318793           0.007623443 1.0142574     1.0138458
32      -0.0348431956           0.007240653 1.0259170     1.0259106
33      -0.1338033038           0.009913906 1.0520868     1.0327090
34      -0.1035725282           0.008198274 1.0482221     1.0258559
35      -0.0904252593           0.006875200 1.0469411     1.0243971
36      -0.0896707695           0.008307741 1.0543677     1.0327785
37      -0.3314999087           0.010862567 1.3582092     1.0962918
38      -0.2346647045           0.010706711 1.3226195     1.0893945
39      -0.1943071293           0.008780101 1.3487088     1.0961075
40      -0.1813309937           0.009487218 1.3424267     1.1040644
41      -0.0047375144           0.006790273 1.0136692     1.0140384
42      -0.0019234038           0.006577579 0.9986823     0.9996561
43       0.0037050279           0.007285578 1.0094598     1.0099589
44       0.0025411951           0.006993028 1.0041880     1.0047133
45      -0.0141206736           0.006821873 1.0194700     1.0199971
46      -0.0106333987           0.007052385 1.0052930     1.0056304
47      -0.0007397987           0.007187640 1.0185866     1.0190900
48      -0.0028661308           0.007471941 1.0031531     1.0034855
49      -0.0730120519           0.007597140 1.0173481     1.0149645
50      -0.0783132328           0.007562388 1.0180119     1.0158353
51      -0.0604514820           0.007842525 1.0137425     1.0115561
52      -0.0764113103           0.007495019 1.0219599     1.0199670
53      -0.2503794617           0.009718569 1.1439034     1.0902944
54      -0.2019111267           0.009278379 1.1259046     1.0714832
55      -0.2005334211           0.009119683 1.1378758     1.0812721
56      -0.1903799919           0.008438469 1.1269173     1.0735389
57      -0.5467756261           0.015268332 1.8325539     1.4580255
58      -0.4599789049           0.016807622 1.7931239     1.4292479
59      -0.4536609233           0.016692211 1.7982577     1.4365531
60      -0.4667942847           0.017110514 1.8177920     1.4566095
61       0.0112486126           0.007226909 1.0143008     1.0148607
62       0.0016186172           0.006657247 1.0184781     1.0190686
63       0.0079653875           0.008094318 1.0152873     1.0158441
64       0.0072802971           0.007122193 1.0077172     1.0081610
65      -0.0039654778           0.006712986 1.0133199     1.0134248
66      -0.0062213999           0.006815242 1.0031210     1.0038551
67      -0.0094697042           0.006871163 1.0046492     1.0051776
68      -0.0134935125           0.007042980 1.0138529     1.0142711
69      -0.1204917578           0.008672999 1.0329240     1.0297178
70      -0.1132100175           0.008498124 1.0239529     1.0199684
71      -0.1244458488           0.006679869 1.0307639     1.0270659
72      -0.1116245846           0.007957342 1.0303220     1.0262268
73      -0.3459231824           0.011606823 1.2206500     1.1496975
74      -0.3116321712           0.010285490 1.2226856     1.1504652
75      -0.3077749584           0.010101616 1.2399017     1.1656575
76      -0.2973002740           0.012062331 1.2534907     1.1789262
77      -0.7891088722           0.018205554 2.2396767     1.9879012
78      -0.7386290637           0.018192026 2.2043884     1.9455081
79      -0.7596758419           0.018254562 2.2071783     1.9490950
80      -0.7560902529           0.023867565 2.1590544     1.9040585
81      -0.0052759189           0.006866448 1.0127160     1.0134857
82       0.0025604764           0.007558650 1.0159166     1.0163510
83       0.0024364989           0.005779251 1.0092653     1.0097510
84       0.0013178047           0.006077240 1.0155697     1.0166472
85      -0.0102385923           0.008143819 1.0122241     1.0129144
86      -0.0100736283           0.006778335 1.0078387     1.0080551
87      -0.0086024630           0.007094509 1.0064371     1.0065287
88      -0.0084935238           0.006633884 1.0084571     1.0087351
89      -0.1671072702           0.009182213 1.0411106     1.0349942
90      -0.1435144595           0.007770169 1.0426309     1.0376737
91      -0.1497029405           0.007480862 1.0456295     1.0408740
92      -0.1474292570           0.009423536 1.0535166     1.0483346
93      -0.4563732120           0.011267467 1.3328595     1.2590231
94      -0.4259434969           0.011859287 1.3767311     1.2990030
95      -0.4056294321           0.011317142 1.3362137     1.2583467
96      -0.4142090228           0.014010553 1.3401859     1.2671639
97      -1.0164968734           0.012938610 2.5374274     2.3876521
98      -0.9847710502           0.018158708 2.5666156     2.4075401
99      -0.9954766111           0.015881119 2.5334034     2.3860397
100     -1.0028396147           0.013670605 2.5338708     2.3861745
101      0.0001091492           0.007090206 1.0133488     1.0141480
102      0.0054618972           0.007775341 1.0202384     1.0205996
103      0.0078802405           0.007436256 1.0137319     1.0145610
104     -0.0033506804           0.006697089 1.0046409     1.0052500
105     -0.0051412829           0.006904428 1.0172035     1.0176971
106     -0.0033640289           0.006015639 1.0146420     1.0151053
107      0.0043589526           0.007090732 1.0127435     1.0127119
108     -0.0107626747           0.007212929 1.0050697     1.0056513
109     -0.1986526775           0.009637060 1.0636798     1.0579495
110     -0.1967466880           0.009495661 1.0683012     1.0618564
111     -0.1904922906           0.009580749 1.0621075     1.0567737
112     -0.1881029800           0.008727537 1.0653942     1.0589919
113     -0.5687363689           0.013605011 1.4745518     1.4090120
114     -0.5283591485           0.013289410 1.4533966     1.3852548
115     -0.5323692006           0.012320521 1.4397762     1.3768399
116     -0.5266494048           0.012845786 1.4471715     1.3811785
117     -1.1845762017           0.012914549 2.7818542     2.6972003
118     -1.1487165038           0.014078527 2.7950116     2.7058247
119     -1.1661518577           0.016217283 2.8164369     2.7251645
120     -1.1821465691           0.013133446 2.8089555     2.7228501
    robust_mm_mspe robust_s_mspe ols_diag_mspe
1        1.0093405      1.035503     1.0131875
2        1.0247898      1.052055     1.0273106
3        1.0120896      1.040695     1.0148623
4        1.0083118      1.031872     1.0095235
5        1.0150322      1.040898     1.0173842
6        1.0054237      1.026169     1.0081688
7        1.0090081      1.033826     1.0122857
8        1.0134656      1.039177     1.0158386
9        1.0035028      1.034645     1.0072751
10       1.0145019      1.036996     1.0175474
11       1.0196436      1.045222     1.0215423
12       1.0099185      1.034326     1.0128150
13       1.0123065      1.036118     1.0146030
14       1.0072965      1.031828     1.0095339
15       1.0115521      1.035916     1.0133829
16       1.0099156      1.035498     1.0122954
17       1.0087706      1.029066     1.0108920
18       1.0213784      1.047933     1.0244692
19       1.0203170      1.046908     1.0221536
20       1.0021610      1.026619     1.0042617
21       1.0134374      1.038733     1.0175879
22       1.0069210      1.030695     1.0103407
23       1.0085741      1.038937     1.0106527
24       0.9971607      1.022279     0.9989255
25       1.0075115      1.030208     1.0114507
26       1.0131721      1.037622     1.0150164
27       1.0067175      1.026842     1.0086937
28       1.0212756      1.041685     1.0235934
29       1.0094596      1.030814     1.0128375
30       1.0026317      1.024051     1.0056344
31       1.0137035      1.036415     1.0159115
32       1.0259719      1.053559     1.0272914
33       1.0283721      1.049815     1.0403534
34       1.0209284      1.038412     1.0285917
35       1.0192342      1.039163     1.0216472
36       1.0273947      1.046710     1.0271891
37       1.0230537      1.030107     1.1242665
38       1.0207445      1.025962     1.0612607
39       1.0234713      1.029516     1.0497996
40       1.0337523      1.043802     1.0522758
41       1.0141864      1.038019     1.0163654
42       0.9999771      1.024833     1.0035360
43       1.0103033      1.032255     1.0137101
44       1.0046645      1.027433     1.0076133
45       1.0199695      1.045052     1.0230252
46       1.0057621      1.034739     1.0085422
47       1.0190325      1.044704     1.0215674
48       1.0034118      1.028624     1.0062906
49       1.0147245      1.038688     1.0194039
50       1.0157886      1.037939     1.0171677
51       1.0116247      1.037400     1.0122382
52       1.0198402      1.047424     1.0204633
53       1.0750741      1.061382     1.0926846
54       1.0567421      1.041457     1.0540006
55       1.0651938      1.039535     1.0544451
56       1.0588192      1.039234     1.0457476
57       1.1677913      1.040702     1.3360711
58       1.1628520      1.031092     1.2310883
59       1.1755339      1.038628     1.2214958
60       1.1687673      1.026299     1.2379541
61       1.0147915      1.040965     1.0176207
62       1.0191037      1.044737     1.0232626
63       1.0158903      1.041853     1.0176318
64       1.0080651      1.036060     1.0103439
65       1.0133007      1.035634     1.0159642
66       1.0038258      1.030843     1.0076183
67       1.0052946      1.031855     1.0077962
68       1.0142970      1.040413     1.0166417
69       1.0293769      1.052314     1.0332023
70       1.0194031      1.037388     1.0203767
71       1.0266530      1.045041     1.0261928
72       1.0259269      1.050783     1.0248791
73       1.1326774      1.052259     1.1340337
74       1.1316224      1.055202     1.1056511
75       1.1457780      1.069671     1.1173808
76       1.1570497      1.085043     1.1271997
77       1.7203056      1.056250     1.6803576
78       1.6941962      1.058705     1.5833113
79       1.6918177      1.057524     1.6035957
80       1.6511323      1.048249     1.5938363
81       1.0133431      1.036311     1.0156320
82       1.0163964      1.040565     1.0202116
83       1.0098093      1.034586     1.0118082
84       1.0166304      1.041523     1.0188171
85       1.0129048      1.040833     1.0173476
86       1.0079938      1.033431     1.0113874
87       1.0067338      1.030727     1.0088711
88       1.0087355      1.035175     1.0109067
89       1.0343136      1.045393     1.0362093
90       1.0375126      1.053340     1.0371503
91       1.0406703      1.056363     1.0395802
92       1.0477642      1.057346     1.0462494
93       1.2420403      1.104435     1.2249936
94       1.2815818      1.127518     1.2206781
95       1.2381884      1.099831     1.1848571
96       1.2491766      1.109526     1.1980931
97       2.3001234      1.157127     2.0669129
98       2.3062300      1.162299     2.0308963
99       2.3013611      1.182462     2.0261222
100      2.2979568      1.186990     2.0423531
101      1.0141203      1.041198     1.0171683
102      1.0208152      1.044691     1.0236998
103      1.0145996      1.038921     1.0168601
104      1.0052604      1.029783     1.0075703
105      1.0177272      1.045992     1.0219859
106      1.0150930      1.038926     1.0173332
107      1.0128913      1.038841     1.0153031
108      1.0056136      1.030107     1.0080866
109      1.0574406      1.066802     1.0583971
110      1.0617654      1.072298     1.0583965
111      1.0566191      1.072377     1.0539126
112      1.0586210      1.069932     1.0553267
113      1.3943661      1.205895     1.3481149
114      1.3732497      1.167534     1.3009235
115      1.3674026      1.175311     1.3007281
116      1.3687382      1.168564     1.2970848
117      2.6677427      1.729802     2.4216884
118      2.6721297      1.691933     2.3755370
119      2.6917946      1.774319     2.4223214
120      2.7007750      1.715595     2.4412907
